[2018-08-31 10:25:24] DEBUG [libs.Utility:28] List of devices attached

[2018-08-31 10:25:24] DEBUG [libs.Utility:28] 8f69c4ae	device

[2018-08-31 10:25:24] DEBUG [libs.Utility:28] 

[2018-08-31 10:25:24] DEBUG [libs.Utility:28] List of devices attached

[2018-08-31 10:25:24] DEBUG [libs.Utility:28] 8f69c4ae	device

[2018-08-31 10:25:24] DEBUG [libs.Utility:28] 

[2018-08-31 10:25:25] DEBUG [libs.ThreadManager:43] STATE     |                                              NAME
[2018-08-31 10:25:25] DEBUG [libs.ThreadManager:94] STARTED   |                                 __refresh_devices
[2018-08-31 10:25:25] DEBUG [libs.Utility:28] List of devices attached

[2018-08-31 10:25:25] DEBUG [libs.Utility:28] 8f69c4ae	device

[2018-08-31 10:25:25] DEBUG [libs.Utility:28] 

[2018-08-31 10:25:26] DEBUG [libs.ThreadManager:43] STATE     |                                              NAME
[2018-08-31 10:25:26] DEBUG [libs.ThreadManager:45] DONE      |                                 __refresh_devices
[2018-08-31 10:25:26] DEBUG [libs.ThreadManager:94] STARTED   |                                 __refresh_devices
[2018-08-31 10:25:26] DEBUG [libs.Utility:28] List of devices attached

[2018-08-31 10:25:26] DEBUG [libs.Utility:28] 8f69c4ae	device

[2018-08-31 10:25:26] DEBUG [libs.Utility:28] 

[2018-08-31 10:25:27] DEBUG [libs.ThreadManager:43] STATE     |                                              NAME
[2018-08-31 10:25:27] DEBUG [libs.ThreadManager:45] DONE      |                                 __refresh_devices
[2018-08-31 10:25:27] DEBUG [libs.ThreadManager:94] STARTED   |                                 __refresh_devices
[2018-08-31 10:25:27] DEBUG [libs.Utility:28] List of devices attached

[2018-08-31 10:25:27] DEBUG [libs.Utility:28] 8f69c4ae	device

[2018-08-31 10:25:27] DEBUG [libs.Utility:28] 

