[2018-08-28 16:01:20] DEBUG [libs.Utility:27] List of devices attached

[2018-08-28 16:01:20] DEBUG [libs.Utility:27] 8f69c4ae	device

[2018-08-28 16:01:20] DEBUG [libs.Utility:27] 

[2018-08-28 16:01:20] DEBUG [libs.Utility:27] List of devices attached

[2018-08-28 16:01:20] DEBUG [libs.Utility:27] 8f69c4ae	device

[2018-08-28 16:01:20] DEBUG [libs.Utility:27] 

[2018-08-28 16:01:22] DEBUG [libs.ThreadManager:43] STATE     |                                              NAME
[2018-08-28 16:01:22] DEBUG [libs.ThreadManager:94] STARTED   |                                 update_8020_state
[2018-08-28 16:01:22] DEBUG [libs.Notebook.AR8020:149] check the AR 8020 state in device:8f69c4ae
[2018-08-28 16:01:25] DEBUG [libs.Notebook.AR8020:149] check the AR 8020 state in device:8f69c4ae
[2018-08-28 16:01:26] DEBUG [libs.Notebook.AR8020:149] check the AR 8020 state in device:8f69c4ae
[2018-08-28 16:01:27] DEBUG [libs.Notebook.AR8020:149] check the AR 8020 state in device:8f69c4ae
[2018-08-28 16:01:27] DEBUG [libs.Notebook.AR8020:149] check the AR 8020 state in device:8f69c4ae
[2018-08-28 16:01:29] DEBUG [libs.ThreadManager:43] STATE     |                                              NAME
[2018-08-28 16:01:29] DEBUG [libs.ThreadManager:45] DONE      |                                 update_8020_state
[2018-08-28 16:01:29] DEBUG [libs.ThreadManager:94] STARTED   |                                           refresh
[2018-08-28 16:01:29] DEBUG [libs.Utility:27] List of devices attached

[2018-08-28 16:01:29] DEBUG [libs.Utility:27] 8f69c4ae	device

[2018-08-28 16:01:29] DEBUG [libs.Utility:27] 

[2018-08-28 16:01:30] DEBUG [libs.ThreadManager:43] STATE     |                                              NAME
[2018-08-28 16:01:30] DEBUG [libs.ThreadManager:45] DONE      |                                 update_8020_state
[2018-08-28 16:01:30] DEBUG [libs.ThreadManager:45] DONE      |                                           refresh
[2018-08-28 16:01:30] DEBUG [libs.ThreadManager:94] STARTED   |                                 update_8020_state
[2018-08-28 16:01:30] DEBUG [libs.Notebook.AR8020:149] check the AR 8020 state in device:8f69c4ae
[2018-08-28 16:01:32] DEBUG [libs.Notebook.AR8020:149] check the AR 8020 state in device:8f69c4ae
[2018-08-28 16:01:33] DEBUG [libs.ThreadManager:43] STATE     |                                              NAME
[2018-08-28 16:01:33] DEBUG [libs.ThreadManager:45] DONE      |                                 update_8020_state
[2018-08-28 16:01:33] DEBUG [libs.ThreadManager:45] DONE      |                                           refresh
[2018-08-28 16:01:33] DEBUG [libs.ThreadManager:94] STARTED   |                                           refresh
[2018-08-28 16:01:33] DEBUG [libs.Utility:27] List of devices attached

[2018-08-28 16:01:33] DEBUG [libs.Utility:27] 8f69c4ae	device

[2018-08-28 16:01:33] DEBUG [libs.Utility:27] 

[2018-08-28 16:01:34] DEBUG [libs.ThreadManager:43] STATE     |                                              NAME
[2018-08-28 16:01:34] DEBUG [libs.ThreadManager:45] DONE      |                                 update_8020_state
[2018-08-28 16:01:34] DEBUG [libs.ThreadManager:45] DONE      |                                           refresh
[2018-08-28 16:01:34] DEBUG [libs.ThreadManager:94] STARTED   |                                 update_8020_state
[2018-08-28 16:01:34] DEBUG [libs.Notebook.AR8020:149] check the AR 8020 state in device:8f69c4ae
[2018-08-28 16:01:39] DEBUG [libs.Notebook.AR8020:149] check the AR 8020 state in device:8f69c4ae
[2018-08-28 16:01:40] DEBUG [libs.Notebook.AR8020:149] check the AR 8020 state in device:8f69c4ae
[2018-08-28 16:01:41] DEBUG [libs.Notebook.AR8020:149] check the AR 8020 state in device:8f69c4ae
[2018-08-28 16:01:42] DEBUG [libs.Notebook.AR8020:149] check the AR 8020 state in device:8f69c4ae
[2018-08-28 16:01:44] DEBUG [libs.Notebook.AR8020:149] check the AR 8020 state in device:8f69c4ae
[2018-08-28 16:01:45] DEBUG [libs.Notebook.AR8020:149] check the AR 8020 state in device:8f69c4ae
[2018-08-28 16:01:48] DEBUG [libs.Notebook.AR8020:149] check the AR 8020 state in device:8f69c4ae
[2018-08-28 16:01:51] DEBUG [libs.Notebook.AR8020:149] check the AR 8020 state in device:8f69c4ae
