[2018-08-10 11:16:11] DEBUG [libs.Utility:27] List of devices attached

[2018-08-10 11:16:11] DEBUG [libs.Utility:27] 8f69c4b1	device

[2018-08-10 11:16:11] DEBUG [libs.Utility:27] 

[2018-08-10 11:16:12] DEBUG [libs.ThreadManager:43] STATE     |                                              NAME
[2018-08-10 11:16:13] DEBUG [libs.ThreadManager:94] STARTED   |                                           refresh
[2018-08-10 11:16:13] DEBUG [libs.Utility:27] List of devices attached

[2018-08-10 11:16:13] DEBUG [libs.Utility:27] 8f69c4b1	device

[2018-08-10 11:16:13] DEBUG [libs.Utility:27] 

[2018-08-10 11:16:23] DEBUG [libs.ThreadManager:43] STATE     |                                              NAME
[2018-08-10 11:16:23] DEBUG [libs.ThreadManager:45] DONE      |                                           refresh
[2018-08-10 11:16:23] DEBUG [libs.ThreadManager:94] STARTED   |                                           refresh
[2018-08-10 11:16:23] DEBUG [libs.Utility:27] List of devices attached

[2018-08-10 11:16:23] DEBUG [libs.Utility:27] 8f1bdd77	device

[2018-08-10 11:16:23] DEBUG [libs.Utility:27] 8f69c4b1	device

[2018-08-10 11:16:23] DEBUG [libs.Utility:27] 

[2018-08-10 11:16:24] DEBUG [libs.ThreadManager:43] STATE     |                                              NAME
[2018-08-10 11:16:24] DEBUG [libs.ThreadManager:45] DONE      |                                           refresh
[2018-08-10 11:16:24] DEBUG [libs.ThreadManager:94] STARTED   |                                 update_8020_state
[2018-08-10 11:16:24] DEBUG [libs.Notebook.AR8020:130] check the AR 8020 state in device:8f1bdd77
[2018-08-10 11:16:24] DEBUG [libs.ThreadManager:43] STATE     |                                              NAME
[2018-08-10 11:16:24] DEBUG [libs.ThreadManager:45] DONE      |                                 update_8020_state
[2018-08-10 11:16:24] DEBUG [libs.ThreadManager:45] DONE      |                                           refresh
[2018-08-10 11:16:24] DEBUG [libs.ThreadManager:94] STARTED   |                                 update_8020_state
[2018-08-10 11:16:24] DEBUG [libs.Notebook.AR8020:130] check the AR 8020 state in device:8f69c4b1
[2018-08-10 11:16:25] DEBUG [libs.ThreadManager:43] STATE     |                                              NAME
[2018-08-10 11:16:25] DEBUG [libs.ThreadManager:45] DONE      |                                 update_8020_state
[2018-08-10 11:16:25] DEBUG [libs.ThreadManager:45] DONE      |                                           refresh
[2018-08-10 11:16:25] DEBUG [libs.ThreadManager:94] STARTED   |                                 update_8020_state
[2018-08-10 11:16:25] DEBUG [libs.Notebook.AR8020:130] check the AR 8020 state in device:8f1bdd77
[2018-08-10 11:16:29] DEBUG [libs.ThreadManager:43] STATE     |                                              NAME
[2018-08-10 11:16:29] DEBUG [libs.ThreadManager:45] DONE      |                                 update_8020_state
[2018-08-10 11:16:29] DEBUG [libs.ThreadManager:45] DONE      |                                           refresh
[2018-08-10 11:16:29] DEBUG [libs.ThreadManager:94] STARTED   |                                 update_8020_state
[2018-08-10 11:16:29] DEBUG [libs.Notebook.AR8020:130] check the AR 8020 state in device:8f69c4b1
[2018-08-10 11:16:30] DEBUG [libs.ThreadManager:43] STATE     |                                              NAME
[2018-08-10 11:16:30] DEBUG [libs.ThreadManager:45] DONE      |                                 update_8020_state
[2018-08-10 11:16:30] DEBUG [libs.ThreadManager:45] DONE      |                                           refresh
[2018-08-10 11:16:30] DEBUG [libs.ThreadManager:94] STARTED   |                                 update_8020_state
[2018-08-10 11:16:30] DEBUG [libs.Notebook.AR8020:130] check the AR 8020 state in device:8f1bdd77
[2018-08-10 11:16:31] DEBUG [libs.ThreadManager:43] STATE     |                                              NAME
[2018-08-10 11:16:31] DEBUG [libs.ThreadManager:45] DONE      |                                 update_8020_state
[2018-08-10 11:16:31] DEBUG [libs.ThreadManager:45] DONE      |                                           refresh
[2018-08-10 11:16:31] DEBUG [libs.ThreadManager:94] STARTED   |                                 update_8020_state
[2018-08-10 11:16:31] DEBUG [libs.Notebook.AR8020:130] check the AR 8020 state in device:8f69c4b1
[2018-08-10 11:16:31] DEBUG [libs.ThreadManager:43] STATE     |                                              NAME
[2018-08-10 11:16:31] DEBUG [libs.ThreadManager:45] DONE      |                                 update_8020_state
[2018-08-10 11:16:31] DEBUG [libs.ThreadManager:45] DONE      |                                           refresh
[2018-08-10 11:16:31] DEBUG [libs.ThreadManager:94] STARTED   |                                 update_8020_state
[2018-08-10 11:16:31] DEBUG [libs.Notebook.AR8020:130] check the AR 8020 state in device:8f1bdd77
[2018-08-10 11:16:32] DEBUG [libs.ThreadManager:43] STATE     |                                              NAME
[2018-08-10 11:16:32] DEBUG [libs.ThreadManager:45] DONE      |                                 update_8020_state
[2018-08-10 11:16:32] DEBUG [libs.ThreadManager:45] DONE      |                                           refresh
[2018-08-10 11:16:32] DEBUG [libs.ThreadManager:94] STARTED   |                                 update_8020_state
[2018-08-10 11:16:32] DEBUG [libs.Notebook.AR8020:130] check the AR 8020 state in device:8f69c4b1
[2018-08-10 11:16:32] DEBUG [libs.ThreadManager:43] STATE     |                                              NAME
[2018-08-10 11:16:32] DEBUG [libs.ThreadManager:45] DONE      |                                 update_8020_state
[2018-08-10 11:16:32] DEBUG [libs.ThreadManager:45] DONE      |                                           refresh
[2018-08-10 11:16:32] DEBUG [libs.ThreadManager:94] STARTED   |                                 update_8020_state
[2018-08-10 11:16:32] DEBUG [libs.Notebook.AR8020:130] check the AR 8020 state in device:8f1bdd77
[2018-08-10 11:16:33] DEBUG [libs.ThreadManager:43] STATE     |                                              NAME
[2018-08-10 11:16:33] DEBUG [libs.ThreadManager:45] DONE      |                                 update_8020_state
[2018-08-10 11:16:33] DEBUG [libs.ThreadManager:45] DONE      |                                           refresh
[2018-08-10 11:16:33] DEBUG [libs.ThreadManager:94] STARTED   |                                 update_8020_state
[2018-08-10 11:16:33] DEBUG [libs.Notebook.AR8020:130] check the AR 8020 state in device:8f69c4b1
[2018-08-10 11:16:33] DEBUG [libs.ThreadManager:43] STATE     |                                              NAME
[2018-08-10 11:16:33] DEBUG [libs.ThreadManager:45] DONE      |                                 update_8020_state
[2018-08-10 11:16:33] DEBUG [libs.ThreadManager:45] DONE      |                                           refresh
[2018-08-10 11:16:33] DEBUG [libs.ThreadManager:94] STARTED   |                                 update_8020_state
[2018-08-10 11:16:33] DEBUG [libs.Notebook.AR8020:130] check the AR 8020 state in device:8f1bdd77
[2018-08-10 11:16:33] DEBUG [libs.ThreadManager:43] STATE     |                                              NAME
[2018-08-10 11:16:33] DEBUG [libs.ThreadManager:45] DONE      |                                 update_8020_state
[2018-08-10 11:16:33] DEBUG [libs.ThreadManager:45] DONE      |                                           refresh
[2018-08-10 11:16:33] DEBUG [libs.ThreadManager:94] STARTED   |                                 update_8020_state
[2018-08-10 11:16:33] DEBUG [libs.Notebook.AR8020:130] check the AR 8020 state in device:8f69c4b1
[2018-08-10 11:16:34] DEBUG [libs.ThreadManager:43] STATE     |                                              NAME
[2018-08-10 11:16:34] DEBUG [libs.ThreadManager:45] DONE      |                                 update_8020_state
[2018-08-10 11:16:34] DEBUG [libs.ThreadManager:45] DONE      |                                           refresh
[2018-08-10 11:16:34] DEBUG [libs.ThreadManager:94] STARTED   |                                 update_8020_state
[2018-08-10 11:16:34] DEBUG [libs.Notebook.AR8020:130] check the AR 8020 state in device:8f1bdd77
[2018-08-10 11:16:34] DEBUG [libs.ThreadManager:43] STATE     |                                              NAME
[2018-08-10 11:16:34] DEBUG [libs.ThreadManager:45] DONE      |                                 update_8020_state
[2018-08-10 11:16:34] DEBUG [libs.ThreadManager:45] DONE      |                                           refresh
[2018-08-10 11:16:34] DEBUG [libs.ThreadManager:94] STARTED   |                                 update_8020_state
[2018-08-10 11:16:34] DEBUG [libs.Notebook.AR8020:130] check the AR 8020 state in device:8f69c4b1
[2018-08-10 11:16:35] DEBUG [libs.ThreadManager:43] STATE     |                                              NAME
[2018-08-10 11:16:35] DEBUG [libs.ThreadManager:45] DONE      |                                 update_8020_state
[2018-08-10 11:16:35] DEBUG [libs.ThreadManager:45] DONE      |                                           refresh
[2018-08-10 11:16:35] DEBUG [libs.ThreadManager:94] STARTED   |                                 update_8020_state
[2018-08-10 11:16:35] DEBUG [libs.Notebook.AR8020:130] check the AR 8020 state in device:8f1bdd77
[2018-08-10 11:16:35] DEBUG [libs.ThreadManager:43] STATE     |                                              NAME
[2018-08-10 11:16:35] DEBUG [libs.ThreadManager:45] DONE      |                                 update_8020_state
[2018-08-10 11:16:35] DEBUG [libs.ThreadManager:45] DONE      |                                           refresh
[2018-08-10 11:16:35] DEBUG [libs.ThreadManager:94] STARTED   |                                 update_8020_state
[2018-08-10 11:16:35] DEBUG [libs.Notebook.AR8020:130] check the AR 8020 state in device:8f69c4b1
[2018-08-10 11:16:35] DEBUG [libs.ThreadManager:43] STATE     |                                              NAME
[2018-08-10 11:16:35] DEBUG [libs.ThreadManager:45] DONE      |                                 update_8020_state
[2018-08-10 11:16:35] DEBUG [libs.ThreadManager:45] DONE      |                                           refresh
[2018-08-10 11:16:35] DEBUG [libs.ThreadManager:94] STARTED   |                                 update_8020_state
[2018-08-10 11:16:35] DEBUG [libs.Notebook.AR8020:130] check the AR 8020 state in device:8f1bdd77
[2018-08-10 11:16:36] DEBUG [libs.ThreadManager:43] STATE     |                                              NAME
[2018-08-10 11:16:36] DEBUG [libs.ThreadManager:45] DONE      |                                 update_8020_state
[2018-08-10 11:16:36] DEBUG [libs.ThreadManager:45] DONE      |                                           refresh
[2018-08-10 11:16:36] DEBUG [libs.ThreadManager:94] STARTED   |                                 update_8020_state
[2018-08-10 11:16:36] DEBUG [libs.Notebook.AR8020:130] check the AR 8020 state in device:8f69c4b1
[2018-08-10 11:16:36] DEBUG [libs.ThreadManager:43] STATE     |                                              NAME
[2018-08-10 11:16:36] DEBUG [libs.ThreadManager:45] DONE      |                                 update_8020_state
[2018-08-10 11:16:36] DEBUG [libs.ThreadManager:45] DONE      |                                           refresh
[2018-08-10 11:16:36] DEBUG [libs.ThreadManager:94] STARTED   |                                 update_8020_state
[2018-08-10 11:16:36] DEBUG [libs.Notebook.AR8020:130] check the AR 8020 state in device:8f1bdd77
[2018-08-10 11:16:37] DEBUG [libs.ThreadManager:43] STATE     |                                              NAME
[2018-08-10 11:16:37] DEBUG [libs.ThreadManager:45] DONE      |                                 update_8020_state
[2018-08-10 11:16:37] DEBUG [libs.ThreadManager:45] DONE      |                                           refresh
[2018-08-10 11:16:37] DEBUG [libs.ThreadManager:94] STARTED   |                                 update_8020_state
[2018-08-10 11:16:37] DEBUG [libs.Notebook.AR8020:130] check the AR 8020 state in device:8f69c4b1
[2018-08-10 11:16:37] DEBUG [libs.ThreadManager:43] STATE     |                                              NAME
[2018-08-10 11:16:37] DEBUG [libs.ThreadManager:45] DONE      |                                 update_8020_state
[2018-08-10 11:16:37] DEBUG [libs.ThreadManager:45] DONE      |                                           refresh
[2018-08-10 11:16:37] DEBUG [libs.ThreadManager:94] STARTED   |                                 update_8020_state
[2018-08-10 11:16:37] DEBUG [libs.Notebook.AR8020:130] check the AR 8020 state in device:8f1bdd77
[2018-08-10 11:16:37] DEBUG [libs.ThreadManager:43] STATE     |                                              NAME
[2018-08-10 11:16:37] DEBUG [libs.ThreadManager:45] DONE      |                                 update_8020_state
[2018-08-10 11:16:37] DEBUG [libs.ThreadManager:45] DONE      |                                           refresh
[2018-08-10 11:16:37] DEBUG [libs.ThreadManager:94] STARTED   |                                 update_8020_state
[2018-08-10 11:16:37] DEBUG [libs.Notebook.AR8020:130] check the AR 8020 state in device:8f69c4b1
[2018-08-10 11:16:38] DEBUG [libs.ThreadManager:43] STATE     |                                              NAME
[2018-08-10 11:16:38] DEBUG [libs.ThreadManager:45] DONE      |                                 update_8020_state
[2018-08-10 11:16:38] DEBUG [libs.ThreadManager:45] DONE      |                                           refresh
[2018-08-10 11:16:38] DEBUG [libs.ThreadManager:94] STARTED   |                                 update_8020_state
[2018-08-10 11:16:38] DEBUG [libs.Notebook.AR8020:130] check the AR 8020 state in device:8f1bdd77
[2018-08-10 11:16:38] DEBUG [libs.ThreadManager:43] STATE     |                                              NAME
[2018-08-10 11:16:38] DEBUG [libs.ThreadManager:45] DONE      |                                 update_8020_state
[2018-08-10 11:16:38] DEBUG [libs.ThreadManager:45] DONE      |                                           refresh
[2018-08-10 11:16:38] DEBUG [libs.ThreadManager:94] STARTED   |                                 update_8020_state
[2018-08-10 11:16:38] DEBUG [libs.Notebook.AR8020:130] check the AR 8020 state in device:8f69c4b1
[2018-08-10 11:16:39] DEBUG [libs.ThreadManager:43] STATE     |                                              NAME
[2018-08-10 11:16:39] DEBUG [libs.ThreadManager:45] DONE      |                                 update_8020_state
[2018-08-10 11:16:39] DEBUG [libs.ThreadManager:45] DONE      |                                           refresh
[2018-08-10 11:16:39] DEBUG [libs.ThreadManager:94] STARTED   |                                 update_8020_state
[2018-08-10 11:16:39] DEBUG [libs.Notebook.AR8020:130] check the AR 8020 state in device:8f1bdd77
[2018-08-10 11:16:43] DEBUG [libs.ThreadManager:43] STATE     |                                              NAME
[2018-08-10 11:16:43] DEBUG [libs.ThreadManager:45] DONE      |                                 update_8020_state
[2018-08-10 11:16:43] DEBUG [libs.ThreadManager:45] DONE      |                                           refresh
[2018-08-10 11:16:43] DEBUG [libs.ThreadManager:94] STARTED   |                                 update_8020_state
[2018-08-10 11:16:43] DEBUG [libs.Notebook.AR8020:130] check the AR 8020 state in device:8f69c4b1
[2018-08-10 11:16:43] DEBUG [libs.ThreadManager:43] STATE     |                                              NAME
[2018-08-10 11:16:43] DEBUG [libs.ThreadManager:45] DONE      |                                 update_8020_state
[2018-08-10 11:16:43] DEBUG [libs.ThreadManager:45] DONE      |                                           refresh
[2018-08-10 11:16:43] DEBUG [libs.ThreadManager:94] STARTED   |                                 update_8020_state
[2018-08-10 11:16:43] DEBUG [libs.Notebook.AR8020:130] check the AR 8020 state in device:8f1bdd77
[2018-08-10 11:16:44] DEBUG [libs.ThreadManager:43] STATE     |                                              NAME
[2018-08-10 11:16:44] DEBUG [libs.ThreadManager:45] DONE      |                                 update_8020_state
[2018-08-10 11:16:44] DEBUG [libs.ThreadManager:45] DONE      |                                           refresh
[2018-08-10 11:16:44] DEBUG [libs.ThreadManager:94] STARTED   |                                 update_8020_state
[2018-08-10 11:16:44] DEBUG [libs.Notebook.AR8020:130] check the AR 8020 state in device:8f69c4b1
[2018-08-10 11:16:45] DEBUG [libs.ThreadManager:43] STATE     |                                              NAME
[2018-08-10 11:16:45] DEBUG [libs.ThreadManager:45] DONE      |                                 update_8020_state
[2018-08-10 11:16:45] DEBUG [libs.ThreadManager:45] DONE      |                                           refresh
[2018-08-10 11:16:45] DEBUG [libs.ThreadManager:94] STARTED   |                                 update_8020_state
[2018-08-10 11:16:45] DEBUG [libs.Notebook.AR8020:130] check the AR 8020 state in device:8f1bdd77
