[2018-09-04 10:17:17] DEBUG [libs.Utility:28] List of devices attached

[2018-09-04 10:17:17] DEBUG [libs.Utility:28] 

[2018-09-04 10:37:59] DEBUG [libs.ThreadManager:43] STATE     |                                              NAME
[2018-09-04 10:37:59] DEBUG [libs.ThreadManager:94] STARTED   |                                         Upgrade:1
[2018-09-04 10:37:59] DEBUG [libs.ThreadManager:43] STATE     |                                              NAME
[2018-09-04 10:37:59] DEBUG [libs.ThreadManager:45] RUNNING   |                                         Upgrade:1
[2018-09-04 10:37:59] DEBUG [libs.ThreadManager:94] STARTED   |                                         Upgrade:2
[2018-09-04 10:37:59] DEBUG [libs.ThreadManager:43] STATE     |                                              NAME
[2018-09-04 10:37:59] DEBUG [libs.ThreadManager:45] RUNNING   |                                         Upgrade:2
[2018-09-04 10:37:59] DEBUG [libs.ThreadManager:45] RUNNING   |                                         Upgrade:1
[2018-09-04 10:37:59] DEBUG [libs.ThreadManager:94] STARTED   |                                         Upgrade:3
[2018-09-04 10:37:59] DEBUG [libs.ThreadManager:43] STATE     |                                              NAME
[2018-09-04 10:37:59] DEBUG [libs.ThreadManager:45] RUNNING   |                                         Upgrade:3
[2018-09-04 10:37:59] DEBUG [libs.ThreadManager:45] RUNNING   |                                         Upgrade:2
[2018-09-04 10:37:59] DEBUG [libs.ThreadManager:45] RUNNING   |                                         Upgrade:1
[2018-09-04 10:37:59] DEBUG [libs.ThreadManager:94] STARTED   |                                         Upgrade:4
[2018-09-04 10:37:59] DEBUG [libs.ThreadManager:43] STATE     |                                              NAME
[2018-09-04 10:37:59] DEBUG [libs.ThreadManager:45] RUNNING   |                                         Upgrade:3
[2018-09-04 10:37:59] DEBUG [libs.ThreadManager:45] RUNNING   |                                         Upgrade:2
[2018-09-04 10:37:59] DEBUG [libs.ThreadManager:45] RUNNING   |                                         Upgrade:1
[2018-09-04 10:37:59] DEBUG [libs.ThreadManager:45] RUNNING   |                                         Upgrade:4
[2018-09-04 10:37:59] DEBUG [libs.ThreadManager:94] STARTED   |                                         Upgrade:5
[2018-09-04 10:37:59] DEBUG [libs.ThreadManager:43] STATE     |                                              NAME
[2018-09-04 10:37:59] DEBUG [libs.ThreadManager:45] RUNNING   |                                         Upgrade:3
[2018-09-04 10:37:59] DEBUG [libs.ThreadManager:45] RUNNING   |                                         Upgrade:2
[2018-09-04 10:37:59] DEBUG [libs.ThreadManager:45] RUNNING   |                                         Upgrade:1
[2018-09-04 10:37:59] DEBUG [libs.ThreadManager:45] RUNNING   |                                         Upgrade:5
[2018-09-04 10:37:59] DEBUG [libs.ThreadManager:45] RUNNING   |                                         Upgrade:4
[2018-09-04 10:37:59] DEBUG [libs.ThreadManager:94] STARTED   |                                         Upgrade:6
[2018-09-04 10:37:59] DEBUG [libs.ThreadManager:43] STATE     |                                              NAME
[2018-09-04 10:37:59] DEBUG [libs.ThreadManager:45] RUNNING   |                                         Upgrade:3
[2018-09-04 10:37:59] DEBUG [libs.ThreadManager:45] RUNNING   |                                         Upgrade:2
[2018-09-04 10:37:59] DEBUG [libs.ThreadManager:45] RUNNING   |                                         Upgrade:1
[2018-09-04 10:37:59] DEBUG [libs.ThreadManager:45] RUNNING   |                                         Upgrade:6
[2018-09-04 10:37:59] DEBUG [libs.ThreadManager:45] RUNNING   |                                         Upgrade:5
[2018-09-04 10:37:59] DEBUG [libs.ThreadManager:45] RUNNING   |                                         Upgrade:4
[2018-09-04 10:37:59] DEBUG [libs.ThreadManager:94] STARTED   |                                         Upgrade:7
[2018-09-04 10:37:59] DEBUG [libs.ThreadManager:43] STATE     |                                              NAME
[2018-09-04 10:37:59] DEBUG [libs.ThreadManager:45] RUNNING   |                                         Upgrade:3
[2018-09-04 10:37:59] DEBUG [libs.ThreadManager:45] RUNNING   |                                         Upgrade:2
[2018-09-04 10:37:59] DEBUG [libs.ThreadManager:45] RUNNING   |                                         Upgrade:1
[2018-09-04 10:37:59] DEBUG [libs.ThreadManager:45] RUNNING   |                                         Upgrade:7
[2018-09-04 10:37:59] DEBUG [libs.ThreadManager:45] RUNNING   |                                         Upgrade:6
[2018-09-04 10:37:59] DEBUG [libs.ThreadManager:45] RUNNING   |                                         Upgrade:5
[2018-09-04 10:37:59] DEBUG [libs.ThreadManager:45] RUNNING   |                                         Upgrade:4
[2018-09-04 10:37:59] DEBUG [libs.ThreadManager:94] STARTED   |                                         Upgrade:8
[2018-09-04 10:37:59] DEBUG [libs.ThreadManager:43] STATE     |                                              NAME
[2018-09-04 10:37:59] DEBUG [libs.ThreadManager:45] RUNNING   |                                         Upgrade:8
[2018-09-04 10:37:59] DEBUG [libs.ThreadManager:45] RUNNING   |                                         Upgrade:3
[2018-09-04 10:37:59] DEBUG [libs.ThreadManager:45] RUNNING   |                                         Upgrade:2
[2018-09-04 10:37:59] DEBUG [libs.ThreadManager:45] RUNNING   |                                         Upgrade:1
[2018-09-04 10:37:59] DEBUG [libs.ThreadManager:45] RUNNING   |                                         Upgrade:7
[2018-09-04 10:37:59] DEBUG [libs.ThreadManager:45] RUNNING   |                                         Upgrade:6
[2018-09-04 10:37:59] DEBUG [libs.ThreadManager:45] RUNNING   |                                         Upgrade:5
[2018-09-04 10:37:59] DEBUG [libs.ThreadManager:45] RUNNING   |                                         Upgrade:4
[2018-09-04 10:37:59] DEBUG [libs.ThreadManager:94] STARTED   |                                         Upgrade:9
[2018-09-04 10:37:59] DEBUG [libs.ThreadManager:43] STATE     |                                              NAME
[2018-09-04 10:37:59] DEBUG [libs.ThreadManager:45] RUNNING   |                                         Upgrade:9
[2018-09-04 10:37:59] DEBUG [libs.ThreadManager:45] RUNNING   |                                         Upgrade:8
[2018-09-04 10:37:59] DEBUG [libs.ThreadManager:45] RUNNING   |                                         Upgrade:3
[2018-09-04 10:37:59] DEBUG [libs.ThreadManager:45] RUNNING   |                                         Upgrade:2
[2018-09-04 10:37:59] DEBUG [libs.ThreadManager:45] RUNNING   |                                         Upgrade:1
[2018-09-04 10:37:59] DEBUG [libs.ThreadManager:45] RUNNING   |                                         Upgrade:7
[2018-09-04 10:37:59] DEBUG [libs.ThreadManager:45] RUNNING   |                                         Upgrade:6
[2018-09-04 10:37:59] DEBUG [libs.ThreadManager:45] RUNNING   |                                         Upgrade:5
[2018-09-04 10:37:59] DEBUG [libs.ThreadManager:45] RUNNING   |                                         Upgrade:4
[2018-09-04 10:37:59] DEBUG [libs.ThreadManager:94] STARTED   |                                         Upgrade:0
[2018-09-04 10:37:59] DEBUG [libs.ThreadManager:43] STATE     |                                              NAME
[2018-09-04 10:37:59] DEBUG [libs.ThreadManager:45] RUNNING   |                                         Upgrade:9
[2018-09-04 10:37:59] DEBUG [libs.ThreadManager:45] RUNNING   |                                         Upgrade:8
[2018-09-04 10:37:59] DEBUG [libs.ThreadManager:45] RUNNING   |                                         Upgrade:3
[2018-09-04 10:37:59] DEBUG [libs.ThreadManager:45] RUNNING   |                                         Upgrade:2
[2018-09-04 10:37:59] DEBUG [libs.ThreadManager:45] RUNNING   |                                         Upgrade:1
[2018-09-04 10:37:59] DEBUG [libs.ThreadManager:45] RUNNING   |                                         Upgrade:0
[2018-09-04 10:37:59] DEBUG [libs.ThreadManager:45] RUNNING   |                                         Upgrade:7
[2018-09-04 10:37:59] DEBUG [libs.ThreadManager:45] RUNNING   |                                         Upgrade:6
[2018-09-04 10:37:59] DEBUG [libs.ThreadManager:45] RUNNING   |                                         Upgrade:5
[2018-09-04 10:37:59] DEBUG [libs.ThreadManager:45] RUNNING   |                                         Upgrade:4
[2018-09-04 10:37:59] DEBUG [libs.ThreadManager:94] STARTED   |                                         Upgrade:b
[2018-09-04 10:37:59] DEBUG [libs.ThreadManager:43] STATE     |                                              NAME
[2018-09-04 10:37:59] DEBUG [libs.ThreadManager:45] RUNNING   |                                         Upgrade:b
[2018-09-04 10:37:59] DEBUG [libs.ThreadManager:45] RUNNING   |                                         Upgrade:9
[2018-09-04 10:37:59] DEBUG [libs.ThreadManager:45] RUNNING   |                                         Upgrade:8
[2018-09-04 10:37:59] DEBUG [libs.ThreadManager:45] RUNNING   |                                         Upgrade:3
[2018-09-04 10:37:59] DEBUG [libs.ThreadManager:45] RUNNING   |                                         Upgrade:2
[2018-09-04 10:37:59] DEBUG [libs.ThreadManager:45] RUNNING   |                                         Upgrade:1
[2018-09-04 10:37:59] DEBUG [libs.ThreadManager:45] RUNNING   |                                         Upgrade:0
[2018-09-04 10:37:59] DEBUG [libs.ThreadManager:45] RUNNING   |                                         Upgrade:7
[2018-09-04 10:37:59] DEBUG [libs.ThreadManager:45] RUNNING   |                                         Upgrade:6
[2018-09-04 10:37:59] DEBUG [libs.ThreadManager:45] RUNNING   |                                         Upgrade:5
[2018-09-04 10:37:59] DEBUG [libs.ThreadManager:45] RUNNING   |                                         Upgrade:4
[2018-09-04 10:37:59] DEBUG [libs.ThreadManager:94] STARTED   |                                         Upgrade:c
[2018-09-04 10:37:59] DEBUG [libs.ThreadManager:43] STATE     |                                              NAME
[2018-09-04 10:37:59] DEBUG [libs.ThreadManager:45] RUNNING   |                                         Upgrade:c
[2018-09-04 10:37:59] DEBUG [libs.ThreadManager:45] RUNNING   |                                         Upgrade:b
[2018-09-04 10:37:59] DEBUG [libs.ThreadManager:45] RUNNING   |                                         Upgrade:9
[2018-09-04 10:37:59] DEBUG [libs.ThreadManager:45] RUNNING   |                                         Upgrade:8
[2018-09-04 10:37:59] DEBUG [libs.ThreadManager:45] RUNNING   |                                         Upgrade:3
[2018-09-04 10:37:59] DEBUG [libs.ThreadManager:45] RUNNING   |                                         Upgrade:2
[2018-09-04 10:37:59] DEBUG [libs.ThreadManager:45] RUNNING   |                                         Upgrade:1
[2018-09-04 10:37:59] DEBUG [libs.ThreadManager:45] RUNNING   |                                         Upgrade:0
[2018-09-04 10:37:59] DEBUG [libs.ThreadManager:45] RUNNING   |                                         Upgrade:7
[2018-09-04 10:37:59] DEBUG [libs.ThreadManager:45] RUNNING   |                                         Upgrade:6
[2018-09-04 10:37:59] DEBUG [libs.ThreadManager:45] RUNNING   |                                         Upgrade:5
[2018-09-04 10:37:59] DEBUG [libs.ThreadManager:45] RUNNING   |                                         Upgrade:4
[2018-09-04 10:37:59] DEBUG [libs.ThreadManager:94] STARTED   |                                         Upgrade:d
[2018-09-04 10:37:59] DEBUG [libs.ThreadManager:43] STATE     |                                              NAME
[2018-09-04 10:37:59] DEBUG [libs.ThreadManager:45] RUNNING   |                                         Upgrade:c
[2018-09-04 10:37:59] DEBUG [libs.ThreadManager:45] RUNNING   |                                         Upgrade:b
[2018-09-04 10:37:59] DEBUG [libs.ThreadManager:45] RUNNING   |                                         Upgrade:d
[2018-09-04 10:37:59] DEBUG [libs.ThreadManager:45] RUNNING   |                                         Upgrade:9
[2018-09-04 10:37:59] DEBUG [libs.ThreadManager:45] RUNNING   |                                         Upgrade:8
[2018-09-04 10:37:59] DEBUG [libs.ThreadManager:45] RUNNING   |                                         Upgrade:3
[2018-09-04 10:37:59] DEBUG [libs.ThreadManager:45] RUNNING   |                                         Upgrade:2
[2018-09-04 10:37:59] DEBUG [libs.ThreadManager:45] RUNNING   |                                         Upgrade:1
[2018-09-04 10:37:59] DEBUG [libs.ThreadManager:45] RUNNING   |                                         Upgrade:0
[2018-09-04 10:37:59] DEBUG [libs.ThreadManager:45] RUNNING   |                                         Upgrade:7
[2018-09-04 10:37:59] DEBUG [libs.ThreadManager:45] RUNNING   |                                         Upgrade:6
[2018-09-04 10:37:59] DEBUG [libs.ThreadManager:45] RUNNING   |                                         Upgrade:5
[2018-09-04 10:37:59] DEBUG [libs.ThreadManager:45] RUNNING   |                                         Upgrade:4
[2018-09-04 10:37:59] DEBUG [libs.ThreadManager:94] STARTED   |                                         Upgrade:e
[2018-09-04 10:37:59] DEBUG [libs.ThreadManager:43] STATE     |                                              NAME
[2018-09-04 10:37:59] DEBUG [libs.ThreadManager:45] RUNNING   |                                         Upgrade:c
[2018-09-04 10:37:59] DEBUG [libs.ThreadManager:45] RUNNING   |                                         Upgrade:b
[2018-09-04 10:37:59] DEBUG [libs.ThreadManager:45] RUNNING   |                                         Upgrade:e
[2018-09-04 10:37:59] DEBUG [libs.ThreadManager:45] RUNNING   |                                         Upgrade:d
[2018-09-04 10:37:59] DEBUG [libs.ThreadManager:45] RUNNING   |                                         Upgrade:9
[2018-09-04 10:37:59] DEBUG [libs.ThreadManager:45] RUNNING   |                                         Upgrade:8
[2018-09-04 10:37:59] DEBUG [libs.ThreadManager:45] RUNNING   |                                         Upgrade:3
[2018-09-04 10:37:59] DEBUG [libs.ThreadManager:45] RUNNING   |                                         Upgrade:2
[2018-09-04 10:37:59] DEBUG [libs.ThreadManager:45] RUNNING   |                                         Upgrade:1
[2018-09-04 10:37:59] DEBUG [libs.ThreadManager:45] RUNNING   |                                         Upgrade:0
[2018-09-04 10:37:59] DEBUG [libs.ThreadManager:45] RUNNING   |                                         Upgrade:7
[2018-09-04 10:37:59] DEBUG [libs.ThreadManager:45] RUNNING   |                                         Upgrade:6
[2018-09-04 10:37:59] DEBUG [libs.ThreadManager:45] RUNNING   |                                         Upgrade:5
[2018-09-04 10:37:59] DEBUG [libs.ThreadManager:45] RUNNING   |                                         Upgrade:4
[2018-09-04 10:37:59] DEBUG [libs.ThreadManager:94] STARTED   |                                         Upgrade:f
[2018-09-04 10:37:59] DEBUG [libs.ThreadManager:43] STATE     |                                              NAME
[2018-09-04 10:37:59] DEBUG [libs.ThreadManager:45] RUNNING   |                                         Upgrade:c
[2018-09-04 10:37:59] DEBUG [libs.ThreadManager:45] RUNNING   |                                         Upgrade:b
[2018-09-04 10:37:59] DEBUG [libs.ThreadManager:45] RUNNING   |                                         Upgrade:f
[2018-09-04 10:37:59] DEBUG [libs.ThreadManager:45] RUNNING   |                                         Upgrade:e
[2018-09-04 10:37:59] DEBUG [libs.ThreadManager:45] RUNNING   |                                         Upgrade:d
[2018-09-04 10:37:59] DEBUG [libs.ThreadManager:45] RUNNING   |                                         Upgrade:9
[2018-09-04 10:37:59] DEBUG [libs.ThreadManager:45] RUNNING   |                                         Upgrade:8
[2018-09-04 10:37:59] DEBUG [libs.ThreadManager:45] RUNNING   |                                         Upgrade:3
[2018-09-04 10:37:59] DEBUG [libs.ThreadManager:45] RUNNING   |                                         Upgrade:2
[2018-09-04 10:37:59] DEBUG [libs.ThreadManager:45] RUNNING   |                                         Upgrade:1
[2018-09-04 10:37:59] DEBUG [libs.ThreadManager:45] RUNNING   |                                         Upgrade:0
[2018-09-04 10:37:59] DEBUG [libs.ThreadManager:45] RUNNING   |                                         Upgrade:7
[2018-09-04 10:37:59] DEBUG [libs.ThreadManager:45] RUNNING   |                                         Upgrade:6
[2018-09-04 10:37:59] DEBUG [libs.ThreadManager:45] RUNNING   |                                         Upgrade:5
[2018-09-04 10:37:59] DEBUG [libs.ThreadManager:45] RUNNING   |                                         Upgrade:4
[2018-09-04 10:37:59] DEBUG [libs.ThreadManager:94] STARTED   |                                         Upgrade:g
[2018-09-04 10:37:59] DEBUG [libs.ThreadManager:43] STATE     |                                              NAME
[2018-09-04 10:37:59] DEBUG [libs.ThreadManager:45] RUNNING   |                                         Upgrade:c
[2018-09-04 10:37:59] DEBUG [libs.ThreadManager:45] RUNNING   |                                         Upgrade:b
[2018-09-04 10:37:59] DEBUG [libs.ThreadManager:45] RUNNING   |                                         Upgrade:g
[2018-09-04 10:37:59] DEBUG [libs.ThreadManager:45] RUNNING   |                                         Upgrade:f
[2018-09-04 10:37:59] DEBUG [libs.ThreadManager:45] RUNNING   |                                         Upgrade:e
[2018-09-04 10:37:59] DEBUG [libs.ThreadManager:45] RUNNING   |                                         Upgrade:d
[2018-09-04 10:37:59] DEBUG [libs.ThreadManager:45] RUNNING   |                                         Upgrade:9
[2018-09-04 10:37:59] DEBUG [libs.ThreadManager:45] RUNNING   |                                         Upgrade:8
[2018-09-04 10:37:59] DEBUG [libs.ThreadManager:45] RUNNING   |                                         Upgrade:3
[2018-09-04 10:37:59] DEBUG [libs.ThreadManager:45] RUNNING   |                                         Upgrade:2
[2018-09-04 10:37:59] DEBUG [libs.ThreadManager:45] RUNNING   |                                         Upgrade:1
[2018-09-04 10:37:59] DEBUG [libs.ThreadManager:45] RUNNING   |                                         Upgrade:0
[2018-09-04 10:37:59] DEBUG [libs.ThreadManager:45] RUNNING   |                                         Upgrade:7
[2018-09-04 10:37:59] DEBUG [libs.ThreadManager:45] RUNNING   |                                         Upgrade:6
[2018-09-04 10:37:59] DEBUG [libs.ThreadManager:45] RUNNING   |                                         Upgrade:5
[2018-09-04 10:37:59] DEBUG [libs.ThreadManager:45] RUNNING   |                                         Upgrade:4
[2018-09-04 10:37:59] DEBUG [libs.ThreadManager:94] STARTED   |                                         Upgrade:h
[2018-09-04 10:37:59] DEBUG [libs.ThreadManager:43] STATE     |                                              NAME
[2018-09-04 10:37:59] DEBUG [libs.ThreadManager:45] RUNNING   |                                         Upgrade:h
[2018-09-04 10:37:59] DEBUG [libs.ThreadManager:45] RUNNING   |                                         Upgrade:c
[2018-09-04 10:37:59] DEBUG [libs.ThreadManager:45] RUNNING   |                                         Upgrade:b
[2018-09-04 10:37:59] DEBUG [libs.ThreadManager:45] RUNNING   |                                         Upgrade:g
[2018-09-04 10:37:59] DEBUG [libs.ThreadManager:45] RUNNING   |                                         Upgrade:f
[2018-09-04 10:37:59] DEBUG [libs.ThreadManager:45] RUNNING   |                                         Upgrade:e
[2018-09-04 10:37:59] DEBUG [libs.ThreadManager:45] RUNNING   |                                         Upgrade:d
[2018-09-04 10:37:59] DEBUG [libs.ThreadManager:45] RUNNING   |                                         Upgrade:9
[2018-09-04 10:37:59] DEBUG [libs.ThreadManager:45] RUNNING   |                                         Upgrade:8
[2018-09-04 10:37:59] DEBUG [libs.ThreadManager:45] RUNNING   |                                         Upgrade:3
[2018-09-04 10:37:59] DEBUG [libs.ThreadManager:45] RUNNING   |                                         Upgrade:2
[2018-09-04 10:37:59] DEBUG [libs.ThreadManager:45] RUNNING   |                                         Upgrade:1
[2018-09-04 10:37:59] DEBUG [libs.ThreadManager:45] RUNNING   |                                         Upgrade:0
[2018-09-04 10:37:59] DEBUG [libs.ThreadManager:45] RUNNING   |                                         Upgrade:7
[2018-09-04 10:37:59] DEBUG [libs.ThreadManager:45] RUNNING   |                                         Upgrade:6
[2018-09-04 10:37:59] DEBUG [libs.ThreadManager:45] RUNNING   |                                         Upgrade:5
[2018-09-04 10:37:59] DEBUG [libs.ThreadManager:45] RUNNING   |                                         Upgrade:4
[2018-09-04 10:37:59] DEBUG [libs.ThreadManager:94] STARTED   |                                         Upgrade:i
[2018-09-04 10:37:59] DEBUG [libs.ThreadManager:43] STATE     |                                              NAME
[2018-09-04 10:37:59] DEBUG [libs.ThreadManager:45] RUNNING   |                                         Upgrade:i
[2018-09-04 10:37:59] DEBUG [libs.ThreadManager:45] RUNNING   |                                         Upgrade:h
[2018-09-04 10:37:59] DEBUG [libs.ThreadManager:45] RUNNING   |                                         Upgrade:c
[2018-09-04 10:37:59] DEBUG [libs.ThreadManager:45] RUNNING   |                                         Upgrade:b
[2018-09-04 10:37:59] DEBUG [libs.ThreadManager:45] RUNNING   |                                         Upgrade:g
[2018-09-04 10:37:59] DEBUG [libs.ThreadManager:45] RUNNING   |                                         Upgrade:f
[2018-09-04 10:37:59] DEBUG [libs.ThreadManager:45] RUNNING   |                                         Upgrade:e
[2018-09-04 10:37:59] DEBUG [libs.ThreadManager:45] RUNNING   |                                         Upgrade:d
[2018-09-04 10:37:59] DEBUG [libs.ThreadManager:45] RUNNING   |                                         Upgrade:9
[2018-09-04 10:37:59] DEBUG [libs.ThreadManager:45] RUNNING   |                                         Upgrade:8
[2018-09-04 10:37:59] DEBUG [libs.ThreadManager:45] RUNNING   |                                         Upgrade:3
[2018-09-04 10:37:59] DEBUG [libs.ThreadManager:45] RUNNING   |                                         Upgrade:2
[2018-09-04 10:37:59] DEBUG [libs.ThreadManager:45] RUNNING   |                                         Upgrade:1
[2018-09-04 10:37:59] DEBUG [libs.ThreadManager:45] RUNNING   |                                         Upgrade:0
[2018-09-04 10:37:59] DEBUG [libs.ThreadManager:45] RUNNING   |                                         Upgrade:7
[2018-09-04 10:37:59] DEBUG [libs.ThreadManager:45] RUNNING   |                                         Upgrade:6
[2018-09-04 10:37:59] DEBUG [libs.ThreadManager:45] RUNNING   |                                         Upgrade:5
[2018-09-04 10:37:59] DEBUG [libs.ThreadManager:45] RUNNING   |                                         Upgrade:4
[2018-09-04 10:37:59] DEBUG [libs.ThreadManager:94] STARTED   |                                         Upgrade:j
[2018-09-04 10:37:59] DEBUG [libs.ThreadManager:43] STATE     |                                              NAME
[2018-09-04 10:37:59] DEBUG [libs.ThreadManager:45] RUNNING   |                                         Upgrade:j
[2018-09-04 10:37:59] DEBUG [libs.ThreadManager:45] RUNNING   |                                         Upgrade:i
[2018-09-04 10:37:59] DEBUG [libs.ThreadManager:45] RUNNING   |                                         Upgrade:h
[2018-09-04 10:37:59] DEBUG [libs.ThreadManager:45] RUNNING   |                                         Upgrade:c
[2018-09-04 10:37:59] DEBUG [libs.ThreadManager:45] RUNNING   |                                         Upgrade:b
[2018-09-04 10:37:59] DEBUG [libs.ThreadManager:45] RUNNING   |                                         Upgrade:g
[2018-09-04 10:37:59] DEBUG [libs.ThreadManager:45] RUNNING   |                                         Upgrade:f
[2018-09-04 10:37:59] DEBUG [libs.ThreadManager:45] RUNNING   |                                         Upgrade:e
[2018-09-04 10:37:59] DEBUG [libs.ThreadManager:45] RUNNING   |                                         Upgrade:d
[2018-09-04 10:37:59] DEBUG [libs.ThreadManager:45] RUNNING   |                                         Upgrade:9
[2018-09-04 10:37:59] DEBUG [libs.ThreadManager:45] RUNNING   |                                         Upgrade:8
[2018-09-04 10:37:59] DEBUG [libs.ThreadManager:45] RUNNING   |                                         Upgrade:3
[2018-09-04 10:37:59] DEBUG [libs.ThreadManager:45] RUNNING   |                                         Upgrade:2
[2018-09-04 10:37:59] DEBUG [libs.ThreadManager:45] RUNNING   |                                         Upgrade:1
[2018-09-04 10:37:59] DEBUG [libs.ThreadManager:45] RUNNING   |                                         Upgrade:0
[2018-09-04 10:37:59] DEBUG [libs.ThreadManager:45] RUNNING   |                                         Upgrade:7
[2018-09-04 10:37:59] DEBUG [libs.ThreadManager:45] RUNNING   |                                         Upgrade:6
[2018-09-04 10:37:59] DEBUG [libs.ThreadManager:45] RUNNING   |                                         Upgrade:5
[2018-09-04 10:37:59] DEBUG [libs.ThreadManager:45] RUNNING   |                                         Upgrade:4
[2018-09-04 10:37:59] DEBUG [libs.ThreadManager:94] STARTED   |                                         Upgrade:k
