[2018-09-03 12:04:20] DEBUG [libs.Utility:27] List of devices attached

[2018-09-03 12:04:20] DEBUG [libs.Utility:27] 8f1bdd77	device

[2018-09-03 12:04:20] DEBUG [libs.Utility:27] 8f69c4ae	device

[2018-09-03 12:04:20] DEBUG [libs.Utility:27] 

[2018-09-03 12:04:20] DEBUG [libs.Utility:27] List of devices attached

[2018-09-03 12:04:20] DEBUG [libs.Utility:27] 8f1bdd77	device

[2018-09-03 12:04:20] DEBUG [libs.Utility:27] 8f69c4ae	device

[2018-09-03 12:04:20] DEBUG [libs.Utility:27] 

[2018-09-03 12:04:23] DEBUG [libs.ThreadManager:43] STATE     |                                              NAME
[2018-09-03 12:04:23] DEBUG [libs.ThreadManager:94] STARTED   |                               __update_8020_state
[2018-09-03 12:04:23] DEBUG [libs.Notebook.AR8020:291] check the AR 8020 state in device:8f69c4ae
[2018-09-03 12:04:26] DEBUG [libs.ThreadManager:43] STATE     |                                              NAME
[2018-09-03 12:04:26] DEBUG [libs.ThreadManager:45] DONE      |                               __update_8020_state
[2018-09-03 12:04:26] DEBUG [libs.ThreadManager:94] STARTED   |                               __update_8020_state
[2018-09-03 12:04:26] DEBUG [libs.Notebook.AR8020:291] check the AR 8020 state in device:8f1bdd77
[2018-09-03 12:04:26] DEBUG [libs.ThreadManager:43] STATE     |                                              NAME
[2018-09-03 12:04:26] DEBUG [libs.ThreadManager:45] DONE      |                               __update_8020_state
[2018-09-03 12:04:26] DEBUG [libs.ThreadManager:94] STARTED   |                               __update_8020_state
[2018-09-03 12:04:26] DEBUG [libs.Notebook.AR8020:291] check the AR 8020 state in device:8f69c4ae
[2018-09-03 12:04:27] DEBUG [libs.ThreadManager:43] STATE     |                                              NAME
[2018-09-03 12:04:27] DEBUG [libs.ThreadManager:45] DONE      |                               __update_8020_state
[2018-09-03 12:04:27] DEBUG [libs.ThreadManager:94] STARTED   |                               __update_8020_state
[2018-09-03 12:04:27] DEBUG [libs.Notebook.AR8020:291] check the AR 8020 state in device:8f1bdd77
[2018-09-03 12:04:27] DEBUG [libs.ThreadManager:43] STATE     |                                              NAME
[2018-09-03 12:04:27] DEBUG [libs.ThreadManager:45] DONE      |                               __update_8020_state
[2018-09-03 12:04:27] DEBUG [libs.ThreadManager:94] STARTED   |                               __update_8020_state
[2018-09-03 12:04:27] DEBUG [libs.Notebook.AR8020:291] check the AR 8020 state in device:8f69c4ae
