[2018-08-28 13:56:06] DEBUG [libs.Utility:27] List of devices attached

[2018-08-28 13:56:06] DEBUG [libs.Utility:27] 

[2018-08-28 13:56:16] DEBUG [libs.ThreadManager:43] STATE     |                                              NAME
[2018-08-28 13:56:16] DEBUG [libs.ThreadManager:94] STARTED   |                                           refresh
[2018-08-28 13:56:16] DEBUG [libs.Utility:27] List of devices attached

[2018-08-28 13:56:16] DEBUG [libs.Utility:27] 

[2018-08-28 13:56:17] DEBUG [libs.ThreadManager:43] STATE     |                                              NAME
[2018-08-28 13:56:17] DEBUG [libs.ThreadManager:45] DONE      |                                           refresh
[2018-08-28 13:56:17] DEBUG [libs.ThreadManager:94] STARTED   |                                           refresh
[2018-08-28 13:56:17] DEBUG [libs.Utility:27] List of devices attached

[2018-08-28 13:56:17] DEBUG [libs.Utility:27] 

[2018-08-28 13:56:17] DEBUG [libs.ThreadManager:43] STATE     |                                              NAME
[2018-08-28 13:56:17] DEBUG [libs.ThreadManager:45] DONE      |                                           refresh
[2018-08-28 13:56:17] DEBUG [libs.ThreadManager:94] STARTED   |                                           refresh
[2018-08-28 13:56:18] DEBUG [libs.Utility:27] List of devices attached

[2018-08-28 13:56:18] DEBUG [libs.Utility:27] 

[2018-08-28 13:56:18] DEBUG [libs.ThreadManager:43] STATE     |                                              NAME
[2018-08-28 13:56:18] DEBUG [libs.ThreadManager:45] DONE      |                                           refresh
[2018-08-28 13:56:18] DEBUG [libs.ThreadManager:94] STARTED   |                                           refresh
[2018-08-28 13:56:18] DEBUG [libs.Utility:27] List of devices attached

[2018-08-28 13:56:18] DEBUG [libs.Utility:27] 

