[2018-08-31 16:11:22] DEBUG [libs.Utility:27] List of devices attached

[2018-08-31 16:11:22] DEBUG [libs.Utility:27] 8f69c4ae	device

[2018-08-31 16:11:22] DEBUG [libs.Utility:27] 

[2018-08-31 16:11:22] DEBUG [libs.Utility:27] List of devices attached

[2018-08-31 16:11:22] DEBUG [libs.Utility:27] 8f69c4ae	device

[2018-08-31 16:11:22] DEBUG [libs.Utility:27] 

[2018-08-31 16:11:23] DEBUG [libs.ThreadManager:43] STATE     |                                              NAME
[2018-08-31 16:11:23] DEBUG [libs.ThreadManager:94] STARTED   |                               __update_8020_state
[2018-08-31 16:11:23] DEBUG [libs.Notebook.AR8020:266] check the AR 8020 state in device:8f69c4ae
[2018-08-31 16:11:24] INFO [libs.Notebook.AR8020:316] root          4794     1   46264  31912 poll_schedule_timeout 7db2407558 S uart_log	>	pid:4794
[2018-08-31 16:11:29] INFO [libs.Notebook.AR8020:316] root          4809  3704   46264  31884 poll_schedule_timeout 766174c558 S uart_log	>	pid:4809
[2018-08-31 16:11:29] INFO [libs.Notebook.AR8020:316] root          4811     1   46264  31912 wait_woken 7d9038cf90 S uart_log	>	pid:4811
[2018-08-31 16:11:31] INFO [libs.Notebook.AR8020:316] root          4825     1   44216  31892 poll_schedule_timeout 7a526f0558 S uart_log	>	pid:4825
[2018-08-31 16:11:32] DEBUG [libs.ThreadManager:43] STATE     |                                              NAME
[2018-08-31 16:11:32] DEBUG [libs.ThreadManager:45] DONE      |                               __update_8020_state
[2018-08-31 16:11:32] DEBUG [libs.ThreadManager:94] STARTED   |                               __update_8020_state
[2018-08-31 16:11:32] DEBUG [libs.Notebook.AR8020:266] check the AR 8020 state in device:8f69c4ae
[2018-08-31 16:11:35] INFO [libs.Notebook.AR8020:316] root          4834  3704   46264  31892 poll_schedule_timeout 755d80f558 S uart_log	>	pid:4834
[2018-08-31 16:11:35] INFO [libs.Notebook.AR8020:316] root          4842     1   44216  31892 poll_schedule_timeout 7b6bc0d558 S uart_log	>	pid:4842
[2018-08-31 16:11:47] DEBUG [libs.ThreadManager:43] STATE     |                                              NAME
[2018-08-31 16:11:47] DEBUG [libs.ThreadManager:45] DONE      |                               __update_8020_state
[2018-08-31 16:11:47] DEBUG [libs.ThreadManager:94] STARTED   |                               __update_8020_state
[2018-08-31 16:11:47] DEBUG [libs.Notebook.AR8020:266] check the AR 8020 state in device:8f69c4ae
[2018-08-31 16:11:48] DEBUG [libs.ThreadManager:43] STATE     |                                              NAME
[2018-08-31 16:11:48] DEBUG [libs.ThreadManager:45] DONE      |                               __update_8020_state
[2018-08-31 16:11:48] DEBUG [libs.ThreadManager:94] STARTED   |                               __update_8020_state
[2018-08-31 16:11:48] DEBUG [libs.Notebook.AR8020:266] check the AR 8020 state in device:8f69c4ae
