[2018-09-04 15:14:02] DEBUG [libs.Utility:28] List of devices attached

[2018-09-04 15:14:02] DEBUG [libs.Utility:28] 8f69c4b1	device

[2018-09-04 15:14:02] DEBUG [libs.Utility:28] 

[2018-09-04 15:14:02] DEBUG [libs.Utility:28] List of devices attached

[2018-09-04 15:14:02] DEBUG [libs.Utility:28] 8f69c4b1	device

[2018-09-04 15:14:02] DEBUG [libs.Utility:28] 

[2018-09-04 15:14:04] DEBUG [libs.ThreadManager:43] STATE     |                                              NAME
[2018-09-04 15:14:04] DEBUG [libs.ThreadManager:94] STARTED   |                               __update_8020_state
[2018-09-04 15:14:04] DEBUG [libs.Notebook.AR8020:292] check the AR 8020 state in device:8f69c4b1
[2018-09-04 15:14:04] INFO [libs.Utility:58] Run Command:C:\Users\OEMUSER\PycharmProjects\SurfAssistantTool\adb.exe -s 8f69c4b1 shell "cat /sys/bus/platform/drivers/artosyn_ar8020/soc:ar8020/enable"
[2018-09-04 15:14:04] INFO [libs.Utility:58] Run Command:C:\Users\OEMUSER\PycharmProjects\SurfAssistantTool\adb.exe -s 8f69c4b1 shell "echo 1 > /sys/bus/platform/drivers/artosyn_ar8020/soc:ar8020/enable"
[2018-09-04 15:14:04] DEBUG [libs.ThreadManager:43] STATE     |                                              NAME
[2018-09-04 15:14:04] DEBUG [libs.ThreadManager:45] DONE      |                               __update_8020_state
[2018-09-04 15:14:04] DEBUG [libs.ThreadManager:94] STARTED   |                               __update_8020_state
[2018-09-04 15:14:04] DEBUG [libs.Notebook.AR8020:292] check the AR 8020 state in device:8f69c4b1
[2018-09-04 15:14:04] INFO [libs.Utility:58] Run Command:C:\Users\OEMUSER\PycharmProjects\SurfAssistantTool\adb.exe -s 8f69c4b1 shell "cat /sys/bus/platform/drivers/artosyn_ar8020/soc:ar8020/enable"
[2018-09-04 15:14:05] INFO [libs.Utility:58] Run Command:C:\Users\OEMUSER\PycharmProjects\SurfAssistantTool\adb.exe -s 8f69c4b1 shell "echo 0 > /sys/bus/platform/drivers/artosyn_ar8020/soc:ar8020/enable"
[2018-09-04 15:14:05] DEBUG [libs.ThreadManager:43] STATE     |                                              NAME
[2018-09-04 15:14:05] DEBUG [libs.ThreadManager:45] DONE      |                               __update_8020_state
[2018-09-04 15:14:05] DEBUG [libs.ThreadManager:94] STARTED   |                               __update_8020_state
[2018-09-04 15:14:05] DEBUG [libs.Notebook.AR8020:292] check the AR 8020 state in device:8f69c4b1
[2018-09-04 15:14:05] INFO [libs.Utility:58] Run Command:C:\Users\OEMUSER\PycharmProjects\SurfAssistantTool\adb.exe -s 8f69c4b1 shell "cat /sys/bus/platform/drivers/artosyn_ar8020/soc:ar8020/enable"
[2018-09-04 15:14:06] INFO [libs.Utility:58] Run Command:C:\Users\OEMUSER\PycharmProjects\SurfAssistantTool\adb.exe -s 8f69c4b1 shell "echo 1 > /sys/bus/platform/drivers/artosyn_ar8020/soc:ar8020/enable"
[2018-09-04 15:14:06] DEBUG [libs.ThreadManager:43] STATE     |                                              NAME
[2018-09-04 15:14:06] DEBUG [libs.ThreadManager:45] DONE      |                               __update_8020_state
[2018-09-04 15:14:06] DEBUG [libs.ThreadManager:94] STARTED   |                               __update_8020_state
[2018-09-04 15:14:06] DEBUG [libs.Notebook.AR8020:292] check the AR 8020 state in device:8f69c4b1
[2018-09-04 15:14:06] INFO [libs.Utility:58] Run Command:C:\Users\OEMUSER\PycharmProjects\SurfAssistantTool\adb.exe -s 8f69c4b1 shell "cat /sys/bus/platform/drivers/artosyn_ar8020/soc:ar8020/enable"
[2018-09-04 15:14:06] INFO [libs.Notebook.AR8020:350] root           824     1   46264  32052 poll_schedule_timeout 78f1b72558 S uart_log	>	pid:824
[2018-09-04 15:14:06] INFO [libs.Utility:58] Run Command:C:\Users\OEMUSER\PycharmProjects\SurfAssistantTool\adb.exe -s 8f69c4b1 shell "kill -2 824"
[2018-09-04 15:14:10] INFO [libs.Utility:58] Run Command:C:\Users\OEMUSER\PycharmProjects\SurfAssistantTool\adb.exe -s 8f69c4b1 shell "echo 0 > /sys/bus/platform/drivers/artosyn_ar8020/soc:ar8020/enable"
[2018-09-04 15:14:10] DEBUG [libs.ThreadManager:43] STATE     |                                              NAME
[2018-09-04 15:14:10] DEBUG [libs.ThreadManager:45] DONE      |                               __update_8020_state
[2018-09-04 15:14:10] DEBUG [libs.ThreadManager:94] STARTED   |                               __update_8020_state
[2018-09-04 15:14:10] DEBUG [libs.Notebook.AR8020:292] check the AR 8020 state in device:8f69c4b1
[2018-09-04 15:14:10] INFO [libs.Utility:58] Run Command:C:\Users\OEMUSER\PycharmProjects\SurfAssistantTool\adb.exe -s 8f69c4b1 shell "cat /sys/bus/platform/drivers/artosyn_ar8020/soc:ar8020/enable"
[2018-09-04 15:14:11] INFO [libs.Utility:58] Run Command:C:\Users\OEMUSER\PycharmProjects\SurfAssistantTool\adb.exe -s 8f69c4b1 shell "echo 1 > /sys/bus/platform/drivers/artosyn_ar8020/soc:ar8020/enable"
[2018-09-04 15:14:11] DEBUG [libs.ThreadManager:43] STATE     |                                              NAME
[2018-09-04 15:14:11] DEBUG [libs.ThreadManager:45] DONE      |                               __update_8020_state
[2018-09-04 15:14:11] DEBUG [libs.ThreadManager:94] STARTED   |                               __update_8020_state
[2018-09-04 15:14:11] DEBUG [libs.Notebook.AR8020:292] check the AR 8020 state in device:8f69c4b1
[2018-09-04 15:14:11] INFO [libs.Utility:58] Run Command:C:\Users\OEMUSER\PycharmProjects\SurfAssistantTool\adb.exe -s 8f69c4b1 shell "cat /sys/bus/platform/drivers/artosyn_ar8020/soc:ar8020/enable"
