[2018-09-04 12:09:37] DEBUG [libs.Utility:28] List of devices attached

[2018-09-04 12:09:37] DEBUG [libs.Utility:28] 8f69c4ae	device

[2018-09-04 12:09:37] DEBUG [libs.Utility:28] 

[2018-09-04 12:09:55] DEBUG [libs.ThreadManager:43] STATE     |                                              NAME
[2018-09-04 12:09:55] DEBUG [libs.ThreadManager:94] STARTED   |                                         __refresh
[2018-09-04 12:09:55] DEBUG [libs.Utility:28] List of devices attached

[2018-09-04 12:09:55] DEBUG [libs.Utility:28] 8f69c4ae	device

[2018-09-04 12:09:55] DEBUG [libs.Utility:28] 

[2018-09-04 12:10:02] DEBUG [libs.ThreadManager:43] STATE     |                                              NAME
[2018-09-04 12:10:02] DEBUG [libs.ThreadManager:45] DONE      |                                         __refresh
[2018-09-04 12:10:02] DEBUG [libs.ThreadManager:94] STARTED   |                                  Upgrade:8f69c4ae
[2018-09-04 12:14:21] DEBUG [libs.ThreadManager:43] STATE     |                                              NAME
[2018-09-04 12:14:21] DEBUG [libs.ThreadManager:45] DONE      |                                  Upgrade:8f69c4ae
[2018-09-04 12:14:21] DEBUG [libs.ThreadManager:45] DONE      |                                         __refresh
[2018-09-04 12:14:21] DEBUG [libs.ThreadManager:94] STARTED   |                                         __refresh
[2018-09-04 12:14:21] DEBUG [libs.Utility:28] List of devices attached

[2018-09-04 12:14:21] DEBUG [libs.Utility:28] 

[2018-09-04 12:14:22] DEBUG [libs.ThreadManager:43] STATE     |                                              NAME
[2018-09-04 12:14:22] DEBUG [libs.ThreadManager:45] DONE      |                                  Upgrade:8f69c4ae
[2018-09-04 12:14:22] DEBUG [libs.ThreadManager:45] DONE      |                                         __refresh
[2018-09-04 12:14:22] DEBUG [libs.ThreadManager:94] STARTED   |                                         __refresh
[2018-09-04 12:14:22] DEBUG [libs.Utility:28] List of devices attached

[2018-09-04 12:14:22] DEBUG [libs.Utility:28] 

