[2018-09-03 12:14:22] DEBUG [libs.Utility:28] List of devices attached

[2018-09-03 12:14:22] DEBUG [libs.Utility:28] 

[2018-09-03 12:14:22] DEBUG [libs.Utility:28] List of devices attached

[2018-09-03 12:14:22] DEBUG [libs.Utility:28] 

[2018-09-03 12:14:24] DEBUG [libs.ThreadManager:43] STATE     |                                              NAME
[2018-09-03 12:14:24] DEBUG [libs.ThreadManager:94] STARTED   |                                         __refresh
[2018-09-03 12:14:24] DEBUG [libs.Utility:28] List of devices attached

[2018-09-03 12:14:24] DEBUG [libs.Utility:28] 

[2018-09-03 12:14:24] DEBUG [libs.Utility:38] 8f69c4ae	fastboot

[2018-09-03 12:14:25] DEBUG [libs.ThreadManager:43] STATE     |                                              NAME
[2018-09-03 12:14:25] DEBUG [libs.ThreadManager:45] DONE      |                                         __refresh
[2018-09-03 12:14:25] DEBUG [libs.ThreadManager:94] STARTED   |                                         __refresh
[2018-09-03 12:14:25] DEBUG [libs.Utility:28] List of devices attached

[2018-09-03 12:14:25] DEBUG [libs.Utility:28] 

[2018-09-03 12:14:25] DEBUG [libs.Utility:38] 8f69c4ae	fastboot

[2018-09-03 12:14:25] DEBUG [libs.ThreadManager:43] STATE     |                                              NAME
[2018-09-03 12:14:25] DEBUG [libs.ThreadManager:45] DONE      |                                         __refresh
[2018-09-03 12:14:25] DEBUG [libs.ThreadManager:94] STARTED   |                                         __refresh
[2018-09-03 12:14:26] DEBUG [libs.Utility:28] List of devices attached

[2018-09-03 12:14:26] DEBUG [libs.Utility:28] 

[2018-09-03 12:14:26] DEBUG [libs.Utility:38] 8f69c4ae	fastboot

