[2018-09-03 15:33:36] DEBUG [libs.Utility:28] List of devices attached

[2018-09-03 15:33:36] DEBUG [libs.Utility:28] 8f69c45a	device

[2018-09-03 15:33:36] DEBUG [libs.Utility:28] 

[2018-09-03 15:33:38] DEBUG [libs.ThreadManager:43] STATE     |                                              NAME
[2018-09-03 15:33:38] DEBUG [libs.ThreadManager:94] STARTED   |                               __update_8020_state
[2018-09-03 15:33:38] DEBUG [libs.Notebook.AR8020:291] check the AR 8020 state in device:8f69c45a
[2018-09-03 15:33:40] INFO [libs.Notebook.AR8020:346] root           814     1   46264  32056 poll_schedule_timeout 7fb1e73558 S uart_log	>	pid:814
[2018-09-03 15:33:41] DEBUG [libs.ThreadManager:43] STATE     |                                              NAME
[2018-09-03 15:33:41] DEBUG [libs.ThreadManager:45] DONE      |                               __update_8020_state
[2018-09-03 15:33:41] DEBUG [libs.ThreadManager:94] STARTED   |                               __update_8020_state
[2018-09-03 15:33:41] DEBUG [libs.Notebook.AR8020:291] check the AR 8020 state in device:8f69c45a
[2018-09-03 15:33:42] DEBUG [libs.ThreadManager:43] STATE     |                                              NAME
[2018-09-03 15:33:42] DEBUG [libs.ThreadManager:45] DONE      |                               __update_8020_state
[2018-09-03 15:33:42] DEBUG [libs.ThreadManager:94] STARTED   |                               __update_8020_state
[2018-09-03 15:33:42] DEBUG [libs.Notebook.AR8020:291] check the AR 8020 state in device:8f69c45a
[2018-09-03 15:33:47] INFO [libs.Notebook.AR8020:346] root          4913     1   46264  31872 poll_schedule_timeout 70a42ae558 S uart_log	>	pid:4913
[2018-09-03 15:33:47] INFO [libs.Notebook.AR8020:346] root          4914  2917   46264  31900 wait_woken 7740805f90 S uart_log	>	pid:4914
[2018-09-03 15:33:54] INFO [libs.Notebook.AR8020:346] root          4962     1   46264  31884 poll_schedule_timeout 7411688558 S uart_log	>	pid:4962
[2018-09-03 15:33:54] INFO [libs.Notebook.AR8020:346] root          4966  2917   46264  31884 poll_schedule_timeout 75fdeff558 S uart_log	>	pid:4966
[2018-09-03 15:33:56] INFO [libs.Notebook.AR8020:346] root          4976     1   44216  31880 poll_schedule_timeout 75e5c07558 S uart_log	>	pid:4976
[2018-09-03 15:35:08] DEBUG [libs.ThreadManager:43] STATE     |                                              NAME
[2018-09-03 15:35:08] DEBUG [libs.ThreadManager:45] DONE      |                               __update_8020_state
[2018-09-03 15:35:08] DEBUG [libs.ThreadManager:94] STARTED   |                               __update_8020_state
[2018-09-03 15:35:08] DEBUG [libs.Notebook.AR8020:291] check the AR 8020 state in device:8f69c45a
[2018-09-03 15:35:09] DEBUG [libs.ThreadManager:43] STATE     |                                              NAME
[2018-09-03 15:35:09] DEBUG [libs.ThreadManager:45] DONE      |                               __update_8020_state
[2018-09-03 15:35:09] DEBUG [libs.ThreadManager:94] STARTED   |                               __update_8020_state
[2018-09-03 15:35:09] DEBUG [libs.Notebook.AR8020:291] check the AR 8020 state in device:8f69c45a
[2018-09-03 15:38:11] DEBUG [libs.ThreadManager:43] STATE     |                                              NAME
[2018-09-03 15:38:11] DEBUG [libs.ThreadManager:45] DONE      |                               __update_8020_state
[2018-09-03 15:38:11] DEBUG [libs.ThreadManager:94] STARTED   |                               __update_8020_state
[2018-09-03 15:38:11] DEBUG [libs.Notebook.AR8020:291] check the AR 8020 state in device:8f69c45a
[2018-09-03 15:38:11] DEBUG [libs.ThreadManager:43] STATE     |                                              NAME
[2018-09-03 15:38:11] DEBUG [libs.ThreadManager:45] DONE      |                               __update_8020_state
[2018-09-03 15:38:11] DEBUG [libs.ThreadManager:94] STARTED   |                               __update_8020_state
[2018-09-03 15:38:11] DEBUG [libs.Notebook.AR8020:291] check the AR 8020 state in device:8f69c45a
[2018-09-03 15:38:15] DEBUG [libs.ThreadManager:43] STATE     |                                              NAME
[2018-09-03 15:38:15] DEBUG [libs.ThreadManager:45] DONE      |                               __update_8020_state
[2018-09-03 15:38:15] DEBUG [libs.ThreadManager:94] STARTED   |                               __update_8020_state
[2018-09-03 15:38:15] DEBUG [libs.Notebook.AR8020:291] check the AR 8020 state in device:8f69c45a
[2018-09-03 15:38:18] DEBUG [libs.ThreadManager:43] STATE     |                                              NAME
[2018-09-03 15:38:18] DEBUG [libs.ThreadManager:45] DONE      |                               __update_8020_state
[2018-09-03 15:38:18] DEBUG [libs.ThreadManager:94] STARTED   |                                 __refresh_devices
[2018-09-03 15:38:18] DEBUG [libs.Utility:28] List of devices attached

[2018-09-03 15:38:18] DEBUG [libs.Utility:28] 

[2018-09-03 15:38:29] DEBUG [libs.ThreadManager:43] STATE     |                                              NAME
[2018-09-03 15:38:29] DEBUG [libs.ThreadManager:45] DONE      |                                 __refresh_devices
[2018-09-03 15:38:29] DEBUG [libs.ThreadManager:45] DONE      |                               __update_8020_state
[2018-09-03 15:38:29] DEBUG [libs.ThreadManager:94] STARTED   |                                 __refresh_devices
[2018-09-03 15:38:29] DEBUG [libs.Utility:28] List of devices attached

[2018-09-03 15:38:29] DEBUG [libs.Utility:28] 8f69c45a	device

[2018-09-03 15:38:29] DEBUG [libs.Utility:28] 

[2018-09-03 15:38:29] DEBUG [libs.Notebook.AR8020:291] check the AR 8020 state in device:8f69c45a
[2018-09-03 15:38:30] DEBUG [libs.ThreadManager:43] STATE     |                                              NAME
[2018-09-03 15:38:30] DEBUG [libs.ThreadManager:45] DONE      |                                 __refresh_devices
[2018-09-03 15:38:30] DEBUG [libs.ThreadManager:45] DONE      |                               __update_8020_state
[2018-09-03 15:38:30] DEBUG [libs.ThreadManager:94] STARTED   |                               __update_8020_state
[2018-09-03 15:38:30] DEBUG [libs.Notebook.AR8020:291] check the AR 8020 state in device:8f69c45a
[2018-09-03 15:38:31] DEBUG [libs.ThreadManager:43] STATE     |                                              NAME
[2018-09-03 15:38:31] DEBUG [libs.ThreadManager:45] DONE      |                                 __refresh_devices
[2018-09-03 15:38:31] DEBUG [libs.ThreadManager:45] DONE      |                               __update_8020_state
[2018-09-03 15:38:31] DEBUG [libs.ThreadManager:94] STARTED   |                               __update_8020_state
[2018-09-03 15:38:31] DEBUG [libs.Notebook.AR8020:291] check the AR 8020 state in device:8f69c45a
[2018-09-03 15:41:14] DEBUG [libs.ThreadManager:43] STATE     |                                              NAME
[2018-09-03 15:41:14] DEBUG [libs.ThreadManager:45] DONE      |                                 __refresh_devices
[2018-09-03 15:41:14] DEBUG [libs.ThreadManager:45] DONE      |                               __update_8020_state
[2018-09-03 15:41:14] DEBUG [libs.ThreadManager:94] STARTED   |                               __update_8020_state
[2018-09-03 15:41:14] DEBUG [libs.Notebook.AR8020:291] check the AR 8020 state in device:8f69c45a
[2018-09-03 15:41:16] DEBUG [libs.ThreadManager:43] STATE     |                                              NAME
[2018-09-03 15:41:16] DEBUG [libs.ThreadManager:45] DONE      |                                 __refresh_devices
[2018-09-03 15:41:16] DEBUG [libs.ThreadManager:45] DONE      |                               __update_8020_state
[2018-09-03 15:41:16] DEBUG [libs.ThreadManager:94] STARTED   |                               __update_8020_state
[2018-09-03 15:41:16] DEBUG [libs.Notebook.AR8020:291] check the AR 8020 state in device:8f69c45a
[2018-09-03 15:41:17] DEBUG [libs.ThreadManager:43] STATE     |                                              NAME
[2018-09-03 15:41:17] DEBUG [libs.ThreadManager:45] DONE      |                                 __refresh_devices
[2018-09-03 15:41:17] DEBUG [libs.ThreadManager:45] DONE      |                               __update_8020_state
[2018-09-03 15:41:17] DEBUG [libs.ThreadManager:94] STARTED   |                               __update_8020_state
[2018-09-03 15:41:17] DEBUG [libs.Notebook.AR8020:291] check the AR 8020 state in device:8f69c45a
[2018-09-03 15:41:54] INFO [libs.Notebook.AR8020:346] root          4991     1   46264  31892 poll_schedule_timeout 71c1910558 S uart_log	>	pid:4991
[2018-09-03 15:41:54] INFO [libs.Notebook.AR8020:346] root          5121  5118   46264  31880 poll_schedule_timeout 73c5079558 S uart_log	>	pid:5121
[2018-09-03 15:42:12] DEBUG [libs.ThreadManager:43] STATE     |                                              NAME
[2018-09-03 15:42:12] DEBUG [libs.ThreadManager:45] DONE      |                                 __refresh_devices
[2018-09-03 15:42:12] DEBUG [libs.ThreadManager:45] DONE      |                               __update_8020_state
[2018-09-03 15:42:12] DEBUG [libs.ThreadManager:94] STARTED   |                               __update_8020_state
[2018-09-03 15:42:12] DEBUG [libs.Notebook.AR8020:291] check the AR 8020 state in device:8f69c45a
[2018-09-03 15:42:12] DEBUG [libs.ThreadManager:43] STATE     |                                              NAME
[2018-09-03 15:42:12] DEBUG [libs.ThreadManager:45] DONE      |                                 __refresh_devices
[2018-09-03 15:42:12] DEBUG [libs.ThreadManager:45] DONE      |                               __update_8020_state
[2018-09-03 15:42:12] DEBUG [libs.ThreadManager:94] STARTED   |                               __update_8020_state
[2018-09-03 15:42:12] DEBUG [libs.Notebook.AR8020:291] check the AR 8020 state in device:8f69c45a
