[2018-08-31 15:45:58] DEBUG [libs.Utility:27] List of devices attached

[2018-08-31 15:45:58] DEBUG [libs.Utility:27] 8f69c4ae	device

[2018-08-31 15:45:58] DEBUG [libs.Utility:27] 

[2018-08-31 15:45:58] DEBUG [libs.Utility:27] List of devices attached

[2018-08-31 15:45:58] DEBUG [libs.Utility:27] 8f69c4ae	device

[2018-08-31 15:45:58] DEBUG [libs.Utility:27] 

[2018-08-31 15:45:59] DEBUG [libs.ThreadManager:43] STATE     |                                              NAME
[2018-08-31 15:45:59] DEBUG [libs.ThreadManager:94] STARTED   |                               __update_8020_state
[2018-08-31 15:45:59] DEBUG [libs.Notebook.AR8020:262] check the AR 8020 state in device:8f69c4ae
[2018-08-31 15:46:00] DEBUG [libs.ThreadManager:43] STATE     |                                              NAME
[2018-08-31 15:46:00] DEBUG [libs.ThreadManager:45] DONE      |                               __update_8020_state
[2018-08-31 15:46:00] DEBUG [libs.ThreadManager:94] STARTED   |                               __update_8020_state
[2018-08-31 15:46:00] DEBUG [libs.Notebook.AR8020:262] check the AR 8020 state in device:8f69c4ae
[2018-08-31 15:46:03] INFO [libs.Notebook.AR8020:313] root          3573     1   46264  31920 poll_schedule_timeout 7011d87558 S uart_log:3573
[2018-08-31 15:46:03] INFO [libs.Notebook.AR8020:313] root          4257  3704   46264  31884 poll_schedule_timeout 7d0bcea558 S uart_log:4257
[2018-08-31 15:46:03] INFO [libs.Notebook.AR8020:313] root          4267  3704   46264  31884 poll_schedule_timeout 7d962f6558 S uart_log:4267
[2018-08-31 15:46:03] INFO [libs.Notebook.AR8020:313] root          4278  3704   46264  31900 poll_schedule_timeout 7fb1039558 S uart_log:4278
[2018-08-31 15:46:03] INFO [libs.Notebook.AR8020:313] root          4286  3704   46264  31884 poll_schedule_timeout 75f4b00558 S uart_log:4286
[2018-08-31 15:46:03] INFO [libs.Notebook.AR8020:313] root          4294  3704   46264  31900 poll_schedule_timeout 7cb664e558 S uart_log:4294
[2018-08-31 15:46:06] INFO [libs.Notebook.AR8020:313] root          3573     1   46264  31920 poll_schedule_timeout 7011d87558 S uart_log:3573
[2018-08-31 15:46:06] INFO [libs.Notebook.AR8020:313] root          4257  3704   46264  31884 poll_schedule_timeout 7d0bcea558 S uart_log:4257
[2018-08-31 15:46:06] INFO [libs.Notebook.AR8020:313] root          4267  3704   46264  31884 poll_schedule_timeout 7d962f6558 S uart_log:4267
[2018-08-31 15:46:06] INFO [libs.Notebook.AR8020:313] root          4278  3704   46264  31900 poll_schedule_timeout 7fb1039558 S uart_log:4278
[2018-08-31 15:46:06] INFO [libs.Notebook.AR8020:313] root          4286  3704   46264  31884 poll_schedule_timeout 75f4b00558 S uart_log:4286
[2018-08-31 15:46:06] INFO [libs.Notebook.AR8020:313] root          4294  3704   46264  31900 poll_schedule_timeout 7cb664e558 S uart_log:4294
[2018-08-31 15:46:06] INFO [libs.Notebook.AR8020:313] root          4416  3704   46264  31884 poll_schedule_timeout 7a133f6558 S uart_log:4416
