[2018-08-30 11:27:57] DEBUG [libs.Utility:28] List of devices attached

[2018-08-30 11:27:57] DEBUG [libs.Utility:28] 8f69c4b1	device

[2018-08-30 11:27:57] DEBUG [libs.Utility:28] 

[2018-08-30 11:27:57] DEBUG [libs.Utility:28] List of devices attached

[2018-08-30 11:27:57] DEBUG [libs.Utility:28] 8f69c4b1	device

[2018-08-30 11:27:57] DEBUG [libs.Utility:28] 

[2018-08-30 11:27:58] DEBUG [libs.ThreadManager:43] STATE     |                                              NAME
[2018-08-30 11:27:58] DEBUG [libs.ThreadManager:94] STARTED   |                               __update_8020_state
[2018-08-30 11:27:58] DEBUG [libs.Notebook.AR8020:174] check the AR 8020 state in device:8f69c4b1
[2018-08-30 11:27:59] DEBUG [libs.ThreadManager:43] STATE     |                                              NAME
[2018-08-30 11:27:59] DEBUG [libs.ThreadManager:45] DONE      |                               __update_8020_state
[2018-08-30 11:27:59] DEBUG [libs.ThreadManager:94] STARTED   |                               __update_8020_state
[2018-08-30 11:27:59] DEBUG [libs.Notebook.AR8020:174] check the AR 8020 state in device:8f69c4b1
[2018-08-30 11:40:07] DEBUG [libs.ThreadManager:43] STATE     |                                              NAME
[2018-08-30 11:40:07] DEBUG [libs.ThreadManager:45] DONE      |                               __update_8020_state
[2018-08-30 11:40:07] DEBUG [libs.ThreadManager:94] STARTED   |                                           refresh
[2018-08-30 11:40:07] DEBUG [libs.Utility:28] List of devices attached

[2018-08-30 11:40:07] DEBUG [libs.Utility:28] 8f69c4b1	device

[2018-08-30 11:40:07] DEBUG [libs.Utility:28] 

[2018-08-30 11:40:07] DEBUG [libs.ThreadManager:43] STATE     |                                              NAME
[2018-08-30 11:40:07] DEBUG [libs.ThreadManager:45] DONE      |                               __update_8020_state
[2018-08-30 11:40:07] DEBUG [libs.ThreadManager:45] DONE      |                                           refresh
[2018-08-30 11:40:07] DEBUG [libs.ThreadManager:94] STARTED   |                               __update_8020_state
[2018-08-30 11:40:07] DEBUG [libs.Notebook.AR8020:174] check the AR 8020 state in device:8f69c4b1
[2018-08-30 11:40:08] DEBUG [libs.ThreadManager:43] STATE     |                                              NAME
[2018-08-30 11:40:08] DEBUG [libs.ThreadManager:45] DONE      |                               __update_8020_state
[2018-08-30 11:40:08] DEBUG [libs.ThreadManager:45] DONE      |                                           refresh
[2018-08-30 11:40:08] DEBUG [libs.ThreadManager:94] STARTED   |                                           refresh
[2018-08-30 11:40:08] DEBUG [libs.Utility:28] List of devices attached

[2018-08-30 11:40:08] DEBUG [libs.Utility:28] 8f69c4b1	device

[2018-08-30 11:40:08] DEBUG [libs.Utility:28] 

[2018-08-30 11:40:09] DEBUG [libs.ThreadManager:43] STATE     |                                              NAME
[2018-08-30 11:40:09] DEBUG [libs.ThreadManager:45] DONE      |                               __update_8020_state
[2018-08-30 11:40:09] DEBUG [libs.ThreadManager:45] DONE      |                                           refresh
[2018-08-30 11:40:09] DEBUG [libs.ThreadManager:94] STARTED   |                                           refresh
[2018-08-30 11:40:09] DEBUG [libs.Utility:28] List of devices attached

[2018-08-30 11:40:09] DEBUG [libs.Utility:28] 8f69c4b1	device

[2018-08-30 11:40:09] DEBUG [libs.Utility:28] 

[2018-08-30 11:40:09] DEBUG [libs.ThreadManager:43] STATE     |                                              NAME
[2018-08-30 11:40:09] DEBUG [libs.ThreadManager:45] DONE      |                               __update_8020_state
[2018-08-30 11:40:09] DEBUG [libs.ThreadManager:45] DONE      |                                           refresh
[2018-08-30 11:40:09] DEBUG [libs.ThreadManager:94] STARTED   |                                           refresh
[2018-08-30 11:40:09] DEBUG [libs.Utility:28] List of devices attached

[2018-08-30 11:40:09] DEBUG [libs.Utility:28] 8f69c4b1	device

[2018-08-30 11:40:09] DEBUG [libs.Utility:28] 

[2018-08-30 11:40:09] DEBUG [libs.ThreadManager:43] STATE     |                                              NAME
[2018-08-30 11:40:09] DEBUG [libs.ThreadManager:45] DONE      |                               __update_8020_state
[2018-08-30 11:40:09] DEBUG [libs.ThreadManager:45] DONE      |                                           refresh
[2018-08-30 11:40:09] DEBUG [libs.ThreadManager:94] STARTED   |                               __update_8020_state
[2018-08-30 11:40:09] DEBUG [libs.Notebook.AR8020:174] check the AR 8020 state in device:8f69c4b1
[2018-08-30 11:43:21] DEBUG [libs.ThreadManager:43] STATE     |                                              NAME
[2018-08-30 11:43:21] DEBUG [libs.ThreadManager:45] DONE      |                               __update_8020_state
[2018-08-30 11:43:21] DEBUG [libs.ThreadManager:45] DONE      |                                           refresh
[2018-08-30 11:43:21] DEBUG [libs.ThreadManager:94] STARTED   |                                           refresh
[2018-08-30 11:43:21] DEBUG [libs.Utility:28] List of devices attached

[2018-08-30 11:43:21] DEBUG [libs.Utility:28] 8f69c4b1	device

[2018-08-30 11:43:21] DEBUG [libs.Utility:28] 

[2018-08-30 11:43:22] DEBUG [libs.ThreadManager:43] STATE     |                                              NAME
[2018-08-30 11:43:22] DEBUG [libs.ThreadManager:45] DONE      |                               __update_8020_state
[2018-08-30 11:43:22] DEBUG [libs.ThreadManager:45] DONE      |                                           refresh
[2018-08-30 11:43:22] DEBUG [libs.ThreadManager:94] STARTED   |                               __update_8020_state
[2018-08-30 11:43:22] DEBUG [libs.Notebook.AR8020:174] check the AR 8020 state in device:8f69c4b1
[2018-08-30 11:43:24] DEBUG [libs.ThreadManager:43] STATE     |                                              NAME
[2018-08-30 11:43:24] DEBUG [libs.ThreadManager:45] DONE      |                               __update_8020_state
[2018-08-30 11:43:24] DEBUG [libs.ThreadManager:45] DONE      |                                           refresh
[2018-08-30 11:43:24] DEBUG [libs.ThreadManager:94] STARTED   |                                           refresh
[2018-08-30 11:43:24] DEBUG [libs.Utility:28] List of devices attached

[2018-08-30 11:43:24] DEBUG [libs.Utility:28] 8f69c4b1	device

[2018-08-30 11:43:24] DEBUG [libs.Utility:28] 

[2018-08-30 11:43:25] DEBUG [libs.ThreadManager:43] STATE     |                                              NAME
[2018-08-30 11:43:25] DEBUG [libs.ThreadManager:45] DONE      |                               __update_8020_state
[2018-08-30 11:43:25] DEBUG [libs.ThreadManager:45] DONE      |                                           refresh
[2018-08-30 11:43:25] DEBUG [libs.ThreadManager:94] STARTED   |                               __update_8020_state
[2018-08-30 11:43:25] DEBUG [libs.Notebook.AR8020:174] check the AR 8020 state in device:8f69c4b1
[2018-08-30 11:43:33] DEBUG [libs.ThreadManager:43] STATE     |                                              NAME
[2018-08-30 11:43:33] DEBUG [libs.ThreadManager:45] DONE      |                               __update_8020_state
[2018-08-30 11:43:33] DEBUG [libs.ThreadManager:45] DONE      |                                           refresh
[2018-08-30 11:43:33] DEBUG [libs.ThreadManager:94] STARTED   |                                           refresh
[2018-08-30 11:43:33] DEBUG [libs.Utility:28] List of devices attached

[2018-08-30 11:43:33] DEBUG [libs.Utility:28] 8f69c4b1	device

[2018-08-30 11:43:33] DEBUG [libs.Utility:28] 

[2018-08-30 11:43:34] DEBUG [libs.ThreadManager:43] STATE     |                                              NAME
[2018-08-30 11:43:34] DEBUG [libs.ThreadManager:45] DONE      |                               __update_8020_state
[2018-08-30 11:43:34] DEBUG [libs.ThreadManager:45] DONE      |                                           refresh
[2018-08-30 11:43:34] DEBUG [libs.ThreadManager:94] STARTED   |                               __update_8020_state
[2018-08-30 11:43:34] DEBUG [libs.Notebook.AR8020:174] check the AR 8020 state in device:8f69c4b1
[2018-08-30 11:43:39] DEBUG [libs.ThreadManager:43] STATE     |                                              NAME
[2018-08-30 11:43:39] DEBUG [libs.ThreadManager:45] DONE      |                               __update_8020_state
[2018-08-30 11:43:39] DEBUG [libs.ThreadManager:45] DONE      |                                           refresh
[2018-08-30 11:43:39] DEBUG [libs.ThreadManager:94] STARTED   |                               __update_8020_state
[2018-08-30 11:43:39] DEBUG [libs.Notebook.AR8020:174] check the AR 8020 state in device:8f69c4b1
[2018-08-30 11:43:49] DEBUG [libs.ThreadManager:43] STATE     |                                              NAME
[2018-08-30 11:43:49] DEBUG [libs.ThreadManager:45] DONE      |                               __update_8020_state
[2018-08-30 11:43:49] DEBUG [libs.ThreadManager:45] DONE      |                                           refresh
[2018-08-30 11:43:49] DEBUG [libs.ThreadManager:94] STARTED   |                               __update_8020_state
[2018-08-30 11:43:49] DEBUG [libs.Notebook.AR8020:174] check the AR 8020 state in device:8f69c4b1
[2018-08-30 11:43:50] DEBUG [libs.ThreadManager:43] STATE     |                                              NAME
[2018-08-30 11:43:50] DEBUG [libs.ThreadManager:45] DONE      |                               __update_8020_state
[2018-08-30 11:43:50] DEBUG [libs.ThreadManager:45] DONE      |                                           refresh
[2018-08-30 11:43:50] DEBUG [libs.ThreadManager:94] STARTED   |                               __update_8020_state
[2018-08-30 11:43:50] DEBUG [libs.Notebook.AR8020:174] check the AR 8020 state in device:8f69c4b1
[2018-08-30 11:43:53] DEBUG [libs.ThreadManager:43] STATE     |                                              NAME
[2018-08-30 11:43:53] DEBUG [libs.ThreadManager:45] DONE      |                               __update_8020_state
[2018-08-30 11:43:53] DEBUG [libs.ThreadManager:45] DONE      |                                           refresh
[2018-08-30 11:43:53] DEBUG [libs.ThreadManager:94] STARTED   |                               __update_8020_state
[2018-08-30 11:43:53] DEBUG [libs.Notebook.AR8020:174] check the AR 8020 state in device:8f69c4b1
[2018-08-30 11:43:53] DEBUG [libs.ThreadManager:43] STATE     |                                              NAME
[2018-08-30 11:43:53] DEBUG [libs.ThreadManager:45] DONE      |                               __update_8020_state
[2018-08-30 11:43:53] DEBUG [libs.ThreadManager:45] DONE      |                                           refresh
[2018-08-30 11:43:53] DEBUG [libs.ThreadManager:94] STARTED   |                               __update_8020_state
[2018-08-30 11:43:53] DEBUG [libs.Notebook.AR8020:174] check the AR 8020 state in device:8f69c4b1
[2018-08-30 11:43:54] DEBUG [libs.ThreadManager:43] STATE     |                                              NAME
[2018-08-30 11:43:54] DEBUG [libs.ThreadManager:45] DONE      |                               __update_8020_state
[2018-08-30 11:43:54] DEBUG [libs.ThreadManager:45] DONE      |                                           refresh
[2018-08-30 11:43:54] DEBUG [libs.ThreadManager:94] STARTED   |                               __update_8020_state
[2018-08-30 11:43:54] DEBUG [libs.Notebook.AR8020:174] check the AR 8020 state in device:8f69c4b1
[2018-08-30 11:43:55] DEBUG [libs.ThreadManager:43] STATE     |                                              NAME
[2018-08-30 11:43:55] DEBUG [libs.ThreadManager:45] DONE      |                               __update_8020_state
[2018-08-30 11:43:55] DEBUG [libs.ThreadManager:45] DONE      |                                           refresh
[2018-08-30 11:43:55] DEBUG [libs.ThreadManager:94] STARTED   |                               __update_8020_state
[2018-08-30 11:43:55] DEBUG [libs.Notebook.AR8020:174] check the AR 8020 state in device:8f69c4b1
[2018-08-30 11:43:55] DEBUG [libs.ThreadManager:43] STATE     |                                              NAME
[2018-08-30 11:43:55] DEBUG [libs.ThreadManager:45] DONE      |                               __update_8020_state
[2018-08-30 11:43:55] DEBUG [libs.ThreadManager:45] DONE      |                                           refresh
[2018-08-30 11:43:55] DEBUG [libs.ThreadManager:94] STARTED   |                               __update_8020_state
[2018-08-30 11:43:55] DEBUG [libs.Notebook.AR8020:174] check the AR 8020 state in device:8f69c4b1
[2018-08-30 11:43:56] DEBUG [libs.ThreadManager:43] STATE     |                                              NAME
[2018-08-30 11:43:56] DEBUG [libs.ThreadManager:45] DONE      |                               __update_8020_state
[2018-08-30 11:43:56] DEBUG [libs.ThreadManager:45] DONE      |                                           refresh
[2018-08-30 11:43:56] DEBUG [libs.ThreadManager:94] STARTED   |                               __update_8020_state
[2018-08-30 11:43:56] DEBUG [libs.Notebook.AR8020:174] check the AR 8020 state in device:8f69c4b1
[2018-08-30 11:43:56] DEBUG [libs.ThreadManager:43] STATE     |                                              NAME
[2018-08-30 11:43:56] DEBUG [libs.ThreadManager:45] DONE      |                               __update_8020_state
[2018-08-30 11:43:56] DEBUG [libs.ThreadManager:45] DONE      |                                           refresh
[2018-08-30 11:43:56] DEBUG [libs.ThreadManager:94] STARTED   |                               __update_8020_state
[2018-08-30 11:43:56] DEBUG [libs.Notebook.AR8020:174] check the AR 8020 state in device:8f69c4b1
[2018-08-30 11:46:42] DEBUG [libs.ThreadManager:43] STATE     |                                              NAME
[2018-08-30 11:46:42] DEBUG [libs.ThreadManager:45] DONE      |                               __update_8020_state
[2018-08-30 11:46:42] DEBUG [libs.ThreadManager:45] DONE      |                                           refresh
[2018-08-30 11:46:42] DEBUG [libs.ThreadManager:94] STARTED   |                                           refresh
[2018-08-30 11:46:42] DEBUG [libs.Utility:28] List of devices attached

[2018-08-30 11:46:42] DEBUG [libs.Utility:28] 8f69c4b1	device

[2018-08-30 11:46:42] DEBUG [libs.Utility:28] 

[2018-08-30 11:46:43] DEBUG [libs.ThreadManager:43] STATE     |                                              NAME
[2018-08-30 11:46:43] DEBUG [libs.ThreadManager:45] DONE      |                               __update_8020_state
[2018-08-30 11:46:43] DEBUG [libs.ThreadManager:45] DONE      |                                           refresh
[2018-08-30 11:46:43] DEBUG [libs.ThreadManager:94] STARTED   |                               __update_8020_state
[2018-08-30 11:46:43] DEBUG [libs.Notebook.AR8020:174] check the AR 8020 state in device:8f69c4b1
[2018-08-30 11:46:45] DEBUG [libs.ThreadManager:43] STATE     |                                              NAME
[2018-08-30 11:46:45] DEBUG [libs.ThreadManager:45] DONE      |                               __update_8020_state
[2018-08-30 11:46:45] DEBUG [libs.ThreadManager:45] DONE      |                                           refresh
[2018-08-30 11:46:45] DEBUG [libs.ThreadManager:94] STARTED   |                                           refresh
[2018-08-30 11:46:45] DEBUG [libs.Utility:28] List of devices attached

[2018-08-30 11:46:45] DEBUG [libs.Utility:28] 8f69c4b1	device

[2018-08-30 11:46:45] DEBUG [libs.Utility:28] 

[2018-08-30 11:55:00] DEBUG [libs.ThreadManager:43] STATE     |                                              NAME
[2018-08-30 11:55:00] DEBUG [libs.ThreadManager:45] DONE      |                               __update_8020_state
[2018-08-30 11:55:00] DEBUG [libs.ThreadManager:45] DONE      |                                           refresh
[2018-08-30 11:55:00] DEBUG [libs.ThreadManager:94] STARTED   |                               __update_8020_state
[2018-08-30 11:55:00] DEBUG [libs.Notebook.AR8020:174] check the AR 8020 state in device:8f69c4b1
[2018-08-30 11:55:01] DEBUG [libs.ThreadManager:43] STATE     |                                              NAME
[2018-08-30 11:55:01] DEBUG [libs.ThreadManager:45] DONE      |                               __update_8020_state
[2018-08-30 11:55:01] DEBUG [libs.ThreadManager:45] DONE      |                                           refresh
[2018-08-30 11:55:01] DEBUG [libs.ThreadManager:94] STARTED   |                               __update_8020_state
[2018-08-30 11:55:01] DEBUG [libs.Notebook.AR8020:174] check the AR 8020 state in device:8f69c4b1
