[2018-08-31 15:48:05] DEBUG [libs.Utility:27] List of devices attached

[2018-08-31 15:48:05] DEBUG [libs.Utility:27] 8f69c4ae	device

[2018-08-31 15:48:05] DEBUG [libs.Utility:27] 

[2018-08-31 15:48:05] DEBUG [libs.Utility:27] List of devices attached

[2018-08-31 15:48:05] DEBUG [libs.Utility:27] 8f69c4ae	device

[2018-08-31 15:48:05] DEBUG [libs.Utility:27] 

[2018-08-31 15:48:07] DEBUG [libs.ThreadManager:43] STATE     |                                              NAME
[2018-08-31 15:48:07] DEBUG [libs.ThreadManager:94] STARTED   |                               __update_8020_state
[2018-08-31 15:48:07] DEBUG [libs.Notebook.AR8020:262] check the AR 8020 state in device:8f69c4ae
[2018-08-31 15:48:08] INFO [libs.Notebook.AR8020:312] root          3573     1   46264  31920 poll_schedule_timeout 7011d87558 S uart_log	>	pid:3573
[2018-08-31 15:48:08] INFO [libs.Notebook.AR8020:312] root          4267  3704   46264  31884 poll_schedule_timeout 7d962f6558 S uart_log	>	pid:4267
[2018-08-31 15:48:08] INFO [libs.Notebook.AR8020:312] root          4278  3704   46264  31900 n_tty_read 7fb1039f90 S uart_log	>	pid:4278
[2018-08-31 15:48:09] INFO [libs.Notebook.AR8020:312] root          4286  3704   46264  31884 poll_schedule_timeout 75f4b00558 S uart_log	>	pid:4286
[2018-08-31 15:48:09] INFO [libs.Notebook.AR8020:312] root          4294  3704   46264  31900 poll_schedule_timeout 7cb664e558 S uart_log	>	pid:4294
[2018-08-31 15:48:09] INFO [libs.Notebook.AR8020:312] root          4416  3704   46264  31884 poll_schedule_timeout 7a133f6558 S uart_log	>	pid:4416
[2018-08-31 15:48:09] INFO [libs.Notebook.AR8020:312] root          4445  3704   46264  31900 wait_woken 6ff7deaf90 S uart_log	>	pid:4445
[2018-08-31 15:48:10] INFO [libs.Notebook.AR8020:312] root          4472     1   44216  31892 poll_schedule_timeout 7e61a6d558 S uart_log	>	pid:4472
[2018-08-31 15:48:11] INFO [libs.Notebook.AR8020:312] root          4488  3704   44216  31908 poll_schedule_timeout 7645cc0558 S uart_log	>	pid:4488
[2018-08-31 15:48:18] DEBUG [libs.ThreadManager:43] STATE     |                                              NAME
[2018-08-31 15:48:18] DEBUG [libs.ThreadManager:45] DONE      |                               __update_8020_state
[2018-08-31 15:48:18] DEBUG [libs.ThreadManager:94] STARTED   |                               __update_8020_state
[2018-08-31 15:48:18] DEBUG [libs.Notebook.AR8020:262] check the AR 8020 state in device:8f69c4ae
[2018-08-31 15:48:18] DEBUG [libs.ThreadManager:43] STATE     |                                              NAME
[2018-08-31 15:48:18] DEBUG [libs.ThreadManager:45] DONE      |                               __update_8020_state
[2018-08-31 15:48:18] DEBUG [libs.ThreadManager:94] STARTED   |                               __update_8020_state
[2018-08-31 15:48:18] DEBUG [libs.Notebook.AR8020:262] check the AR 8020 state in device:8f69c4ae
[2018-08-31 15:48:50] DEBUG [libs.ThreadManager:43] STATE     |                                              NAME
[2018-08-31 15:48:50] DEBUG [libs.ThreadManager:45] DONE      |                               __update_8020_state
[2018-08-31 15:48:50] ERROR [libs.ThreadManager:51] The target cannot be called.It's not a function.
[2018-08-31 15:48:53] INFO [libs.Notebook.AR8020:312] root          4500  3704   46264  31900 poll_schedule_timeout 7e08ff9558 S uart_log	>	pid:4500
[2018-08-31 15:48:53] INFO [libs.Notebook.AR8020:312] root          4504     1   46264  31896 poll_schedule_timeout 7dae777558 S uart_log	>	pid:4504
[2018-08-31 15:48:55] DEBUG [libs.ThreadManager:43] STATE     |                                              NAME
[2018-08-31 15:48:55] DEBUG [libs.ThreadManager:45] DONE      |                               __update_8020_state
[2018-08-31 15:48:55] DEBUG [libs.ThreadManager:94] STARTED   |                               __update_8020_state
[2018-08-31 15:48:55] DEBUG [libs.Notebook.AR8020:262] check the AR 8020 state in device:8f69c4ae
[2018-08-31 15:48:59] DEBUG [libs.ThreadManager:43] STATE     |                                              NAME
[2018-08-31 15:48:59] DEBUG [libs.ThreadManager:45] DONE      |                               __update_8020_state
[2018-08-31 15:48:59] DEBUG [libs.ThreadManager:94] STARTED   |                               __update_8020_state
[2018-08-31 15:48:59] DEBUG [libs.Notebook.AR8020:262] check the AR 8020 state in device:8f69c4ae
[2018-08-31 15:49:53] DEBUG [libs.ThreadManager:43] STATE     |                                              NAME
[2018-08-31 15:49:53] DEBUG [libs.ThreadManager:45] DONE      |                               __update_8020_state
[2018-08-31 15:49:53] DEBUG [libs.ThreadManager:94] STARTED   |                               __update_8020_state
[2018-08-31 15:49:53] DEBUG [libs.Notebook.AR8020:262] check the AR 8020 state in device:8f69c4ae
[2018-08-31 15:49:55] DEBUG [libs.ThreadManager:43] STATE     |                                              NAME
[2018-08-31 15:49:55] DEBUG [libs.ThreadManager:45] DONE      |                               __update_8020_state
[2018-08-31 15:49:55] DEBUG [libs.ThreadManager:94] STARTED   |                               __update_8020_state
[2018-08-31 15:49:55] DEBUG [libs.Notebook.AR8020:262] check the AR 8020 state in device:8f69c4ae
