[2018-09-03 15:59:27] DEBUG [libs.Utility:28] List of devices attached

[2018-09-03 15:59:27] DEBUG [libs.Utility:28] 

[2018-09-03 16:00:14] DEBUG [libs.ThreadManager:43] STATE     |                                              NAME
[2018-09-03 16:00:14] DEBUG [libs.ThreadManager:94] STARTED   |                                 __refresh_devices
[2018-09-03 16:00:14] DEBUG [libs.Utility:28] List of devices attached

[2018-09-03 16:00:14] DEBUG [libs.Utility:28] 8f69c45a	device

[2018-09-03 16:00:14] DEBUG [libs.Utility:28] 

[2018-09-03 16:00:14] DEBUG [libs.Notebook.AR8020:291] check the AR 8020 state in device:8f69c45a
[2018-09-03 16:00:15] DEBUG [libs.ThreadManager:43] STATE     |                                              NAME
[2018-09-03 16:00:15] DEBUG [libs.ThreadManager:45] DONE      |                                 __refresh_devices
[2018-09-03 16:00:15] DEBUG [libs.ThreadManager:94] STARTED   |                               __update_8020_state
[2018-09-03 16:00:15] DEBUG [libs.Notebook.AR8020:291] check the AR 8020 state in device:8f69c45a
[2018-09-03 16:01:18] DEBUG [libs.ThreadManager:43] STATE     |                                              NAME
[2018-09-03 16:01:18] DEBUG [libs.ThreadManager:45] DONE      |                                 __refresh_devices
[2018-09-03 16:01:18] DEBUG [libs.ThreadManager:45] DONE      |                               __update_8020_state
[2018-09-03 16:01:18] DEBUG [libs.ThreadManager:94] STARTED   |                                 __refresh_devices
[2018-09-03 16:01:18] DEBUG [libs.Utility:28] List of devices attached

[2018-09-03 16:01:18] DEBUG [libs.Utility:28] 

[2018-09-03 16:01:18] DEBUG [libs.ThreadManager:43] STATE     |                                              NAME
[2018-09-03 16:01:18] DEBUG [libs.ThreadManager:45] DONE      |                                 __refresh_devices
[2018-09-03 16:01:18] DEBUG [libs.ThreadManager:45] DONE      |                               __update_8020_state
[2018-09-03 16:01:18] DEBUG [libs.ThreadManager:94] STARTED   |                                 __refresh_devices
[2018-09-03 16:01:18] DEBUG [libs.Utility:28] List of devices attached

[2018-09-03 16:01:18] DEBUG [libs.Utility:28] 

[2018-09-03 16:01:18] DEBUG [libs.ThreadManager:43] STATE     |                                              NAME
[2018-09-03 16:01:18] DEBUG [libs.ThreadManager:45] DONE      |                                 __refresh_devices
[2018-09-03 16:01:18] DEBUG [libs.ThreadManager:45] DONE      |                               __update_8020_state
[2018-09-03 16:01:18] DEBUG [libs.ThreadManager:94] STARTED   |                                 __refresh_devices
[2018-09-03 16:01:18] DEBUG [libs.Utility:28] List of devices attached

[2018-09-03 16:01:18] DEBUG [libs.Utility:28] 

[2018-09-03 16:01:19] DEBUG [libs.ThreadManager:43] STATE     |                                              NAME
[2018-09-03 16:01:19] DEBUG [libs.ThreadManager:45] DONE      |                                 __refresh_devices
[2018-09-03 16:01:19] DEBUG [libs.ThreadManager:45] DONE      |                               __update_8020_state
[2018-09-03 16:01:19] DEBUG [libs.ThreadManager:94] STARTED   |                                 __refresh_devices
[2018-09-03 16:01:19] DEBUG [libs.Utility:28] List of devices attached

[2018-09-03 16:01:19] DEBUG [libs.Utility:28] 

[2018-09-03 16:03:23] DEBUG [libs.ThreadManager:43] STATE     |                                              NAME
[2018-09-03 16:03:23] DEBUG [libs.ThreadManager:45] DONE      |                                 __refresh_devices
[2018-09-03 16:03:23] DEBUG [libs.ThreadManager:45] DONE      |                               __update_8020_state
[2018-09-03 16:03:23] DEBUG [libs.ThreadManager:94] STARTED   |                                 __refresh_devices
[2018-09-03 16:03:23] DEBUG [libs.Utility:28] List of devices attached

[2018-09-03 16:03:23] DEBUG [libs.Utility:28] 8f69c45a	device

[2018-09-03 16:03:23] DEBUG [libs.Utility:28] 

[2018-09-03 16:03:23] DEBUG [libs.Notebook.AR8020:291] check the AR 8020 state in device:8f69c45a
[2018-09-03 16:03:24] DEBUG [libs.ThreadManager:43] STATE     |                                              NAME
[2018-09-03 16:03:24] DEBUG [libs.ThreadManager:45] DONE      |                                 __refresh_devices
[2018-09-03 16:03:24] DEBUG [libs.ThreadManager:45] DONE      |                               __update_8020_state
[2018-09-03 16:03:24] DEBUG [libs.ThreadManager:94] STARTED   |                               __update_8020_state
[2018-09-03 16:03:24] DEBUG [libs.Notebook.AR8020:291] check the AR 8020 state in device:8f69c45a
[2018-09-03 16:05:34] DEBUG [libs.ThreadManager:43] STATE     |                                              NAME
[2018-09-03 16:05:34] DEBUG [libs.ThreadManager:45] DONE      |                                 __refresh_devices
[2018-09-03 16:05:34] DEBUG [libs.ThreadManager:45] DONE      |                               __update_8020_state
[2018-09-03 16:05:34] DEBUG [libs.ThreadManager:94] STARTED   |                               __update_8020_state
[2018-09-03 16:05:34] DEBUG [libs.Notebook.AR8020:291] check the AR 8020 state in device:8f69c45a
[2018-09-03 16:06:55] DEBUG [libs.ThreadManager:43] STATE     |                                              NAME
[2018-09-03 16:06:55] DEBUG [libs.ThreadManager:45] DONE      |                                 __refresh_devices
[2018-09-03 16:06:55] DEBUG [libs.ThreadManager:45] DONE      |                               __update_8020_state
[2018-09-03 16:06:55] DEBUG [libs.ThreadManager:94] STARTED   |                               __update_8020_state
[2018-09-03 16:06:55] DEBUG [libs.Notebook.AR8020:291] check the AR 8020 state in device:8f69c45a
[2018-09-03 16:06:56] DEBUG [libs.ThreadManager:43] STATE     |                                              NAME
[2018-09-03 16:06:56] DEBUG [libs.ThreadManager:45] DONE      |                                 __refresh_devices
[2018-09-03 16:06:56] DEBUG [libs.ThreadManager:45] DONE      |                               __update_8020_state
[2018-09-03 16:06:56] DEBUG [libs.ThreadManager:94] STARTED   |                               __update_8020_state
[2018-09-03 16:06:56] DEBUG [libs.Notebook.AR8020:291] check the AR 8020 state in device:8f69c45a
