[2018-08-31 10:55:59] DEBUG [libs.Utility:27] List of devices attached

[2018-08-31 10:55:59] DEBUG [libs.Utility:27] 8f69c4ae	device

[2018-08-31 10:55:59] DEBUG [libs.Utility:27] 

[2018-08-31 10:55:59] DEBUG [libs.Utility:27] List of devices attached

[2018-08-31 10:55:59] DEBUG [libs.Utility:27] 8f69c4ae	device

[2018-08-31 10:55:59] DEBUG [libs.Utility:27] 

[2018-08-31 10:56:01] DEBUG [libs.ThreadManager:43] STATE     |                                              NAME
[2018-08-31 10:56:01] DEBUG [libs.ThreadManager:94] STARTED   |                               __update_8020_state
[2018-08-31 10:56:01] DEBUG [libs.Notebook.AR8020:238] check the AR 8020 state in device:8f69c4ae
[2018-08-31 11:09:35] DEBUG [libs.ThreadManager:43] STATE     |                                              NAME
[2018-08-31 11:09:35] DEBUG [libs.ThreadManager:45] DONE      |                               __update_8020_state
[2018-08-31 11:09:35] DEBUG [libs.ThreadManager:94] STARTED   |                               __update_8020_state
[2018-08-31 11:09:35] DEBUG [libs.Notebook.AR8020:238] check the AR 8020 state in device:8f69c4ae
[2018-08-31 11:09:36] DEBUG [libs.ThreadManager:43] STATE     |                                              NAME
[2018-08-31 11:09:36] DEBUG [libs.ThreadManager:45] DONE      |                               __update_8020_state
[2018-08-31 11:09:36] DEBUG [libs.ThreadManager:94] STARTED   |                               __update_8020_state
[2018-08-31 11:09:36] DEBUG [libs.Notebook.AR8020:238] check the AR 8020 state in device:8f69c4ae
[2018-08-31 11:10:20] DEBUG [libs.ThreadManager:43] STATE     |                                              NAME
[2018-08-31 11:10:20] DEBUG [libs.ThreadManager:45] DONE      |                               __update_8020_state
[2018-08-31 11:10:20] DEBUG [libs.ThreadManager:94] STARTED   |                               __update_8020_state
[2018-08-31 11:10:20] DEBUG [libs.Notebook.AR8020:238] check the AR 8020 state in device:8f69c4ae
[2018-08-31 11:10:21] DEBUG [libs.ThreadManager:43] STATE     |                                              NAME
[2018-08-31 11:10:21] DEBUG [libs.ThreadManager:45] DONE      |                               __update_8020_state
[2018-08-31 11:10:21] DEBUG [libs.ThreadManager:94] STARTED   |                               __update_8020_state
[2018-08-31 11:10:21] DEBUG [libs.Notebook.AR8020:238] check the AR 8020 state in device:8f69c4ae
[2018-08-31 11:10:30] DEBUG [libs.ThreadManager:43] STATE     |                                              NAME
[2018-08-31 11:10:30] DEBUG [libs.ThreadManager:45] DONE      |                               __update_8020_state
[2018-08-31 11:10:30] DEBUG [libs.ThreadManager:94] STARTED   |                               __update_8020_state
[2018-08-31 11:10:30] DEBUG [libs.Notebook.AR8020:238] check the AR 8020 state in device:8f69c4ae
[2018-08-31 11:10:30] DEBUG [libs.ThreadManager:43] STATE     |                                              NAME
[2018-08-31 11:10:30] DEBUG [libs.ThreadManager:45] DONE      |                               __update_8020_state
[2018-08-31 11:10:30] DEBUG [libs.ThreadManager:94] STARTED   |                               __update_8020_state
[2018-08-31 11:10:30] DEBUG [libs.Notebook.AR8020:238] check the AR 8020 state in device:8f69c4ae
[2018-08-31 11:10:44] DEBUG [libs.ThreadManager:43] STATE     |                                              NAME
[2018-08-31 11:10:44] DEBUG [libs.ThreadManager:45] DONE      |                               __update_8020_state
[2018-08-31 11:10:44] DEBUG [libs.ThreadManager:94] STARTED   |                               __update_8020_state
[2018-08-31 11:10:44] DEBUG [libs.Notebook.AR8020:238] check the AR 8020 state in device:8f69c4ae
[2018-08-31 11:10:44] DEBUG [libs.ThreadManager:43] STATE     |                                              NAME
[2018-08-31 11:10:44] DEBUG [libs.ThreadManager:45] DONE      |                               __update_8020_state
[2018-08-31 11:10:44] DEBUG [libs.ThreadManager:94] STARTED   |                               __update_8020_state
[2018-08-31 11:10:44] DEBUG [libs.Notebook.AR8020:238] check the AR 8020 state in device:8f69c4ae
[2018-08-31 11:10:46] DEBUG [libs.ThreadManager:43] STATE     |                                              NAME
[2018-08-31 11:10:46] DEBUG [libs.ThreadManager:45] DONE      |                               __update_8020_state
[2018-08-31 11:10:46] DEBUG [libs.ThreadManager:94] STARTED   |                               __update_8020_state
[2018-08-31 11:10:46] DEBUG [libs.Notebook.AR8020:238] check the AR 8020 state in device:8f69c4ae
[2018-08-31 12:33:01] DEBUG [libs.ThreadManager:43] STATE     |                                              NAME
[2018-08-31 12:33:01] DEBUG [libs.ThreadManager:45] DONE      |                               __update_8020_state
[2018-08-31 12:33:01] DEBUG [libs.ThreadManager:94] STARTED   |                               __update_8020_state
[2018-08-31 12:33:01] DEBUG [libs.Notebook.AR8020:238] check the AR 8020 state in device:8f69c4ae
[2018-08-31 12:33:02] DEBUG [libs.ThreadManager:43] STATE     |                                              NAME
[2018-08-31 12:33:02] DEBUG [libs.ThreadManager:45] DONE      |                               __update_8020_state
[2018-08-31 12:33:02] DEBUG [libs.ThreadManager:94] STARTED   |                               __update_8020_state
[2018-08-31 12:33:02] DEBUG [libs.Notebook.AR8020:238] check the AR 8020 state in device:8f69c4ae
[2018-08-31 13:06:00] DEBUG [libs.ThreadManager:43] STATE     |                                              NAME
[2018-08-31 13:06:00] DEBUG [libs.ThreadManager:45] DONE      |                               __update_8020_state
[2018-08-31 13:06:00] DEBUG [libs.ThreadManager:94] STARTED   |                               __update_8020_state
[2018-08-31 13:06:00] DEBUG [libs.Notebook.AR8020:238] check the AR 8020 state in device:8f69c4ae
[2018-08-31 13:06:01] DEBUG [libs.ThreadManager:43] STATE     |                                              NAME
[2018-08-31 13:06:01] DEBUG [libs.ThreadManager:45] DONE      |                               __update_8020_state
[2018-08-31 13:06:01] DEBUG [libs.ThreadManager:94] STARTED   |                               __update_8020_state
[2018-08-31 13:06:01] DEBUG [libs.Notebook.AR8020:238] check the AR 8020 state in device:8f69c4ae
[2018-08-31 13:12:32] DEBUG [libs.ThreadManager:43] STATE     |                                              NAME
[2018-08-31 13:12:32] DEBUG [libs.ThreadManager:45] DONE      |                               __update_8020_state
[2018-08-31 13:12:32] DEBUG [libs.ThreadManager:94] STARTED   |                               __update_8020_state
[2018-08-31 13:12:32] DEBUG [libs.Notebook.AR8020:238] check the AR 8020 state in device:8f69c4ae
[2018-08-31 13:12:32] DEBUG [libs.ThreadManager:43] STATE     |                                              NAME
[2018-08-31 13:12:32] DEBUG [libs.ThreadManager:45] DONE      |                               __update_8020_state
[2018-08-31 13:12:32] DEBUG [libs.ThreadManager:94] STARTED   |                               __update_8020_state
[2018-08-31 13:12:32] DEBUG [libs.Notebook.AR8020:238] check the AR 8020 state in device:8f69c4ae
[2018-08-31 13:22:17] DEBUG [libs.ThreadManager:43] STATE     |                                              NAME
[2018-08-31 13:22:17] DEBUG [libs.ThreadManager:45] DONE      |                               __update_8020_state
[2018-08-31 13:22:17] DEBUG [libs.ThreadManager:94] STARTED   |                               __update_8020_state
[2018-08-31 13:22:17] DEBUG [libs.Notebook.AR8020:238] check the AR 8020 state in device:8f69c4ae
[2018-08-31 13:22:18] DEBUG [libs.ThreadManager:43] STATE     |                                              NAME
[2018-08-31 13:22:18] DEBUG [libs.ThreadManager:45] DONE      |                               __update_8020_state
[2018-08-31 13:22:18] DEBUG [libs.ThreadManager:94] STARTED   |                               __update_8020_state
[2018-08-31 13:22:18] DEBUG [libs.Notebook.AR8020:238] check the AR 8020 state in device:8f69c4ae
[2018-08-31 13:30:52] DEBUG [libs.ThreadManager:43] STATE     |                                              NAME
[2018-08-31 13:30:52] DEBUG [libs.ThreadManager:45] DONE      |                               __update_8020_state
[2018-08-31 13:30:52] DEBUG [libs.ThreadManager:94] STARTED   |                               __update_8020_state
[2018-08-31 13:30:52] DEBUG [libs.Notebook.AR8020:238] check the AR 8020 state in device:8f69c4ae
[2018-08-31 13:30:52] DEBUG [libs.ThreadManager:43] STATE     |                                              NAME
[2018-08-31 13:30:52] DEBUG [libs.ThreadManager:45] DONE      |                               __update_8020_state
[2018-08-31 13:30:52] DEBUG [libs.ThreadManager:94] STARTED   |                               __update_8020_state
[2018-08-31 13:30:52] DEBUG [libs.Notebook.AR8020:238] check the AR 8020 state in device:8f69c4ae
[2018-08-31 13:31:05] DEBUG [libs.ThreadManager:43] STATE     |                                              NAME
[2018-08-31 13:31:05] DEBUG [libs.ThreadManager:45] DONE      |                               __update_8020_state
[2018-08-31 13:31:05] DEBUG [libs.ThreadManager:94] STARTED   |                               __update_8020_state
[2018-08-31 13:31:05] DEBUG [libs.Notebook.AR8020:238] check the AR 8020 state in device:8f69c4ae
[2018-08-31 13:31:05] DEBUG [libs.ThreadManager:43] STATE     |                                              NAME
[2018-08-31 13:31:05] DEBUG [libs.ThreadManager:45] DONE      |                               __update_8020_state
[2018-08-31 13:31:05] DEBUG [libs.ThreadManager:94] STARTED   |                               __update_8020_state
[2018-08-31 13:31:05] DEBUG [libs.Notebook.AR8020:238] check the AR 8020 state in device:8f69c4ae
[2018-08-31 13:31:35] DEBUG [libs.ThreadManager:43] STATE     |                                              NAME
[2018-08-31 13:31:35] DEBUG [libs.ThreadManager:45] DONE      |                               __update_8020_state
[2018-08-31 13:31:35] DEBUG [libs.ThreadManager:94] STARTED   |                               __update_8020_state
[2018-08-31 13:31:35] DEBUG [libs.Notebook.AR8020:238] check the AR 8020 state in device:8f69c4ae
[2018-08-31 13:31:36] DEBUG [libs.ThreadManager:43] STATE     |                                              NAME
[2018-08-31 13:31:36] DEBUG [libs.ThreadManager:45] DONE      |                               __update_8020_state
[2018-08-31 13:31:36] DEBUG [libs.ThreadManager:94] STARTED   |                               __update_8020_state
[2018-08-31 13:31:36] DEBUG [libs.Notebook.AR8020:238] check the AR 8020 state in device:8f69c4ae
[2018-08-31 13:38:07] DEBUG [libs.ThreadManager:43] STATE     |                                              NAME
[2018-08-31 13:38:07] DEBUG [libs.ThreadManager:45] DONE      |                               __update_8020_state
[2018-08-31 13:38:07] DEBUG [libs.ThreadManager:94] STARTED   |                               __update_8020_state
[2018-08-31 13:38:07] DEBUG [libs.Notebook.AR8020:238] check the AR 8020 state in device:8f69c4ae
[2018-08-31 13:38:08] DEBUG [libs.ThreadManager:43] STATE     |                                              NAME
[2018-08-31 13:38:08] DEBUG [libs.ThreadManager:45] DONE      |                               __update_8020_state
[2018-08-31 13:38:08] DEBUG [libs.ThreadManager:94] STARTED   |                               __update_8020_state
[2018-08-31 13:38:08] DEBUG [libs.Notebook.AR8020:238] check the AR 8020 state in device:8f69c4ae
[2018-08-31 14:03:20] DEBUG [libs.ThreadManager:43] STATE     |                                              NAME
[2018-08-31 14:03:20] DEBUG [libs.ThreadManager:45] DONE      |                               __update_8020_state
[2018-08-31 14:03:20] DEBUG [libs.ThreadManager:94] STARTED   |                                 __refresh_devices
[2018-08-31 14:03:20] DEBUG [libs.Utility:27] List of devices attached

[2018-08-31 14:03:20] DEBUG [libs.Utility:27] ST12345678	device

[2018-08-31 14:03:20] DEBUG [libs.Utility:27] 

[2018-08-31 14:03:20] DEBUG [libs.Notebook.AR8020:238] check the AR 8020 state in device:ST12345678
[2018-08-31 14:03:20] DEBUG [libs.ThreadManager:43] STATE     |                                              NAME
[2018-08-31 14:03:20] DEBUG [libs.ThreadManager:45] DONE      |                                 __refresh_devices
[2018-08-31 14:03:20] DEBUG [libs.ThreadManager:45] DONE      |                               __update_8020_state
[2018-08-31 14:03:20] DEBUG [libs.ThreadManager:94] STARTED   |                                 __refresh_devices
[2018-08-31 14:03:20] DEBUG [libs.Utility:27] List of devices attached

[2018-08-31 14:03:20] DEBUG [libs.Utility:27] ST12345678	device

[2018-08-31 14:03:20] DEBUG [libs.Utility:27] 

[2018-08-31 14:03:20] DEBUG [libs.Notebook.AR8020:238] check the AR 8020 state in device:ST12345678
[2018-08-31 14:03:21] DEBUG [libs.ThreadManager:43] STATE     |                                              NAME
[2018-08-31 14:03:21] DEBUG [libs.ThreadManager:45] DONE      |                                 __refresh_devices
[2018-08-31 14:03:21] DEBUG [libs.ThreadManager:45] DONE      |                               __update_8020_state
[2018-08-31 14:03:21] DEBUG [libs.ThreadManager:94] STARTED   |                                 __refresh_devices
[2018-08-31 14:03:21] DEBUG [libs.Utility:27] List of devices attached

[2018-08-31 14:03:21] DEBUG [libs.Utility:27] ST12345678	device

[2018-08-31 14:03:21] DEBUG [libs.Utility:27] 

[2018-08-31 14:03:21] DEBUG [libs.Notebook.AR8020:238] check the AR 8020 state in device:ST12345678
[2018-08-31 14:03:22] DEBUG [libs.ThreadManager:43] STATE     |                                              NAME
[2018-08-31 14:03:22] DEBUG [libs.ThreadManager:45] DONE      |                                 __refresh_devices
[2018-08-31 14:03:22] DEBUG [libs.ThreadManager:45] DONE      |                               __update_8020_state
[2018-08-31 14:03:22] DEBUG [libs.ThreadManager:94] STARTED   |                                 __refresh_devices
[2018-08-31 14:03:22] DEBUG [libs.Utility:27] List of devices attached

[2018-08-31 14:03:22] DEBUG [libs.Utility:27] ST12345678	device

[2018-08-31 14:03:22] DEBUG [libs.Utility:27] 

[2018-08-31 14:03:22] DEBUG [libs.Notebook.AR8020:238] check the AR 8020 state in device:ST12345678
[2018-08-31 14:15:05] DEBUG [libs.ThreadManager:43] STATE     |                                              NAME
[2018-08-31 14:15:05] DEBUG [libs.ThreadManager:45] DONE      |                                 __refresh_devices
[2018-08-31 14:15:05] DEBUG [libs.ThreadManager:45] DONE      |                               __update_8020_state
[2018-08-31 14:15:05] DEBUG [libs.ThreadManager:94] STARTED   |                                 __refresh_devices
[2018-08-31 14:15:05] DEBUG [libs.Utility:27] List of devices attached

[2018-08-31 14:15:05] DEBUG [libs.Utility:27] 8f69c4ae	device

[2018-08-31 14:15:05] DEBUG [libs.Utility:27] 

[2018-08-31 14:15:05] DEBUG [libs.Notebook.AR8020:238] check the AR 8020 state in device:8f69c4ae
[2018-08-31 14:15:06] DEBUG [libs.ThreadManager:43] STATE     |                                              NAME
[2018-08-31 14:15:06] DEBUG [libs.ThreadManager:45] DONE      |                                 __refresh_devices
[2018-08-31 14:15:06] DEBUG [libs.ThreadManager:45] DONE      |                               __update_8020_state
[2018-08-31 14:15:06] DEBUG [libs.ThreadManager:94] STARTED   |                               __update_8020_state
[2018-08-31 14:15:06] DEBUG [libs.Notebook.AR8020:238] check the AR 8020 state in device:8f69c4ae
[2018-08-31 14:16:18] DEBUG [libs.ThreadManager:43] STATE     |                                              NAME
[2018-08-31 14:16:18] DEBUG [libs.ThreadManager:45] DONE      |                                 __refresh_devices
[2018-08-31 14:16:18] DEBUG [libs.ThreadManager:45] DONE      |                               __update_8020_state
[2018-08-31 14:16:18] DEBUG [libs.ThreadManager:94] STARTED   |                               __update_8020_state
[2018-08-31 14:16:18] DEBUG [libs.Notebook.AR8020:238] check the AR 8020 state in device:8f69c4ae
[2018-08-31 14:16:18] DEBUG [libs.ThreadManager:43] STATE     |                                              NAME
[2018-08-31 14:16:18] DEBUG [libs.ThreadManager:45] DONE      |                                 __refresh_devices
[2018-08-31 14:16:18] DEBUG [libs.ThreadManager:45] DONE      |                               __update_8020_state
[2018-08-31 14:16:18] DEBUG [libs.ThreadManager:94] STARTED   |                               __update_8020_state
[2018-08-31 14:16:18] DEBUG [libs.Notebook.AR8020:238] check the AR 8020 state in device:8f69c4ae
[2018-08-31 14:48:40] DEBUG [libs.ThreadManager:43] STATE     |                                              NAME
[2018-08-31 14:48:40] DEBUG [libs.ThreadManager:45] DONE      |                                 __refresh_devices
[2018-08-31 14:48:40] DEBUG [libs.ThreadManager:45] DONE      |                               __update_8020_state
[2018-08-31 14:48:40] DEBUG [libs.ThreadManager:94] STARTED   |                               __update_8020_state
[2018-08-31 14:48:40] DEBUG [libs.Notebook.AR8020:238] check the AR 8020 state in device:8f69c4ae
[2018-08-31 14:48:41] DEBUG [libs.ThreadManager:43] STATE     |                                              NAME
[2018-08-31 14:48:41] DEBUG [libs.ThreadManager:45] DONE      |                                 __refresh_devices
[2018-08-31 14:48:41] DEBUG [libs.ThreadManager:45] DONE      |                               __update_8020_state
[2018-08-31 14:48:41] DEBUG [libs.ThreadManager:94] STARTED   |                               __update_8020_state
[2018-08-31 14:48:41] DEBUG [libs.Notebook.AR8020:238] check the AR 8020 state in device:8f69c4ae
