[2018-08-28 16:43:15] DEBUG [libs.Utility:28] List of devices attached

[2018-08-28 16:43:15] DEBUG [libs.Utility:28] 8f69c4ae	device

[2018-08-28 16:43:15] DEBUG [libs.Utility:28] 

[2018-08-28 16:43:15] DEBUG [libs.Utility:28] List of devices attached

[2018-08-28 16:43:15] DEBUG [libs.Utility:28] 8f69c4ae	device

[2018-08-28 16:43:15] DEBUG [libs.Utility:28] 

[2018-08-28 16:43:16] DEBUG [libs.ThreadManager:43] STATE     |                                              NAME
[2018-08-28 16:43:16] DEBUG [libs.ThreadManager:94] STARTED   |                               __update_8020_state
[2018-08-28 16:43:16] DEBUG [libs.Notebook.AR8020:161] check the AR 8020 state in device:
[2018-08-28 16:43:17] DEBUG [libs.ThreadManager:43] STATE     |                                              NAME
[2018-08-28 16:43:17] DEBUG [libs.ThreadManager:45] DONE      |                               __update_8020_state
[2018-08-28 16:43:17] DEBUG [libs.ThreadManager:94] STARTED   |                               __update_8020_state
[2018-08-28 16:43:17] DEBUG [libs.Notebook.AR8020:161] check the AR 8020 state in device:8f69c4ae
[2018-08-28 16:43:18] DEBUG [libs.ThreadManager:43] STATE     |                                              NAME
[2018-08-28 16:43:18] DEBUG [libs.ThreadManager:45] DONE      |                               __update_8020_state
[2018-08-28 16:43:18] DEBUG [libs.ThreadManager:94] STARTED   |                               __update_8020_state
[2018-08-28 16:43:18] DEBUG [libs.Notebook.AR8020:161] check the AR 8020 state in device:8f69c4ae
[2018-08-28 16:43:20] DEBUG [libs.ThreadManager:43] STATE     |                                              NAME
[2018-08-28 16:43:20] DEBUG [libs.ThreadManager:45] DONE      |                               __update_8020_state
[2018-08-28 16:43:20] DEBUG [libs.ThreadManager:94] STARTED   |                               __update_8020_state
[2018-08-28 16:43:20] DEBUG [libs.Notebook.AR8020:161] check the AR 8020 state in device:8f69c4ae
