[2018-09-04 13:55:50] DEBUG [libs.Utility:28] List of devices attached

[2018-09-04 13:55:50] DEBUG [libs.Utility:28] 8f69c4ae	device

[2018-09-04 13:55:50] DEBUG [libs.Utility:28] 

[2018-09-04 13:55:51] DEBUG [libs.Utility:28] List of devices attached

[2018-09-04 13:55:51] DEBUG [libs.Utility:28] 8f69c4ae	device

[2018-09-04 13:55:51] DEBUG [libs.Utility:28] 

[2018-09-04 13:56:01] DEBUG [libs.ThreadManager:43] STATE     |                                              NAME
[2018-09-04 13:56:01] DEBUG [libs.ThreadManager:94] STARTED   |                                  Upgrade:8f69c4ae
[2018-09-04 13:57:07] DEBUG [libs.ThreadManager:43] STATE     |                                              NAME
[2018-09-04 13:57:07] DEBUG [libs.ThreadManager:45] RUNNING   |                                  Upgrade:8f69c4ae
[2018-09-04 13:57:07] DEBUG [libs.ThreadManager:94] STARTED   |                                         __refresh
[2018-09-04 13:57:07] DEBUG [libs.Utility:28] List of devices attached

[2018-09-04 13:57:07] DEBUG [libs.Utility:28] 

[2018-09-04 13:57:08] DEBUG [libs.ThreadManager:43] STATE     |                                              NAME
[2018-09-04 13:57:08] DEBUG [libs.ThreadManager:45] RUNNING   |                                  Upgrade:8f69c4ae
[2018-09-04 13:57:08] DEBUG [libs.ThreadManager:45] DONE      |                                         __refresh
[2018-09-04 13:57:08] DEBUG [libs.ThreadManager:94] STARTED   |                                         __refresh
[2018-09-04 13:57:08] DEBUG [libs.Utility:28] List of devices attached

[2018-09-04 13:57:08] DEBUG [libs.Utility:28] 

[2018-09-04 13:57:09] DEBUG [libs.ThreadManager:43] STATE     |                                              NAME
[2018-09-04 13:57:09] DEBUG [libs.ThreadManager:45] RUNNING   |                                  Upgrade:8f69c4ae
[2018-09-04 13:57:09] DEBUG [libs.ThreadManager:45] DONE      |                                         __refresh
[2018-09-04 13:57:09] DEBUG [libs.ThreadManager:94] STARTED   |                                         __refresh
[2018-09-04 13:57:09] DEBUG [libs.Utility:28] List of devices attached

[2018-09-04 13:57:09] DEBUG [libs.Utility:28] 

[2018-09-04 13:57:09] DEBUG [libs.ThreadManager:43] STATE     |                                              NAME
[2018-09-04 13:57:09] DEBUG [libs.ThreadManager:45] RUNNING   |                                  Upgrade:8f69c4ae
[2018-09-04 13:57:09] DEBUG [libs.ThreadManager:45] DONE      |                                         __refresh
[2018-09-04 13:57:09] DEBUG [libs.ThreadManager:94] STARTED   |                                         __refresh
[2018-09-04 13:57:09] DEBUG [libs.Utility:28] List of devices attached

[2018-09-04 13:57:09] DEBUG [libs.Utility:28] 

[2018-09-04 13:57:10] DEBUG [libs.ThreadManager:43] STATE     |                                              NAME
[2018-09-04 13:57:10] DEBUG [libs.ThreadManager:45] RUNNING   |                                  Upgrade:8f69c4ae
[2018-09-04 13:57:10] DEBUG [libs.ThreadManager:45] DONE      |                                         __refresh
[2018-09-04 13:57:10] DEBUG [libs.ThreadManager:94] STARTED   |                                         __refresh
[2018-09-04 13:57:10] DEBUG [libs.Utility:28] List of devices attached

[2018-09-04 13:57:10] DEBUG [libs.Utility:28] 

[2018-09-04 13:57:12] DEBUG [libs.ThreadManager:43] STATE     |                                              NAME
[2018-09-04 13:57:12] DEBUG [libs.ThreadManager:45] RUNNING   |                                  Upgrade:8f69c4ae
[2018-09-04 13:57:12] DEBUG [libs.ThreadManager:45] DONE      |                                         __refresh
[2018-09-04 13:57:12] DEBUG [libs.ThreadManager:94] STARTED   |                                         __refresh
[2018-09-04 13:57:12] DEBUG [libs.Utility:28] List of devices attached

[2018-09-04 13:57:12] DEBUG [libs.Utility:28] 

[2018-09-04 13:57:13] DEBUG [libs.ThreadManager:43] STATE     |                                              NAME
[2018-09-04 13:57:13] DEBUG [libs.ThreadManager:45] RUNNING   |                                  Upgrade:8f69c4ae
[2018-09-04 13:57:13] DEBUG [libs.ThreadManager:45] DONE      |                                         __refresh
[2018-09-04 13:57:13] DEBUG [libs.ThreadManager:94] STARTED   |                                         __refresh
[2018-09-04 13:57:13] DEBUG [libs.Utility:28] List of devices attached

[2018-09-04 13:57:13] DEBUG [libs.Utility:28] 

[2018-09-04 13:57:13] DEBUG [libs.ThreadManager:43] STATE     |                                              NAME
[2018-09-04 13:57:13] DEBUG [libs.ThreadManager:45] RUNNING   |                                  Upgrade:8f69c4ae
[2018-09-04 13:57:13] DEBUG [libs.ThreadManager:45] DONE      |                                         __refresh
[2018-09-04 13:57:13] DEBUG [libs.ThreadManager:94] STARTED   |                                         __refresh
[2018-09-04 13:57:13] DEBUG [libs.Utility:28] List of devices attached

[2018-09-04 13:57:13] DEBUG [libs.Utility:28] 

[2018-09-04 13:57:14] DEBUG [libs.ThreadManager:43] STATE     |                                              NAME
[2018-09-04 13:57:14] DEBUG [libs.ThreadManager:45] RUNNING   |                                  Upgrade:8f69c4ae
[2018-09-04 13:57:14] DEBUG [libs.ThreadManager:45] DONE      |                                         __refresh
[2018-09-04 13:57:14] DEBUG [libs.ThreadManager:94] STARTED   |                                         __refresh
[2018-09-04 13:57:14] DEBUG [libs.Utility:28] List of devices attached

[2018-09-04 13:57:14] DEBUG [libs.Utility:28] 

[2018-09-04 13:57:14] DEBUG [libs.ThreadManager:43] STATE     |                                              NAME
[2018-09-04 13:57:14] DEBUG [libs.ThreadManager:45] RUNNING   |                                  Upgrade:8f69c4ae
[2018-09-04 13:57:14] DEBUG [libs.ThreadManager:45] DONE      |                                         __refresh
[2018-09-04 13:57:14] DEBUG [libs.ThreadManager:94] STARTED   |                                         __refresh
[2018-09-04 13:57:14] DEBUG [libs.Utility:28] List of devices attached

[2018-09-04 13:57:14] DEBUG [libs.Utility:28] 

[2018-09-04 13:57:15] DEBUG [libs.ThreadManager:43] STATE     |                                              NAME
[2018-09-04 13:57:15] DEBUG [libs.ThreadManager:45] RUNNING   |                                  Upgrade:8f69c4ae
[2018-09-04 13:57:15] DEBUG [libs.ThreadManager:45] DONE      |                                         __refresh
[2018-09-04 13:57:15] DEBUG [libs.ThreadManager:94] STARTED   |                                         __refresh
[2018-09-04 13:57:15] DEBUG [libs.Utility:28] List of devices attached

[2018-09-04 13:57:15] DEBUG [libs.Utility:28] 

[2018-09-04 13:57:16] DEBUG [libs.ThreadManager:43] STATE     |                                              NAME
[2018-09-04 13:57:16] DEBUG [libs.ThreadManager:45] RUNNING   |                                  Upgrade:8f69c4ae
[2018-09-04 13:57:16] DEBUG [libs.ThreadManager:45] DONE      |                                         __refresh
[2018-09-04 13:57:16] DEBUG [libs.ThreadManager:94] STARTED   |                                         __refresh
[2018-09-04 13:57:16] DEBUG [libs.Utility:28] List of devices attached

[2018-09-04 13:57:16] DEBUG [libs.Utility:28] 

[2018-09-04 13:57:16] DEBUG [libs.ThreadManager:43] STATE     |                                              NAME
[2018-09-04 13:57:16] DEBUG [libs.ThreadManager:45] RUNNING   |                                  Upgrade:8f69c4ae
[2018-09-04 13:57:16] DEBUG [libs.ThreadManager:45] DONE      |                                         __refresh
[2018-09-04 13:57:16] DEBUG [libs.ThreadManager:94] STARTED   |                                         __refresh
[2018-09-04 13:57:16] DEBUG [libs.Utility:28] List of devices attached

[2018-09-04 13:57:16] DEBUG [libs.Utility:28] 

[2018-09-04 13:57:17] DEBUG [libs.ThreadManager:43] STATE     |                                              NAME
[2018-09-04 13:57:17] DEBUG [libs.ThreadManager:45] RUNNING   |                                  Upgrade:8f69c4ae
[2018-09-04 13:57:17] DEBUG [libs.ThreadManager:45] DONE      |                                         __refresh
[2018-09-04 13:57:17] DEBUG [libs.ThreadManager:94] STARTED   |                                         __refresh
[2018-09-04 13:57:17] DEBUG [libs.Utility:28] List of devices attached

[2018-09-04 13:57:17] DEBUG [libs.Utility:28] 

[2018-09-04 13:57:18] DEBUG [libs.ThreadManager:43] STATE     |                                              NAME
[2018-09-04 13:57:18] DEBUG [libs.ThreadManager:45] RUNNING   |                                  Upgrade:8f69c4ae
[2018-09-04 13:57:18] DEBUG [libs.ThreadManager:45] DONE      |                                         __refresh
[2018-09-04 13:57:18] DEBUG [libs.ThreadManager:94] STARTED   |                                         __refresh
[2018-09-04 13:57:18] DEBUG [libs.Utility:28] List of devices attached

[2018-09-04 13:57:18] DEBUG [libs.Utility:28] 

[2018-09-04 13:57:18] DEBUG [libs.ThreadManager:43] STATE     |                                              NAME
[2018-09-04 13:57:18] DEBUG [libs.ThreadManager:45] RUNNING   |                                  Upgrade:8f69c4ae
[2018-09-04 13:57:18] DEBUG [libs.ThreadManager:45] DONE      |                                         __refresh
[2018-09-04 13:57:18] DEBUG [libs.ThreadManager:94] STARTED   |                                         __refresh
[2018-09-04 13:57:18] DEBUG [libs.Utility:28] List of devices attached

[2018-09-04 13:57:18] DEBUG [libs.Utility:28] 

[2018-09-04 13:57:19] DEBUG [libs.ThreadManager:43] STATE     |                                              NAME
[2018-09-04 13:57:19] DEBUG [libs.ThreadManager:45] RUNNING   |                                  Upgrade:8f69c4ae
[2018-09-04 13:57:19] DEBUG [libs.ThreadManager:45] DONE      |                                         __refresh
[2018-09-04 13:57:19] DEBUG [libs.ThreadManager:94] STARTED   |                                         __refresh
[2018-09-04 13:57:19] DEBUG [libs.Utility:28] List of devices attached

[2018-09-04 13:57:19] DEBUG [libs.Utility:28] 

[2018-09-04 13:57:20] DEBUG [libs.ThreadManager:43] STATE     |                                              NAME
[2018-09-04 13:57:20] DEBUG [libs.ThreadManager:45] RUNNING   |                                  Upgrade:8f69c4ae
[2018-09-04 13:57:20] DEBUG [libs.ThreadManager:45] DONE      |                                         __refresh
[2018-09-04 13:57:20] DEBUG [libs.ThreadManager:94] STARTED   |                                         __refresh
[2018-09-04 13:57:20] DEBUG [libs.Utility:28] List of devices attached

[2018-09-04 13:57:20] DEBUG [libs.Utility:28] 

[2018-09-04 13:57:20] DEBUG [libs.ThreadManager:43] STATE     |                                              NAME
[2018-09-04 13:57:20] DEBUG [libs.ThreadManager:45] RUNNING   |                                  Upgrade:8f69c4ae
[2018-09-04 13:57:20] DEBUG [libs.ThreadManager:45] DONE      |                                         __refresh
[2018-09-04 13:57:20] DEBUG [libs.ThreadManager:94] STARTED   |                                         __refresh
[2018-09-04 13:57:20] DEBUG [libs.Utility:28] List of devices attached

[2018-09-04 13:57:20] DEBUG [libs.Utility:28] 

