[2018-08-28 15:53:19] DEBUG [libs.Utility:27] List of devices attached

[2018-08-28 15:53:19] DEBUG [libs.Utility:27] 8f69c4ae	device

[2018-08-28 15:53:19] DEBUG [libs.Utility:27] 

[2018-08-28 15:53:19] DEBUG [libs.Utility:27] List of devices attached

[2018-08-28 15:53:19] DEBUG [libs.Utility:27] 8f69c4ae	device

[2018-08-28 15:53:19] DEBUG [libs.Utility:27] 

[2018-08-28 15:53:20] DEBUG [libs.ThreadManager:43] STATE     |                                              NAME
[2018-08-28 15:53:20] DEBUG [libs.ThreadManager:94] STARTED   |                                 update_8020_state
[2018-08-28 15:53:20] DEBUG [libs.Notebook.AR8020:150] check the AR 8020 state in device:8f69c4ae
[2018-08-28 15:53:23] DEBUG [libs.Notebook.AR8020:150] check the AR 8020 state in device:8f69c4ae
[2018-08-28 15:53:28] DEBUG [libs.Notebook.AR8020:150] check the AR 8020 state in device:8f69c4ae
[2018-08-28 15:53:29] DEBUG [libs.Notebook.AR8020:150] check the AR 8020 state in device:8f69c4ae
[2018-08-28 15:53:31] DEBUG [libs.ThreadManager:43] STATE     |                                              NAME
[2018-08-28 15:53:31] DEBUG [libs.ThreadManager:45] DONE      |                                 update_8020_state
[2018-08-28 15:53:31] DEBUG [libs.ThreadManager:94] STARTED   |                                           refresh
[2018-08-28 15:53:31] DEBUG [libs.Utility:27] List of devices attached

[2018-08-28 15:53:31] DEBUG [libs.Utility:27] 8f69c4ae	device

[2018-08-28 15:53:31] DEBUG [libs.Utility:27] 

[2018-08-28 15:53:32] DEBUG [libs.ThreadManager:43] STATE     |                                              NAME
[2018-08-28 15:53:32] DEBUG [libs.ThreadManager:45] DONE      |                                 update_8020_state
[2018-08-28 15:53:32] DEBUG [libs.ThreadManager:45] DONE      |                                           refresh
[2018-08-28 15:53:32] DEBUG [libs.ThreadManager:94] STARTED   |                                 update_8020_state
[2018-08-28 15:53:32] DEBUG [libs.Notebook.AR8020:150] check the AR 8020 state in device:8f69c4ae
[2018-08-28 15:53:34] DEBUG [libs.ThreadManager:43] STATE     |                                              NAME
[2018-08-28 15:53:34] DEBUG [libs.ThreadManager:45] DONE      |                                 update_8020_state
[2018-08-28 15:53:34] DEBUG [libs.ThreadManager:45] DONE      |                                           refresh
[2018-08-28 15:53:34] DEBUG [libs.ThreadManager:94] STARTED   |                                           refresh
[2018-08-28 15:53:34] DEBUG [libs.Utility:27] List of devices attached

[2018-08-28 15:53:34] DEBUG [libs.Utility:27] 8f69c4ae	device

[2018-08-28 15:53:34] DEBUG [libs.Utility:27] 

[2018-08-28 15:53:35] DEBUG [libs.ThreadManager:43] STATE     |                                              NAME
[2018-08-28 15:53:35] DEBUG [libs.ThreadManager:45] DONE      |                                 update_8020_state
[2018-08-28 15:53:35] DEBUG [libs.ThreadManager:45] DONE      |                                           refresh
[2018-08-28 15:53:35] DEBUG [libs.ThreadManager:94] STARTED   |                                 update_8020_state
[2018-08-28 15:53:35] DEBUG [libs.Notebook.AR8020:150] check the AR 8020 state in device:8f69c4ae
