[2018-08-28 16:26:52] DEBUG [libs.Utility:27] List of devices attached

[2018-08-28 16:26:52] DEBUG [libs.Utility:27] ST12345678	device

[2018-08-28 16:26:52] DEBUG [libs.Utility:27] 8f1bdd77	device

[2018-08-28 16:26:52] DEBUG [libs.Utility:27] 8f69c4ae	device

[2018-08-28 16:26:52] DEBUG [libs.Utility:27] 

[2018-08-28 16:26:52] DEBUG [libs.Utility:27] List of devices attached

[2018-08-28 16:26:52] DEBUG [libs.Utility:27] ST12345678	device

[2018-08-28 16:26:52] DEBUG [libs.Utility:27] 8f1bdd77	device

[2018-08-28 16:26:52] DEBUG [libs.Utility:27] 8f69c4ae	device

[2018-08-28 16:26:52] DEBUG [libs.Utility:27] 

[2018-08-28 16:26:54] DEBUG [libs.ThreadManager:43] STATE     |                                              NAME
[2018-08-28 16:26:54] DEBUG [libs.ThreadManager:94] STARTED   |                               __update_8020_state
[2018-08-28 16:26:54] DEBUG [libs.Notebook.AR8020:153] check the AR 8020 state in device:ST12345678
[2018-08-28 16:26:55] DEBUG [libs.ThreadManager:43] STATE     |                                              NAME
[2018-08-28 16:26:55] DEBUG [libs.ThreadManager:45] DONE      |                               __update_8020_state
[2018-08-28 16:26:55] DEBUG [libs.ThreadManager:94] STARTED   |                               __update_8020_state
[2018-08-28 16:26:55] DEBUG [libs.Notebook.AR8020:153] check the AR 8020 state in device:8f1bdd77
[2018-08-28 16:26:55] DEBUG [libs.ThreadManager:43] STATE     |                                              NAME
[2018-08-28 16:26:55] DEBUG [libs.ThreadManager:45] DONE      |                               __update_8020_state
[2018-08-28 16:26:55] DEBUG [libs.ThreadManager:94] STARTED   |                               __update_8020_state
[2018-08-28 16:26:55] DEBUG [libs.Notebook.AR8020:153] check the AR 8020 state in device:8f69c4ae
[2018-08-28 16:26:56] DEBUG [libs.ThreadManager:43] STATE     |                                              NAME
[2018-08-28 16:26:56] DEBUG [libs.ThreadManager:45] DONE      |                               __update_8020_state
[2018-08-28 16:26:56] DEBUG [libs.ThreadManager:94] STARTED   |                               __update_8020_state
[2018-08-28 16:26:56] DEBUG [libs.Notebook.AR8020:153] check the AR 8020 state in device:8f1bdd77
[2018-08-28 16:26:57] DEBUG [libs.ThreadManager:43] STATE     |                                              NAME
[2018-08-28 16:26:57] DEBUG [libs.ThreadManager:45] DONE      |                               __update_8020_state
[2018-08-28 16:26:57] DEBUG [libs.ThreadManager:94] STARTED   |                               __update_8020_state
[2018-08-28 16:26:57] DEBUG [libs.Notebook.AR8020:153] check the AR 8020 state in device:ST12345678
[2018-08-28 16:26:58] DEBUG [libs.ThreadManager:43] STATE     |                                              NAME
[2018-08-28 16:26:58] DEBUG [libs.ThreadManager:45] DONE      |                               __update_8020_state
[2018-08-28 16:26:58] DEBUG [libs.ThreadManager:94] STARTED   |                               __update_8020_state
[2018-08-28 16:26:58] DEBUG [libs.Notebook.AR8020:153] check the AR 8020 state in device:8f69c4ae
[2018-08-28 16:27:03] DEBUG [libs.ThreadManager:43] STATE     |                                              NAME
[2018-08-28 16:27:03] DEBUG [libs.ThreadManager:45] DONE      |                               __update_8020_state
[2018-08-28 16:27:03] DEBUG [libs.ThreadManager:94] STARTED   |                               __update_8020_state
[2018-08-28 16:27:03] DEBUG [libs.Notebook.AR8020:153] check the AR 8020 state in device:ST12345678
[2018-08-28 16:27:04] DEBUG [libs.ThreadManager:43] STATE     |                                              NAME
[2018-08-28 16:27:04] DEBUG [libs.ThreadManager:45] DONE      |                               __update_8020_state
[2018-08-28 16:27:04] DEBUG [libs.ThreadManager:94] STARTED   |                               __update_8020_state
[2018-08-28 16:27:04] DEBUG [libs.Notebook.AR8020:153] check the AR 8020 state in device:8f1bdd77
[2018-08-28 16:27:05] DEBUG [libs.ThreadManager:43] STATE     |                                              NAME
[2018-08-28 16:27:05] DEBUG [libs.ThreadManager:45] DONE      |                               __update_8020_state
[2018-08-28 16:27:05] DEBUG [libs.ThreadManager:94] STARTED   |                               __update_8020_state
[2018-08-28 16:27:05] DEBUG [libs.Notebook.AR8020:153] check the AR 8020 state in device:ST12345678
[2018-08-28 16:27:05] DEBUG [libs.ThreadManager:43] STATE     |                                              NAME
[2018-08-28 16:27:05] DEBUG [libs.ThreadManager:45] DONE      |                               __update_8020_state
[2018-08-28 16:27:05] DEBUG [libs.ThreadManager:94] STARTED   |                               __update_8020_state
[2018-08-28 16:27:05] DEBUG [libs.Notebook.AR8020:153] check the AR 8020 state in device:8f1bdd77
[2018-08-28 16:27:06] DEBUG [libs.ThreadManager:43] STATE     |                                              NAME
[2018-08-28 16:27:06] DEBUG [libs.ThreadManager:45] DONE      |                               __update_8020_state
[2018-08-28 16:27:06] DEBUG [libs.ThreadManager:94] STARTED   |                               __update_8020_state
[2018-08-28 16:27:06] DEBUG [libs.Notebook.AR8020:153] check the AR 8020 state in device:8f69c4ae
[2018-08-28 16:27:07] DEBUG [libs.ThreadManager:43] STATE     |                                              NAME
[2018-08-28 16:27:07] DEBUG [libs.ThreadManager:45] DONE      |                               __update_8020_state
[2018-08-28 16:27:07] DEBUG [libs.ThreadManager:94] STARTED   |                               __update_8020_state
[2018-08-28 16:27:07] DEBUG [libs.Notebook.AR8020:153] check the AR 8020 state in device:8f69c4ae
