[2018-09-03 14:16:19] DEBUG [libs.Utility:28] List of devices attached

[2018-09-03 14:16:19] DEBUG [libs.Utility:28] 

[2018-09-03 14:16:20] DEBUG [libs.Utility:28] List of devices attached

[2018-09-03 14:16:20] DEBUG [libs.Utility:28] 

[2018-09-03 14:16:22] DEBUG [libs.ThreadManager:43] STATE     |                                              NAME
[2018-09-03 14:16:22] DEBUG [libs.ThreadManager:94] STARTED   |                                         __refresh
[2018-09-03 14:16:22] DEBUG [libs.Utility:28] List of devices attached

[2018-09-03 14:16:22] DEBUG [libs.Utility:28] 

[2018-09-03 14:16:22] DEBUG [libs.ThreadManager:43] STATE     |                                              NAME
[2018-09-03 14:16:22] DEBUG [libs.ThreadManager:45] DONE      |                                         __refresh
[2018-09-03 14:16:22] DEBUG [libs.ThreadManager:94] STARTED   |                                         __refresh
[2018-09-03 14:16:22] DEBUG [libs.Utility:28] List of devices attached

[2018-09-03 14:16:22] DEBUG [libs.Utility:28] 

[2018-09-03 14:16:23] DEBUG [libs.ThreadManager:43] STATE     |                                              NAME
[2018-09-03 14:16:23] DEBUG [libs.ThreadManager:45] DONE      |                                         __refresh
[2018-09-03 14:16:23] DEBUG [libs.ThreadManager:94] STARTED   |                                         __refresh
[2018-09-03 14:16:23] DEBUG [libs.Utility:28] List of devices attached

[2018-09-03 14:16:23] DEBUG [libs.Utility:28] 

[2018-09-03 14:16:24] DEBUG [libs.ThreadManager:43] STATE     |                                              NAME
[2018-09-03 14:16:24] DEBUG [libs.ThreadManager:45] DONE      |                                         __refresh
[2018-09-03 14:16:24] DEBUG [libs.ThreadManager:94] STARTED   |                                         __refresh
[2018-09-03 14:16:24] DEBUG [libs.Utility:28] List of devices attached

[2018-09-03 14:16:24] DEBUG [libs.Utility:28] 

[2018-09-03 14:16:25] DEBUG [libs.ThreadManager:43] STATE     |                                              NAME
[2018-09-03 14:16:25] DEBUG [libs.ThreadManager:45] DONE      |                                         __refresh
[2018-09-03 14:16:25] DEBUG [libs.ThreadManager:94] STARTED   |                                         __refresh
[2018-09-03 14:16:25] DEBUG [libs.Utility:28] List of devices attached

[2018-09-03 14:16:25] DEBUG [libs.Utility:28] 

[2018-09-03 14:16:25] DEBUG [libs.ThreadManager:43] STATE     |                                              NAME
[2018-09-03 14:16:25] DEBUG [libs.ThreadManager:45] DONE      |                                         __refresh
[2018-09-03 14:16:25] DEBUG [libs.ThreadManager:94] STARTED   |                                         __refresh
[2018-09-03 14:16:25] DEBUG [libs.Utility:28] List of devices attached

[2018-09-03 14:16:25] DEBUG [libs.Utility:28] 

[2018-09-03 14:16:25] DEBUG [libs.ThreadManager:43] STATE     |                                              NAME
[2018-09-03 14:16:25] DEBUG [libs.ThreadManager:45] DONE      |                                         __refresh
[2018-09-03 14:16:25] DEBUG [libs.ThreadManager:94] STARTED   |                                         __refresh
[2018-09-03 14:16:25] DEBUG [libs.Utility:28] List of devices attached

[2018-09-03 14:16:25] DEBUG [libs.Utility:28] 

[2018-09-03 14:16:26] DEBUG [libs.ThreadManager:43] STATE     |                                              NAME
[2018-09-03 14:16:26] DEBUG [libs.ThreadManager:45] DONE      |                                         __refresh
[2018-09-03 14:16:26] DEBUG [libs.ThreadManager:94] STARTED   |                                         __refresh
[2018-09-03 14:16:26] DEBUG [libs.Utility:28] List of devices attached

[2018-09-03 14:16:26] DEBUG [libs.Utility:28] 

[2018-09-03 14:16:26] DEBUG [libs.ThreadManager:43] STATE     |                                              NAME
[2018-09-03 14:16:26] DEBUG [libs.ThreadManager:45] DONE      |                                         __refresh
[2018-09-03 14:16:26] DEBUG [libs.ThreadManager:94] STARTED   |                                         __refresh
[2018-09-03 14:16:26] DEBUG [libs.Utility:28] List of devices attached

[2018-09-03 14:16:26] DEBUG [libs.Utility:28] 

[2018-09-03 14:16:27] DEBUG [libs.ThreadManager:43] STATE     |                                              NAME
[2018-09-03 14:16:27] DEBUG [libs.ThreadManager:45] DONE      |                                         __refresh
[2018-09-03 14:16:27] DEBUG [libs.ThreadManager:94] STARTED   |                                         __refresh
[2018-09-03 14:16:27] DEBUG [libs.Utility:28] List of devices attached

[2018-09-03 14:16:27] DEBUG [libs.Utility:28] 

[2018-09-03 14:16:28] DEBUG [libs.ThreadManager:43] STATE     |                                              NAME
[2018-09-03 14:16:28] DEBUG [libs.ThreadManager:45] DONE      |                                         __refresh
[2018-09-03 14:16:28] DEBUG [libs.ThreadManager:94] STARTED   |                                         __refresh
[2018-09-03 14:16:28] DEBUG [libs.Utility:28] List of devices attached

[2018-09-03 14:16:28] DEBUG [libs.Utility:28] 

