[2018-08-28 15:37:43] DEBUG [libs.Utility:27] List of devices attached

[2018-08-28 15:37:43] DEBUG [libs.Utility:27] 

[2018-08-28 15:37:43] DEBUG [libs.Utility:27] List of devices attached

[2018-08-28 15:37:43] DEBUG [libs.Utility:27] 

[2018-08-28 15:41:54] DEBUG [libs.ThreadManager:43] STATE     |                                              NAME
[2018-08-28 15:41:54] DEBUG [libs.ThreadManager:94] STARTED   |                                           refresh
[2018-08-28 15:41:54] DEBUG [libs.Utility:27] List of devices attached

[2018-08-28 15:41:54] DEBUG [libs.Utility:27] 

[2018-08-28 15:45:16] DEBUG [libs.ThreadManager:43] STATE     |                                              NAME
[2018-08-28 15:45:16] DEBUG [libs.ThreadManager:45] DONE      |                                           refresh
[2018-08-28 15:45:16] DEBUG [libs.ThreadManager:94] STARTED   |                                           refresh
[2018-08-28 15:45:16] DEBUG [libs.Utility:27] List of devices attached

[2018-08-28 15:45:16] DEBUG [libs.Utility:27] 8f69c4ae	device

[2018-08-28 15:45:16] DEBUG [libs.Utility:27] 

[2018-08-28 15:45:17] DEBUG [libs.ThreadManager:43] STATE     |                                              NAME
[2018-08-28 15:45:17] DEBUG [libs.ThreadManager:45] DONE      |                                           refresh
[2018-08-28 15:45:17] DEBUG [libs.ThreadManager:94] STARTED   |                                 update_8020_state
[2018-08-28 15:49:05] DEBUG [libs.ThreadManager:43] STATE     |                                              NAME
[2018-08-28 15:49:05] DEBUG [libs.ThreadManager:45] DONE      |                                 update_8020_state
[2018-08-28 15:49:05] DEBUG [libs.ThreadManager:45] DONE      |                                           refresh
[2018-08-28 15:49:05] DEBUG [libs.ThreadManager:94] STARTED   |                                           refresh
[2018-08-28 15:49:05] DEBUG [libs.Utility:27] List of devices attached

[2018-08-28 15:49:05] DEBUG [libs.Utility:27] 8f69c4ae	device

[2018-08-28 15:49:05] DEBUG [libs.Utility:27] 

[2018-08-28 15:49:06] DEBUG [libs.ThreadManager:43] STATE     |                                              NAME
[2018-08-28 15:49:06] DEBUG [libs.ThreadManager:45] DONE      |                                 update_8020_state
[2018-08-28 15:49:06] DEBUG [libs.ThreadManager:45] DONE      |                                           refresh
[2018-08-28 15:49:06] DEBUG [libs.ThreadManager:94] STARTED   |                                 update_8020_state
