[2018-09-04 14:00:07] DEBUG [libs.Utility:28] List of devices attached

[2018-09-04 14:00:07] DEBUG [libs.Utility:28] 

[2018-09-04 14:00:08] DEBUG [libs.Utility:28] List of devices attached

[2018-09-04 14:00:08] DEBUG [libs.Utility:28] 

[2018-09-04 14:00:08] DEBUG [libs.ThreadManager:43] STATE     |                                              NAME
[2018-09-04 14:00:08] DEBUG [libs.ThreadManager:94] STARTED   |                                         __refresh
[2018-09-04 14:00:08] DEBUG [libs.Utility:28] List of devices attached

[2018-09-04 14:00:08] DEBUG [libs.Utility:28] 

[2018-09-04 14:00:09] DEBUG [libs.ThreadManager:43] STATE     |                                              NAME
[2018-09-04 14:00:09] DEBUG [libs.ThreadManager:45] DONE      |                                         __refresh
[2018-09-04 14:00:09] DEBUG [libs.ThreadManager:94] STARTED   |                                         __refresh
[2018-09-04 14:00:09] DEBUG [libs.Utility:28] List of devices attached

[2018-09-04 14:00:09] DEBUG [libs.Utility:28] 

[2018-09-04 14:00:09] DEBUG [libs.ThreadManager:43] STATE     |                                              NAME
[2018-09-04 14:00:09] DEBUG [libs.ThreadManager:45] DONE      |                                         __refresh
[2018-09-04 14:00:09] DEBUG [libs.ThreadManager:94] STARTED   |                                         __refresh
[2018-09-04 14:00:09] DEBUG [libs.Utility:28] List of devices attached

[2018-09-04 14:00:09] DEBUG [libs.Utility:28] 

[2018-09-04 14:00:09] DEBUG [libs.ThreadManager:43] STATE     |                                              NAME
[2018-09-04 14:00:09] DEBUG [libs.ThreadManager:45] DONE      |                                         __refresh
[2018-09-04 14:00:09] DEBUG [libs.ThreadManager:94] STARTED   |                                         __refresh
[2018-09-04 14:00:10] DEBUG [libs.Utility:28] List of devices attached

[2018-09-04 14:00:10] DEBUG [libs.Utility:28] 

[2018-09-04 14:00:10] DEBUG [libs.ThreadManager:43] STATE     |                                              NAME
[2018-09-04 14:00:10] DEBUG [libs.ThreadManager:45] DONE      |                                         __refresh
[2018-09-04 14:00:10] DEBUG [libs.ThreadManager:94] STARTED   |                                         __refresh
[2018-09-04 14:00:10] DEBUG [libs.Utility:28] List of devices attached

[2018-09-04 14:00:10] DEBUG [libs.Utility:28] 

[2018-09-04 14:00:11] DEBUG [libs.ThreadManager:43] STATE     |                                              NAME
[2018-09-04 14:00:11] DEBUG [libs.ThreadManager:45] DONE      |                                         __refresh
[2018-09-04 14:00:11] DEBUG [libs.ThreadManager:94] STARTED   |                                         __refresh
[2018-09-04 14:00:11] DEBUG [libs.Utility:28] List of devices attached

[2018-09-04 14:00:11] DEBUG [libs.Utility:28] 

[2018-09-04 14:00:11] DEBUG [libs.ThreadManager:43] STATE     |                                              NAME
[2018-09-04 14:00:11] DEBUG [libs.ThreadManager:45] DONE      |                                         __refresh
[2018-09-04 14:00:11] DEBUG [libs.ThreadManager:94] STARTED   |                                         __refresh
[2018-09-04 14:00:11] DEBUG [libs.Utility:28] List of devices attached

[2018-09-04 14:00:11] DEBUG [libs.Utility:28] 

[2018-09-04 14:00:12] DEBUG [libs.ThreadManager:43] STATE     |                                              NAME
[2018-09-04 14:00:12] DEBUG [libs.ThreadManager:45] DONE      |                                         __refresh
[2018-09-04 14:00:12] DEBUG [libs.ThreadManager:94] STARTED   |                                         __refresh
[2018-09-04 14:00:12] DEBUG [libs.Utility:28] List of devices attached

[2018-09-04 14:00:12] DEBUG [libs.Utility:28] 

[2018-09-04 14:00:13] DEBUG [libs.ThreadManager:43] STATE     |                                              NAME
[2018-09-04 14:00:13] DEBUG [libs.ThreadManager:45] DONE      |                                         __refresh
[2018-09-04 14:00:13] DEBUG [libs.ThreadManager:94] STARTED   |                                         __refresh
[2018-09-04 14:00:13] DEBUG [libs.Utility:28] List of devices attached

[2018-09-04 14:00:13] DEBUG [libs.Utility:28] 

[2018-09-04 14:00:13] DEBUG [libs.ThreadManager:43] STATE     |                                              NAME
[2018-09-04 14:00:13] DEBUG [libs.ThreadManager:45] DONE      |                                         __refresh
[2018-09-04 14:00:13] DEBUG [libs.ThreadManager:94] STARTED   |                                         __refresh
[2018-09-04 14:00:13] DEBUG [libs.Utility:28] List of devices attached

[2018-09-04 14:00:13] DEBUG [libs.Utility:28] 

[2018-09-04 14:00:14] DEBUG [libs.ThreadManager:43] STATE     |                                              NAME
[2018-09-04 14:00:14] DEBUG [libs.ThreadManager:45] DONE      |                                         __refresh
[2018-09-04 14:00:14] DEBUG [libs.ThreadManager:94] STARTED   |                                         __refresh
[2018-09-04 14:00:14] DEBUG [libs.Utility:28] List of devices attached

[2018-09-04 14:00:14] DEBUG [libs.Utility:28] 

[2018-09-04 14:00:14] DEBUG [libs.ThreadManager:43] STATE     |                                              NAME
[2018-09-04 14:00:14] DEBUG [libs.ThreadManager:45] DONE      |                                         __refresh
[2018-09-04 14:00:14] DEBUG [libs.ThreadManager:94] STARTED   |                                         __refresh
[2018-09-04 14:00:14] DEBUG [libs.Utility:28] List of devices attached

[2018-09-04 14:00:14] DEBUG [libs.Utility:28] 

