[2018-09-04 09:42:11] DEBUG [libs.Utility:28] List of devices attached

[2018-09-04 09:42:11] DEBUG [libs.Utility:28] 

[2018-09-04 09:42:18] DEBUG [libs.ThreadManager:43] STATE     |                                              NAME
[2018-09-04 09:42:18] DEBUG [libs.ThreadManager:94] STARTED   |                                         Upgrade:2
[2018-09-04 09:42:18] DEBUG [libs.ThreadManager:43] STATE     |                                              NAME
[2018-09-04 09:42:18] DEBUG [libs.ThreadManager:45] RUNNING   |                                         Upgrade:2
[2018-09-04 09:42:18] DEBUG [libs.ThreadManager:94] STARTED   |                                         Upgrade:3
[2018-09-04 09:42:18] DEBUG [libs.ThreadManager:43] STATE     |                                              NAME
[2018-09-04 09:42:18] DEBUG [libs.ThreadManager:45] RUNNING   |                                         Upgrade:3
[2018-09-04 09:42:18] DEBUG [libs.ThreadManager:45] RUNNING   |                                         Upgrade:2
[2018-09-04 09:42:18] DEBUG [libs.ThreadManager:94] STARTED   |                                         Upgrade:4
[2018-09-04 09:42:18] DEBUG [libs.ThreadManager:43] STATE     |                                              NAME
[2018-09-04 09:42:18] DEBUG [libs.ThreadManager:45] RUNNING   |                                         Upgrade:3
[2018-09-04 09:42:18] DEBUG [libs.ThreadManager:45] RUNNING   |                                         Upgrade:2
[2018-09-04 09:42:18] DEBUG [libs.ThreadManager:45] RUNNING   |                                         Upgrade:4
[2018-09-04 09:42:18] DEBUG [libs.ThreadManager:94] STARTED   |                                         Upgrade:5
[2018-09-04 09:42:18] DEBUG [libs.ThreadManager:43] STATE     |                                              NAME
[2018-09-04 09:42:18] DEBUG [libs.ThreadManager:45] RUNNING   |                                         Upgrade:3
[2018-09-04 09:42:18] DEBUG [libs.ThreadManager:45] RUNNING   |                                         Upgrade:2
[2018-09-04 09:42:18] DEBUG [libs.ThreadManager:45] RUNNING   |                                         Upgrade:5
[2018-09-04 09:42:18] DEBUG [libs.ThreadManager:45] RUNNING   |                                         Upgrade:4
[2018-09-04 09:42:18] DEBUG [libs.ThreadManager:94] STARTED   |                                         Upgrade:6
[2018-09-04 09:42:18] DEBUG [libs.ThreadManager:43] STATE     |                                              NAME
[2018-09-04 09:42:18] DEBUG [libs.ThreadManager:45] RUNNING   |                                         Upgrade:3
[2018-09-04 09:42:18] DEBUG [libs.ThreadManager:45] RUNNING   |                                         Upgrade:2
[2018-09-04 09:42:18] DEBUG [libs.ThreadManager:45] RUNNING   |                                         Upgrade:6
[2018-09-04 09:42:18] DEBUG [libs.ThreadManager:45] RUNNING   |                                         Upgrade:5
[2018-09-04 09:42:18] DEBUG [libs.ThreadManager:45] RUNNING   |                                         Upgrade:4
[2018-09-04 09:42:18] DEBUG [libs.ThreadManager:94] STARTED   |                                         Upgrade:7
[2018-09-04 09:42:18] DEBUG [libs.ThreadManager:43] STATE     |                                              NAME
[2018-09-04 09:42:18] DEBUG [libs.ThreadManager:45] RUNNING   |                                         Upgrade:3
[2018-09-04 09:42:18] DEBUG [libs.ThreadManager:45] RUNNING   |                                         Upgrade:2
[2018-09-04 09:42:18] DEBUG [libs.ThreadManager:45] RUNNING   |                                         Upgrade:7
[2018-09-04 09:42:18] DEBUG [libs.ThreadManager:45] RUNNING   |                                         Upgrade:6
[2018-09-04 09:42:18] DEBUG [libs.ThreadManager:45] RUNNING   |                                         Upgrade:5
[2018-09-04 09:42:18] DEBUG [libs.ThreadManager:45] RUNNING   |                                         Upgrade:4
[2018-09-04 09:42:18] DEBUG [libs.ThreadManager:94] STARTED   |                                         Upgrade:8
[2018-09-04 09:42:18] DEBUG [libs.ThreadManager:43] STATE     |                                              NAME
[2018-09-04 09:42:18] DEBUG [libs.ThreadManager:45] RUNNING   |                                         Upgrade:8
[2018-09-04 09:42:18] DEBUG [libs.ThreadManager:45] RUNNING   |                                         Upgrade:3
[2018-09-04 09:42:18] DEBUG [libs.ThreadManager:45] RUNNING   |                                         Upgrade:2
[2018-09-04 09:42:18] DEBUG [libs.ThreadManager:45] RUNNING   |                                         Upgrade:7
[2018-09-04 09:42:18] DEBUG [libs.ThreadManager:45] RUNNING   |                                         Upgrade:6
[2018-09-04 09:42:18] DEBUG [libs.ThreadManager:45] RUNNING   |                                         Upgrade:5
[2018-09-04 09:42:18] DEBUG [libs.ThreadManager:45] RUNNING   |                                         Upgrade:4
[2018-09-04 09:42:18] DEBUG [libs.ThreadManager:94] STARTED   |                                         Upgrade:9
[2018-09-04 09:42:18] DEBUG [libs.ThreadManager:43] STATE     |                                              NAME
[2018-09-04 09:42:18] DEBUG [libs.ThreadManager:45] RUNNING   |                                         Upgrade:9
[2018-09-04 09:42:18] DEBUG [libs.ThreadManager:45] RUNNING   |                                         Upgrade:8
[2018-09-04 09:42:18] DEBUG [libs.ThreadManager:45] RUNNING   |                                         Upgrade:3
[2018-09-04 09:42:18] DEBUG [libs.ThreadManager:45] RUNNING   |                                         Upgrade:2
[2018-09-04 09:42:18] DEBUG [libs.ThreadManager:45] RUNNING   |                                         Upgrade:7
[2018-09-04 09:42:18] DEBUG [libs.ThreadManager:45] RUNNING   |                                         Upgrade:6
[2018-09-04 09:42:18] DEBUG [libs.ThreadManager:45] RUNNING   |                                         Upgrade:5
[2018-09-04 09:42:18] DEBUG [libs.ThreadManager:45] RUNNING   |                                         Upgrade:4
[2018-09-04 09:42:18] DEBUG [libs.ThreadManager:94] STARTED   |                                         Upgrade:0
[2018-09-04 09:42:32] DEBUG [libs.ThreadManager:43] STATE     |                                              NAME
[2018-09-04 09:42:32] DEBUG [libs.ThreadManager:45] DONE      |                                         Upgrade:9
[2018-09-04 09:42:32] DEBUG [libs.ThreadManager:45] DONE      |                                         Upgrade:8
[2018-09-04 09:42:32] DEBUG [libs.ThreadManager:45] DONE      |                                         Upgrade:3
[2018-09-04 09:42:32] DEBUG [libs.ThreadManager:45] DONE      |                                         Upgrade:2
[2018-09-04 09:42:32] DEBUG [libs.ThreadManager:45] DONE      |                                         Upgrade:0
[2018-09-04 09:42:32] DEBUG [libs.ThreadManager:45] DONE      |                                         Upgrade:7
[2018-09-04 09:42:32] DEBUG [libs.ThreadManager:45] DONE      |                                         Upgrade:6
[2018-09-04 09:42:32] DEBUG [libs.ThreadManager:45] DONE      |                                         Upgrade:5
[2018-09-04 09:42:32] DEBUG [libs.ThreadManager:45] DONE      |                                         Upgrade:4
[2018-09-04 09:42:32] DEBUG [libs.ThreadManager:94] STARTED   |                                         Upgrade:2
[2018-09-04 09:42:32] DEBUG [libs.ThreadManager:43] STATE     |                                              NAME
[2018-09-04 09:42:32] DEBUG [libs.ThreadManager:45] DONE      |                                         Upgrade:9
[2018-09-04 09:42:32] DEBUG [libs.ThreadManager:45] DONE      |                                         Upgrade:8
[2018-09-04 09:42:32] DEBUG [libs.ThreadManager:45] DONE      |                                         Upgrade:3
[2018-09-04 09:42:32] DEBUG [libs.ThreadManager:45] RUNNING   |                                         Upgrade:2
[2018-09-04 09:42:32] DEBUG [libs.ThreadManager:45] DONE      |                                         Upgrade:0
[2018-09-04 09:42:32] DEBUG [libs.ThreadManager:45] DONE      |                                         Upgrade:7
[2018-09-04 09:42:32] DEBUG [libs.ThreadManager:45] DONE      |                                         Upgrade:6
[2018-09-04 09:42:32] DEBUG [libs.ThreadManager:45] DONE      |                                         Upgrade:5
[2018-09-04 09:42:32] DEBUG [libs.ThreadManager:45] DONE      |                                         Upgrade:4
[2018-09-04 09:42:32] DEBUG [libs.ThreadManager:94] STARTED   |                                         Upgrade:3
[2018-09-04 09:42:32] DEBUG [libs.ThreadManager:43] STATE     |                                              NAME
[2018-09-04 09:42:32] DEBUG [libs.ThreadManager:45] DONE      |                                         Upgrade:9
[2018-09-04 09:42:32] DEBUG [libs.ThreadManager:45] DONE      |                                         Upgrade:8
[2018-09-04 09:42:32] DEBUG [libs.ThreadManager:45] RUNNING   |                                         Upgrade:3
[2018-09-04 09:42:32] DEBUG [libs.ThreadManager:45] RUNNING   |                                         Upgrade:2
[2018-09-04 09:42:32] DEBUG [libs.ThreadManager:45] DONE      |                                         Upgrade:0
[2018-09-04 09:42:32] DEBUG [libs.ThreadManager:45] DONE      |                                         Upgrade:7
[2018-09-04 09:42:32] DEBUG [libs.ThreadManager:45] DONE      |                                         Upgrade:6
[2018-09-04 09:42:32] DEBUG [libs.ThreadManager:45] DONE      |                                         Upgrade:5
[2018-09-04 09:42:32] DEBUG [libs.ThreadManager:45] DONE      |                                         Upgrade:4
[2018-09-04 09:42:32] DEBUG [libs.ThreadManager:94] STARTED   |                                         Upgrade:4
[2018-09-04 09:42:32] DEBUG [libs.ThreadManager:43] STATE     |                                              NAME
[2018-09-04 09:42:32] DEBUG [libs.ThreadManager:45] DONE      |                                         Upgrade:9
[2018-09-04 09:42:32] DEBUG [libs.ThreadManager:45] DONE      |                                         Upgrade:8
[2018-09-04 09:42:32] DEBUG [libs.ThreadManager:45] RUNNING   |                                         Upgrade:3
[2018-09-04 09:42:32] DEBUG [libs.ThreadManager:45] RUNNING   |                                         Upgrade:2
[2018-09-04 09:42:32] DEBUG [libs.ThreadManager:45] DONE      |                                         Upgrade:0
[2018-09-04 09:42:32] DEBUG [libs.ThreadManager:45] DONE      |                                         Upgrade:7
[2018-09-04 09:42:32] DEBUG [libs.ThreadManager:45] DONE      |                                         Upgrade:6
[2018-09-04 09:42:32] DEBUG [libs.ThreadManager:45] DONE      |                                         Upgrade:5
[2018-09-04 09:42:32] DEBUG [libs.ThreadManager:45] RUNNING   |                                         Upgrade:4
[2018-09-04 09:42:32] DEBUG [libs.ThreadManager:94] STARTED   |                                         Upgrade:5
[2018-09-04 09:42:32] DEBUG [libs.ThreadManager:43] STATE     |                                              NAME
[2018-09-04 09:42:32] DEBUG [libs.ThreadManager:45] DONE      |                                         Upgrade:9
[2018-09-04 09:42:32] DEBUG [libs.ThreadManager:45] DONE      |                                         Upgrade:8
[2018-09-04 09:42:32] DEBUG [libs.ThreadManager:45] RUNNING   |                                         Upgrade:3
[2018-09-04 09:42:32] DEBUG [libs.ThreadManager:45] RUNNING   |                                         Upgrade:2
[2018-09-04 09:42:32] DEBUG [libs.ThreadManager:45] DONE      |                                         Upgrade:0
[2018-09-04 09:42:32] DEBUG [libs.ThreadManager:45] DONE      |                                         Upgrade:7
[2018-09-04 09:42:32] DEBUG [libs.ThreadManager:45] DONE      |                                         Upgrade:6
[2018-09-04 09:42:32] DEBUG [libs.ThreadManager:45] RUNNING   |                                         Upgrade:5
[2018-09-04 09:42:32] DEBUG [libs.ThreadManager:45] RUNNING   |                                         Upgrade:4
[2018-09-04 09:42:32] DEBUG [libs.ThreadManager:94] STARTED   |                                         Upgrade:6
[2018-09-04 09:42:32] DEBUG [libs.ThreadManager:43] STATE     |                                              NAME
[2018-09-04 09:42:32] DEBUG [libs.ThreadManager:45] DONE      |                                         Upgrade:9
[2018-09-04 09:42:32] DEBUG [libs.ThreadManager:45] DONE      |                                         Upgrade:8
[2018-09-04 09:42:32] DEBUG [libs.ThreadManager:45] RUNNING   |                                         Upgrade:3
[2018-09-04 09:42:32] DEBUG [libs.ThreadManager:45] RUNNING   |                                         Upgrade:2
[2018-09-04 09:42:32] DEBUG [libs.ThreadManager:45] DONE      |                                         Upgrade:0
[2018-09-04 09:42:32] DEBUG [libs.ThreadManager:45] DONE      |                                         Upgrade:7
[2018-09-04 09:42:32] DEBUG [libs.ThreadManager:45] RUNNING   |                                         Upgrade:6
[2018-09-04 09:42:32] DEBUG [libs.ThreadManager:45] RUNNING   |                                         Upgrade:5
[2018-09-04 09:42:32] DEBUG [libs.ThreadManager:45] RUNNING   |                                         Upgrade:4
[2018-09-04 09:42:32] DEBUG [libs.ThreadManager:94] STARTED   |                                         Upgrade:7
[2018-09-04 09:42:32] DEBUG [libs.ThreadManager:43] STATE     |                                              NAME
[2018-09-04 09:42:32] DEBUG [libs.ThreadManager:45] DONE      |                                         Upgrade:9
[2018-09-04 09:42:32] DEBUG [libs.ThreadManager:45] DONE      |                                         Upgrade:8
[2018-09-04 09:42:32] DEBUG [libs.ThreadManager:45] RUNNING   |                                         Upgrade:3
[2018-09-04 09:42:32] DEBUG [libs.ThreadManager:45] RUNNING   |                                         Upgrade:2
[2018-09-04 09:42:32] DEBUG [libs.ThreadManager:45] DONE      |                                         Upgrade:0
[2018-09-04 09:42:32] DEBUG [libs.ThreadManager:45] RUNNING   |                                         Upgrade:7
[2018-09-04 09:42:32] DEBUG [libs.ThreadManager:45] RUNNING   |                                         Upgrade:6
[2018-09-04 09:42:32] DEBUG [libs.ThreadManager:45] RUNNING   |                                         Upgrade:5
[2018-09-04 09:42:32] DEBUG [libs.ThreadManager:45] RUNNING   |                                         Upgrade:4
[2018-09-04 09:42:32] DEBUG [libs.ThreadManager:94] STARTED   |                                         Upgrade:8
[2018-09-04 09:42:32] DEBUG [libs.ThreadManager:43] STATE     |                                              NAME
[2018-09-04 09:42:32] DEBUG [libs.ThreadManager:45] DONE      |                                         Upgrade:9
[2018-09-04 09:42:32] DEBUG [libs.ThreadManager:45] RUNNING   |                                         Upgrade:8
[2018-09-04 09:42:32] DEBUG [libs.ThreadManager:45] RUNNING   |                                         Upgrade:3
[2018-09-04 09:42:32] DEBUG [libs.ThreadManager:45] RUNNING   |                                         Upgrade:2
[2018-09-04 09:42:32] DEBUG [libs.ThreadManager:45] DONE      |                                         Upgrade:0
[2018-09-04 09:42:32] DEBUG [libs.ThreadManager:45] RUNNING   |                                         Upgrade:7
[2018-09-04 09:42:32] DEBUG [libs.ThreadManager:45] RUNNING   |                                         Upgrade:6
[2018-09-04 09:42:32] DEBUG [libs.ThreadManager:45] RUNNING   |                                         Upgrade:5
[2018-09-04 09:42:32] DEBUG [libs.ThreadManager:45] RUNNING   |                                         Upgrade:4
[2018-09-04 09:42:32] DEBUG [libs.ThreadManager:94] STARTED   |                                         Upgrade:9
[2018-09-04 09:42:32] DEBUG [libs.ThreadManager:43] STATE     |                                              NAME
[2018-09-04 09:42:32] DEBUG [libs.ThreadManager:45] RUNNING   |                                         Upgrade:9
[2018-09-04 09:42:32] DEBUG [libs.ThreadManager:45] RUNNING   |                                         Upgrade:8
[2018-09-04 09:42:32] DEBUG [libs.ThreadManager:45] RUNNING   |                                         Upgrade:3
[2018-09-04 09:42:32] DEBUG [libs.ThreadManager:45] RUNNING   |                                         Upgrade:2
[2018-09-04 09:42:32] DEBUG [libs.ThreadManager:45] DONE      |                                         Upgrade:0
[2018-09-04 09:42:32] DEBUG [libs.ThreadManager:45] RUNNING   |                                         Upgrade:7
[2018-09-04 09:42:32] DEBUG [libs.ThreadManager:45] RUNNING   |                                         Upgrade:6
[2018-09-04 09:42:32] DEBUG [libs.ThreadManager:45] RUNNING   |                                         Upgrade:5
[2018-09-04 09:42:32] DEBUG [libs.ThreadManager:45] RUNNING   |                                         Upgrade:4
[2018-09-04 09:42:32] DEBUG [libs.ThreadManager:94] STARTED   |                                         Upgrade:0
