[2018-09-04 13:58:10] DEBUG [libs.Utility:28] List of devices attached

[2018-09-04 13:58:10] DEBUG [libs.Utility:28] 

[2018-09-04 13:58:11] DEBUG [libs.Utility:28] List of devices attached

[2018-09-04 13:58:11] DEBUG [libs.Utility:28] 

[2018-09-04 13:58:25] DEBUG [libs.ThreadManager:43] STATE     |                                              NAME
[2018-09-04 13:58:25] DEBUG [libs.ThreadManager:94] STARTED   |                                         __refresh
[2018-09-04 13:58:25] DEBUG [libs.Utility:28] List of devices attached

[2018-09-04 13:58:25] DEBUG [libs.Utility:28] 

[2018-09-04 13:58:26] DEBUG [libs.ThreadManager:43] STATE     |                                              NAME
[2018-09-04 13:58:26] DEBUG [libs.ThreadManager:45] DONE      |                                         __refresh
[2018-09-04 13:58:26] DEBUG [libs.ThreadManager:94] STARTED   |                                         __refresh
[2018-09-04 13:58:26] DEBUG [libs.Utility:28] List of devices attached

[2018-09-04 13:58:26] DEBUG [libs.Utility:28] 

[2018-09-04 13:58:27] DEBUG [libs.ThreadManager:43] STATE     |                                              NAME
[2018-09-04 13:58:27] DEBUG [libs.ThreadManager:45] DONE      |                                         __refresh
[2018-09-04 13:58:27] DEBUG [libs.ThreadManager:94] STARTED   |                                         __refresh
[2018-09-04 13:58:27] DEBUG [libs.Utility:28] List of devices attached

[2018-09-04 13:58:27] DEBUG [libs.Utility:28] 

[2018-09-04 13:58:27] DEBUG [libs.ThreadManager:43] STATE     |                                              NAME
[2018-09-04 13:58:27] DEBUG [libs.ThreadManager:45] DONE      |                                         __refresh
[2018-09-04 13:58:27] DEBUG [libs.ThreadManager:94] STARTED   |                                         __refresh
[2018-09-04 13:58:27] DEBUG [libs.Utility:28] List of devices attached

[2018-09-04 13:58:27] DEBUG [libs.Utility:28] 

[2018-09-04 13:58:28] DEBUG [libs.ThreadManager:43] STATE     |                                              NAME
[2018-09-04 13:58:28] DEBUG [libs.ThreadManager:45] DONE      |                                         __refresh
[2018-09-04 13:58:28] DEBUG [libs.ThreadManager:94] STARTED   |                                         __refresh
[2018-09-04 13:58:28] DEBUG [libs.Utility:28] List of devices attached

[2018-09-04 13:58:28] DEBUG [libs.Utility:28] 

[2018-09-04 13:58:29] DEBUG [libs.ThreadManager:43] STATE     |                                              NAME
[2018-09-04 13:58:29] DEBUG [libs.ThreadManager:45] DONE      |                                         __refresh
[2018-09-04 13:58:29] DEBUG [libs.ThreadManager:94] STARTED   |                                         __refresh
[2018-09-04 13:58:29] DEBUG [libs.Utility:28] List of devices attached

[2018-09-04 13:58:29] DEBUG [libs.Utility:28] 

[2018-09-04 13:58:29] DEBUG [libs.ThreadManager:43] STATE     |                                              NAME
[2018-09-04 13:58:29] DEBUG [libs.ThreadManager:45] DONE      |                                         __refresh
[2018-09-04 13:58:29] DEBUG [libs.ThreadManager:94] STARTED   |                                         __refresh
[2018-09-04 13:58:29] DEBUG [libs.Utility:28] List of devices attached

[2018-09-04 13:58:29] DEBUG [libs.Utility:28] 

[2018-09-04 13:58:30] DEBUG [libs.ThreadManager:43] STATE     |                                              NAME
[2018-09-04 13:58:30] DEBUG [libs.ThreadManager:45] DONE      |                                         __refresh
[2018-09-04 13:58:30] DEBUG [libs.ThreadManager:94] STARTED   |                                         __refresh
[2018-09-04 13:58:30] DEBUG [libs.Utility:28] List of devices attached

[2018-09-04 13:58:30] DEBUG [libs.Utility:28] 

[2018-09-04 13:58:30] DEBUG [libs.ThreadManager:43] STATE     |                                              NAME
[2018-09-04 13:58:30] DEBUG [libs.ThreadManager:45] DONE      |                                         __refresh
[2018-09-04 13:58:30] DEBUG [libs.ThreadManager:94] STARTED   |                                         __refresh
[2018-09-04 13:58:30] DEBUG [libs.Utility:28] List of devices attached

[2018-09-04 13:58:30] DEBUG [libs.Utility:28] 

[2018-09-04 13:58:31] DEBUG [libs.ThreadManager:43] STATE     |                                              NAME
[2018-09-04 13:58:31] DEBUG [libs.ThreadManager:45] DONE      |                                         __refresh
[2018-09-04 13:58:31] DEBUG [libs.ThreadManager:94] STARTED   |                                         __refresh
[2018-09-04 13:58:31] DEBUG [libs.Utility:28] List of devices attached

[2018-09-04 13:58:31] DEBUG [libs.Utility:28] 

[2018-09-04 13:58:32] DEBUG [libs.ThreadManager:43] STATE     |                                              NAME
[2018-09-04 13:58:32] DEBUG [libs.ThreadManager:45] DONE      |                                         __refresh
[2018-09-04 13:58:32] DEBUG [libs.ThreadManager:94] STARTED   |                                         __refresh
[2018-09-04 13:58:32] DEBUG [libs.Utility:28] List of devices attached

[2018-09-04 13:58:32] DEBUG [libs.Utility:28] 

[2018-09-04 13:58:33] DEBUG [libs.ThreadManager:43] STATE     |                                              NAME
[2018-09-04 13:58:33] DEBUG [libs.ThreadManager:45] DONE      |                                         __refresh
[2018-09-04 13:58:33] DEBUG [libs.ThreadManager:94] STARTED   |                                         __refresh
[2018-09-04 13:58:33] DEBUG [libs.Utility:28] List of devices attached

[2018-09-04 13:58:33] DEBUG [libs.Utility:28] 

[2018-09-04 13:58:34] DEBUG [libs.ThreadManager:43] STATE     |                                              NAME
[2018-09-04 13:58:34] DEBUG [libs.ThreadManager:45] DONE      |                                         __refresh
[2018-09-04 13:58:34] DEBUG [libs.ThreadManager:94] STARTED   |                                         __refresh
[2018-09-04 13:58:34] DEBUG [libs.Utility:28] List of devices attached

[2018-09-04 13:58:34] DEBUG [libs.Utility:28] 

[2018-09-04 13:58:35] DEBUG [libs.ThreadManager:43] STATE     |                                              NAME
[2018-09-04 13:58:35] DEBUG [libs.ThreadManager:45] DONE      |                                         __refresh
[2018-09-04 13:58:35] DEBUG [libs.ThreadManager:94] STARTED   |                                         __refresh
[2018-09-04 13:58:35] DEBUG [libs.Utility:28] List of devices attached

[2018-09-04 13:58:35] DEBUG [libs.Utility:28] 

[2018-09-04 13:58:36] DEBUG [libs.ThreadManager:43] STATE     |                                              NAME
[2018-09-04 13:58:36] DEBUG [libs.ThreadManager:45] DONE      |                                         __refresh
[2018-09-04 13:58:36] DEBUG [libs.ThreadManager:94] STARTED   |                                         __refresh
[2018-09-04 13:58:36] DEBUG [libs.Utility:28] List of devices attached

[2018-09-04 13:58:36] DEBUG [libs.Utility:28] 

[2018-09-04 13:58:47] DEBUG [libs.ThreadManager:43] STATE     |                                              NAME
[2018-09-04 13:58:47] DEBUG [libs.ThreadManager:45] DONE      |                                         __refresh
[2018-09-04 13:58:47] DEBUG [libs.ThreadManager:94] STARTED   |                                         __refresh
[2018-09-04 13:58:48] DEBUG [libs.Utility:28] List of devices attached

[2018-09-04 13:58:48] DEBUG [libs.Utility:28] 

[2018-09-04 13:58:48] DEBUG [libs.ThreadManager:43] STATE     |                                              NAME
[2018-09-04 13:58:48] DEBUG [libs.ThreadManager:45] DONE      |                                         __refresh
[2018-09-04 13:58:48] DEBUG [libs.ThreadManager:94] STARTED   |                                         __refresh
[2018-09-04 13:58:48] DEBUG [libs.Utility:28] List of devices attached

[2018-09-04 13:58:48] DEBUG [libs.Utility:28] 

[2018-09-04 13:58:48] DEBUG [libs.ThreadManager:43] STATE     |                                              NAME
[2018-09-04 13:58:48] DEBUG [libs.ThreadManager:45] DONE      |                                         __refresh
[2018-09-04 13:58:48] DEBUG [libs.ThreadManager:94] STARTED   |                                         __refresh
[2018-09-04 13:58:49] DEBUG [libs.Utility:28] List of devices attached

[2018-09-04 13:58:49] DEBUG [libs.Utility:28] 

[2018-09-04 13:58:51] DEBUG [libs.ThreadManager:43] STATE     |                                              NAME
[2018-09-04 13:58:51] DEBUG [libs.ThreadManager:45] DONE      |                                         __refresh
[2018-09-04 13:58:51] DEBUG [libs.ThreadManager:94] STARTED   |                                         __refresh
[2018-09-04 13:58:51] DEBUG [libs.Utility:28] List of devices attached

[2018-09-04 13:58:51] DEBUG [libs.Utility:28] 

[2018-09-04 13:58:51] DEBUG [libs.ThreadManager:43] STATE     |                                              NAME
[2018-09-04 13:58:51] DEBUG [libs.ThreadManager:45] DONE      |                                         __refresh
[2018-09-04 13:58:51] DEBUG [libs.ThreadManager:94] STARTED   |                                         __refresh
[2018-09-04 13:58:51] DEBUG [libs.Utility:28] List of devices attached

[2018-09-04 13:58:51] DEBUG [libs.Utility:28] 

[2018-09-04 13:58:52] DEBUG [libs.ThreadManager:43] STATE     |                                              NAME
[2018-09-04 13:58:52] DEBUG [libs.ThreadManager:45] DONE      |                                         __refresh
[2018-09-04 13:58:52] DEBUG [libs.ThreadManager:94] STARTED   |                                         __refresh
[2018-09-04 13:58:52] DEBUG [libs.Utility:28] List of devices attached

[2018-09-04 13:58:52] DEBUG [libs.Utility:28] 

[2018-09-04 13:58:53] DEBUG [libs.ThreadManager:43] STATE     |                                              NAME
[2018-09-04 13:58:53] DEBUG [libs.ThreadManager:45] DONE      |                                         __refresh
[2018-09-04 13:58:53] DEBUG [libs.ThreadManager:94] STARTED   |                                         __refresh
[2018-09-04 13:58:53] DEBUG [libs.Utility:28] List of devices attached

[2018-09-04 13:58:53] DEBUG [libs.Utility:28] 

[2018-09-04 13:58:53] DEBUG [libs.ThreadManager:43] STATE     |                                              NAME
[2018-09-04 13:58:53] DEBUG [libs.ThreadManager:45] DONE      |                                         __refresh
[2018-09-04 13:58:53] DEBUG [libs.ThreadManager:94] STARTED   |                                         __refresh
[2018-09-04 13:58:53] DEBUG [libs.Utility:28] List of devices attached

[2018-09-04 13:58:53] DEBUG [libs.Utility:28] 

[2018-09-04 13:58:54] DEBUG [libs.ThreadManager:43] STATE     |                                              NAME
[2018-09-04 13:58:54] DEBUG [libs.ThreadManager:45] DONE      |                                         __refresh
[2018-09-04 13:58:54] DEBUG [libs.ThreadManager:94] STARTED   |                                         __refresh
[2018-09-04 13:58:54] DEBUG [libs.Utility:28] List of devices attached

[2018-09-04 13:58:54] DEBUG [libs.Utility:28] 

[2018-09-04 13:58:54] DEBUG [libs.ThreadManager:43] STATE     |                                              NAME
[2018-09-04 13:58:54] DEBUG [libs.ThreadManager:45] DONE      |                                         __refresh
[2018-09-04 13:58:54] DEBUG [libs.ThreadManager:94] STARTED   |                                         __refresh
[2018-09-04 13:58:55] DEBUG [libs.Utility:28] List of devices attached

[2018-09-04 13:58:55] DEBUG [libs.Utility:28] 

