[2018-08-28 16:03:07] DEBUG [libs.Utility:27] List of devices attached

[2018-08-28 16:03:07] DEBUG [libs.Utility:27] 8f69c4ae	device

[2018-08-28 16:03:07] DEBUG [libs.Utility:27] 

[2018-08-28 16:03:07] DEBUG [libs.Utility:27] List of devices attached

[2018-08-28 16:03:07] DEBUG [libs.Utility:27] 8f69c4ae	device

[2018-08-28 16:03:07] DEBUG [libs.Utility:27] 

[2018-08-28 16:03:08] DEBUG [libs.ThreadManager:43] STATE     |                                              NAME
[2018-08-28 16:03:08] DEBUG [libs.ThreadManager:94] STARTED   |                                 update_8020_state
[2018-08-28 16:03:08] DEBUG [libs.Notebook.AR8020:150] check the AR 8020 state in device:8f69c4ae
[2018-08-28 16:03:10] DEBUG [libs.Notebook.AR8020:150] check the AR 8020 state in device:8f69c4ae
[2018-08-28 16:03:12] DEBUG [libs.Notebook.AR8020:150] check the AR 8020 state in device:8f69c4ae
[2018-08-28 16:03:14] DEBUG [libs.Notebook.AR8020:150] check the AR 8020 state in device:8f69c4ae
[2018-08-28 16:03:16] DEBUG [libs.Notebook.AR8020:150] check the AR 8020 state in device:8f69c4ae
[2018-08-28 16:03:17] DEBUG [libs.Notebook.AR8020:150] check the AR 8020 state in device:8f69c4ae
[2018-08-28 16:03:17] DEBUG [libs.Notebook.AR8020:150] check the AR 8020 state in device:8f69c4ae
[2018-08-28 16:03:18] DEBUG [libs.Notebook.AR8020:150] check the AR 8020 state in device:8f69c4ae
[2018-08-28 16:03:19] DEBUG [libs.Notebook.AR8020:150] check the AR 8020 state in device:8f69c4ae
[2018-08-28 16:03:30] DEBUG [libs.Notebook.AR8020:150] check the AR 8020 state in device:8f69c4ae
[2018-08-28 16:03:31] DEBUG [libs.Notebook.AR8020:150] check the AR 8020 state in device:8f69c4ae
[2018-08-28 16:03:32] DEBUG [libs.Notebook.AR8020:150] check the AR 8020 state in device:8f69c4ae
[2018-08-28 16:03:33] DEBUG [libs.Notebook.AR8020:150] check the AR 8020 state in device:8f69c4ae
[2018-08-28 16:03:34] DEBUG [libs.Notebook.AR8020:150] check the AR 8020 state in device:8f69c4ae
