[2018-09-04 14:31:42] DEBUG [libs.Utility:28] List of devices attached

[2018-09-04 14:31:42] DEBUG [libs.Utility:28] 

[2018-09-04 14:31:42] DEBUG [libs.Utility:28] List of devices attached

[2018-09-04 14:31:42] DEBUG [libs.Utility:28] 

[2018-09-04 14:31:43] DEBUG [libs.ThreadManager:43] STATE     |                                              NAME
[2018-09-04 14:31:43] DEBUG [libs.ThreadManager:94] STARTED   |                                         __refresh
[2018-09-04 14:31:43] DEBUG [libs.Utility:28] List of devices attached

[2018-09-04 14:31:43] DEBUG [libs.Utility:28] 

[2018-09-04 14:31:44] DEBUG [libs.ThreadManager:43] STATE     |                                              NAME
[2018-09-04 14:31:44] DEBUG [libs.ThreadManager:45] DONE      |                                         __refresh
[2018-09-04 14:31:44] DEBUG [libs.ThreadManager:94] STARTED   |                                         __refresh
[2018-09-04 14:31:44] DEBUG [libs.Utility:28] List of devices attached

[2018-09-04 14:31:44] DEBUG [libs.Utility:28] 

[2018-09-04 14:31:44] DEBUG [libs.ThreadManager:43] STATE     |                                              NAME
[2018-09-04 14:31:44] DEBUG [libs.ThreadManager:45] DONE      |                                         __refresh
[2018-09-04 14:31:44] DEBUG [libs.ThreadManager:94] STARTED   |                                         __refresh
[2018-09-04 14:31:44] DEBUG [libs.Utility:28] List of devices attached

[2018-09-04 14:31:44] DEBUG [libs.Utility:28] 

[2018-09-04 14:31:44] DEBUG [libs.ThreadManager:43] STATE     |                                              NAME
[2018-09-04 14:31:44] DEBUG [libs.ThreadManager:45] DONE      |                                         __refresh
[2018-09-04 14:31:44] DEBUG [libs.ThreadManager:94] STARTED   |                                         __refresh
[2018-09-04 14:31:44] DEBUG [libs.Utility:28] List of devices attached

[2018-09-04 14:31:44] DEBUG [libs.Utility:28] 

[2018-09-04 14:31:54] DEBUG [libs.ThreadManager:43] STATE     |                                              NAME
[2018-09-04 14:31:54] DEBUG [libs.ThreadManager:45] DONE      |                                         __refresh
[2018-09-04 14:31:54] DEBUG [libs.ThreadManager:94] STARTED   |                                         __refresh
[2018-09-04 14:31:54] DEBUG [libs.Utility:28] List of devices attached

[2018-09-04 14:31:54] DEBUG [libs.Utility:28] 

[2018-09-04 14:31:54] DEBUG [libs.ThreadManager:43] STATE     |                                              NAME
[2018-09-04 14:31:54] DEBUG [libs.ThreadManager:45] DONE      |                                         __refresh
[2018-09-04 14:31:54] DEBUG [libs.ThreadManager:94] STARTED   |                                         __refresh
[2018-09-04 14:31:54] DEBUG [libs.Utility:28] List of devices attached

[2018-09-04 14:31:54] DEBUG [libs.Utility:28] 

[2018-09-04 14:31:55] DEBUG [libs.ThreadManager:43] STATE     |                                              NAME
[2018-09-04 14:31:55] DEBUG [libs.ThreadManager:45] DONE      |                                         __refresh
[2018-09-04 14:31:55] DEBUG [libs.ThreadManager:94] STARTED   |                                         __refresh
[2018-09-04 14:31:55] DEBUG [libs.Utility:28] List of devices attached

[2018-09-04 14:31:55] DEBUG [libs.Utility:28] 

[2018-09-04 14:31:55] DEBUG [libs.ThreadManager:43] STATE     |                                              NAME
[2018-09-04 14:31:55] DEBUG [libs.ThreadManager:45] DONE      |                                         __refresh
[2018-09-04 14:31:55] DEBUG [libs.ThreadManager:94] STARTED   |                                         __refresh
[2018-09-04 14:31:55] DEBUG [libs.Utility:28] List of devices attached

[2018-09-04 14:31:55] DEBUG [libs.Utility:28] 

[2018-09-04 14:31:56] DEBUG [libs.ThreadManager:43] STATE     |                                              NAME
[2018-09-04 14:31:56] DEBUG [libs.ThreadManager:45] DONE      |                                         __refresh
[2018-09-04 14:31:56] DEBUG [libs.ThreadManager:94] STARTED   |                                         __refresh
[2018-09-04 14:31:56] DEBUG [libs.Utility:28] List of devices attached

[2018-09-04 14:31:56] DEBUG [libs.Utility:28] 

[2018-09-04 14:31:56] DEBUG [libs.ThreadManager:43] STATE     |                                              NAME
[2018-09-04 14:31:56] DEBUG [libs.ThreadManager:45] DONE      |                                         __refresh
[2018-09-04 14:31:57] DEBUG [libs.ThreadManager:94] STARTED   |                                         __refresh
[2018-09-04 14:31:57] DEBUG [libs.Utility:28] List of devices attached

[2018-09-04 14:31:57] DEBUG [libs.Utility:28] 

[2018-09-04 14:31:57] DEBUG [libs.ThreadManager:43] STATE     |                                              NAME
[2018-09-04 14:31:57] DEBUG [libs.ThreadManager:45] DONE      |                                         __refresh
[2018-09-04 14:31:57] DEBUG [libs.ThreadManager:94] STARTED   |                                         __refresh
[2018-09-04 14:31:57] DEBUG [libs.Utility:28] List of devices attached

[2018-09-04 14:31:57] DEBUG [libs.Utility:28] 

[2018-09-04 14:31:58] DEBUG [libs.ThreadManager:43] STATE     |                                              NAME
[2018-09-04 14:31:58] DEBUG [libs.ThreadManager:45] DONE      |                                         __refresh
[2018-09-04 14:31:58] DEBUG [libs.ThreadManager:94] STARTED   |                                         __refresh
[2018-09-04 14:31:58] DEBUG [libs.Utility:28] List of devices attached

[2018-09-04 14:31:58] DEBUG [libs.Utility:28] 

[2018-09-04 14:32:06] DEBUG [libs.ThreadManager:43] STATE     |                                              NAME
[2018-09-04 14:32:06] DEBUG [libs.ThreadManager:45] DONE      |                                         __refresh
[2018-09-04 14:32:06] DEBUG [libs.ThreadManager:94] STARTED   |                                         __refresh
[2018-09-04 14:32:06] DEBUG [libs.Utility:28] List of devices attached

[2018-09-04 14:32:06] DEBUG [libs.Utility:28] 8f69c4ae	device

[2018-09-04 14:32:06] DEBUG [libs.Utility:28] 

[2018-09-04 14:32:07] DEBUG [libs.ThreadManager:43] STATE     |                                              NAME
[2018-09-04 14:32:07] DEBUG [libs.ThreadManager:45] DONE      |                                         __refresh
[2018-09-04 14:32:07] DEBUG [libs.ThreadManager:94] STARTED   |                                         __refresh
[2018-09-04 14:32:07] DEBUG [libs.Utility:28] List of devices attached

[2018-09-04 14:32:07] DEBUG [libs.Utility:28] 8f69c4ae	device

[2018-09-04 14:32:07] DEBUG [libs.Utility:28] 

[2018-09-04 14:32:07] DEBUG [libs.ThreadManager:43] STATE     |                                              NAME
[2018-09-04 14:32:07] DEBUG [libs.ThreadManager:45] DONE      |                                         __refresh
[2018-09-04 14:32:07] DEBUG [libs.ThreadManager:94] STARTED   |                                         __refresh
[2018-09-04 14:32:07] DEBUG [libs.Utility:28] List of devices attached

[2018-09-04 14:32:07] DEBUG [libs.Utility:28] 8f69c4ae	device

[2018-09-04 14:32:07] DEBUG [libs.Utility:28] 

