[2018-08-10 11:19:44] DEBUG [libs.Utility:27] List of devices attached

[2018-08-10 11:19:44] DEBUG [libs.Utility:27] 8f1bdd77	device

[2018-08-10 11:19:44] DEBUG [libs.Utility:27] 8f69c4b1	device

[2018-08-10 11:19:44] DEBUG [libs.Utility:27] 

[2018-08-10 11:19:45] DEBUG [libs.ThreadManager:43] STATE     |                                              NAME
[2018-08-10 11:19:45] DEBUG [libs.ThreadManager:94] STARTED   |                                 update_8020_state
[2018-08-10 11:19:45] DEBUG [libs.Notebook.AR8020:131] check the AR 8020 state in device:
[2018-08-10 11:19:46] DEBUG [libs.ThreadManager:43] STATE     |                                              NAME
[2018-08-10 11:19:46] DEBUG [libs.ThreadManager:45] DONE      |                                 update_8020_state
[2018-08-10 11:19:46] DEBUG [libs.ThreadManager:94] STARTED   |                                 update_8020_state
[2018-08-10 11:19:46] DEBUG [libs.Notebook.AR8020:131] check the AR 8020 state in device:
[2018-08-10 11:19:47] DEBUG [libs.ThreadManager:43] STATE     |                                              NAME
[2018-08-10 11:19:47] DEBUG [libs.ThreadManager:45] DONE      |                                 update_8020_state
[2018-08-10 11:19:47] DEBUG [libs.ThreadManager:94] STARTED   |                                 update_8020_state
[2018-08-10 11:19:47] DEBUG [libs.Notebook.AR8020:131] check the AR 8020 state in device:
[2018-08-10 11:19:47] DEBUG [libs.ThreadManager:43] STATE     |                                              NAME
[2018-08-10 11:19:47] DEBUG [libs.ThreadManager:45] DONE      |                                 update_8020_state
[2018-08-10 11:19:47] DEBUG [libs.ThreadManager:94] STARTED   |                                 update_8020_state
[2018-08-10 11:19:47] DEBUG [libs.Notebook.AR8020:131] check the AR 8020 state in device:
[2018-08-10 11:19:48] DEBUG [libs.ThreadManager:43] STATE     |                                              NAME
[2018-08-10 11:19:48] DEBUG [libs.ThreadManager:45] DONE      |                                 update_8020_state
[2018-08-10 11:19:48] DEBUG [libs.ThreadManager:94] STARTED   |                                 update_8020_state
[2018-08-10 11:19:48] DEBUG [libs.Notebook.AR8020:131] check the AR 8020 state in device:
[2018-08-10 11:19:48] DEBUG [libs.ThreadManager:43] STATE     |                                              NAME
[2018-08-10 11:19:48] DEBUG [libs.ThreadManager:45] DONE      |                                 update_8020_state
[2018-08-10 11:19:48] DEBUG [libs.ThreadManager:94] STARTED   |                                 update_8020_state
[2018-08-10 11:19:48] DEBUG [libs.Notebook.AR8020:131] check the AR 8020 state in device:
[2018-08-10 11:19:49] DEBUG [libs.ThreadManager:43] STATE     |                                              NAME
[2018-08-10 11:19:49] DEBUG [libs.ThreadManager:45] DONE      |                                 update_8020_state
[2018-08-10 11:19:49] DEBUG [libs.ThreadManager:94] STARTED   |                                 update_8020_state
[2018-08-10 11:19:49] DEBUG [libs.Notebook.AR8020:131] check the AR 8020 state in device:
[2018-08-10 11:19:49] DEBUG [libs.ThreadManager:43] STATE     |                                              NAME
[2018-08-10 11:19:49] DEBUG [libs.ThreadManager:45] DONE      |                                 update_8020_state
[2018-08-10 11:19:49] DEBUG [libs.ThreadManager:94] STARTED   |                                 update_8020_state
[2018-08-10 11:19:49] DEBUG [libs.Notebook.AR8020:131] check the AR 8020 state in device:8f69c4b1
[2018-08-10 11:19:49] DEBUG [libs.ThreadManager:43] STATE     |                                              NAME
[2018-08-10 11:19:49] DEBUG [libs.ThreadManager:45] DONE      |                                 update_8020_state
[2018-08-10 11:19:49] DEBUG [libs.ThreadManager:94] STARTED   |                                 update_8020_state
[2018-08-10 11:19:49] DEBUG [libs.Notebook.AR8020:131] check the AR 8020 state in device:8f69c4b1
[2018-08-10 11:19:50] DEBUG [libs.ThreadManager:43] STATE     |                                              NAME
[2018-08-10 11:19:50] DEBUG [libs.ThreadManager:45] DONE      |                                 update_8020_state
[2018-08-10 11:19:50] DEBUG [libs.ThreadManager:94] STARTED   |                                 update_8020_state
[2018-08-10 11:19:50] DEBUG [libs.Notebook.AR8020:131] check the AR 8020 state in device:8f69c4b1
[2018-08-10 11:19:51] DEBUG [libs.ThreadManager:43] STATE     |                                              NAME
[2018-08-10 11:19:51] DEBUG [libs.ThreadManager:45] DONE      |                                 update_8020_state
[2018-08-10 11:19:51] DEBUG [libs.ThreadManager:94] STARTED   |                                 update_8020_state
[2018-08-10 11:19:51] DEBUG [libs.Notebook.AR8020:131] check the AR 8020 state in device:8f69c4b1
[2018-08-10 11:19:51] DEBUG [libs.ThreadManager:43] STATE     |                                              NAME
[2018-08-10 11:19:51] DEBUG [libs.ThreadManager:45] DONE      |                                 update_8020_state
[2018-08-10 11:19:51] DEBUG [libs.ThreadManager:94] STARTED   |                                 update_8020_state
[2018-08-10 11:19:51] DEBUG [libs.Notebook.AR8020:131] check the AR 8020 state in device:8f69c4b1
[2018-08-10 11:19:51] DEBUG [libs.ThreadManager:43] STATE     |                                              NAME
[2018-08-10 11:19:51] DEBUG [libs.ThreadManager:45] DONE      |                                 update_8020_state
[2018-08-10 11:19:51] DEBUG [libs.ThreadManager:94] STARTED   |                                 update_8020_state
[2018-08-10 11:19:51] DEBUG [libs.Notebook.AR8020:131] check the AR 8020 state in device:8f69c4b1
[2018-08-10 11:19:53] DEBUG [libs.ThreadManager:43] STATE     |                                              NAME
[2018-08-10 11:19:53] DEBUG [libs.ThreadManager:45] DONE      |                                 update_8020_state
[2018-08-10 11:19:53] DEBUG [libs.ThreadManager:94] STARTED   |                                 update_8020_state
[2018-08-10 11:19:53] DEBUG [libs.Notebook.AR8020:131] check the AR 8020 state in device:8f69c4b1
[2018-08-10 11:19:53] DEBUG [libs.ThreadManager:43] STATE     |                                              NAME
[2018-08-10 11:19:53] DEBUG [libs.ThreadManager:45] DONE      |                                 update_8020_state
[2018-08-10 11:19:53] DEBUG [libs.ThreadManager:94] STARTED   |                                 update_8020_state
[2018-08-10 11:19:53] DEBUG [libs.Notebook.AR8020:131] check the AR 8020 state in device:8f1bdd77
[2018-08-10 11:19:54] DEBUG [libs.ThreadManager:43] STATE     |                                              NAME
[2018-08-10 11:19:54] DEBUG [libs.ThreadManager:45] DONE      |                                 update_8020_state
[2018-08-10 11:19:54] DEBUG [libs.ThreadManager:94] STARTED   |                                 update_8020_state
[2018-08-10 11:19:54] DEBUG [libs.Notebook.AR8020:131] check the AR 8020 state in device:8f1bdd77
[2018-08-10 11:19:54] DEBUG [libs.ThreadManager:43] STATE     |                                              NAME
[2018-08-10 11:19:54] DEBUG [libs.ThreadManager:45] DONE      |                                 update_8020_state
[2018-08-10 11:19:54] DEBUG [libs.ThreadManager:94] STARTED   |                                 update_8020_state
[2018-08-10 11:19:54] DEBUG [libs.Notebook.AR8020:131] check the AR 8020 state in device:8f1bdd77
[2018-08-10 11:19:55] DEBUG [libs.ThreadManager:43] STATE     |                                              NAME
[2018-08-10 11:19:55] DEBUG [libs.ThreadManager:45] DONE      |                                 update_8020_state
[2018-08-10 11:19:55] DEBUG [libs.ThreadManager:94] STARTED   |                                 update_8020_state
[2018-08-10 11:19:55] DEBUG [libs.Notebook.AR8020:131] check the AR 8020 state in device:8f69c4b1
[2018-08-10 11:19:56] DEBUG [libs.ThreadManager:43] STATE     |                                              NAME
[2018-08-10 11:19:56] DEBUG [libs.ThreadManager:45] DONE      |                                 update_8020_state
[2018-08-10 11:19:56] DEBUG [libs.ThreadManager:94] STARTED   |                                 update_8020_state
[2018-08-10 11:19:56] DEBUG [libs.Notebook.AR8020:131] check the AR 8020 state in device:8f1bdd77
[2018-08-10 11:19:57] DEBUG [libs.ThreadManager:43] STATE     |                                              NAME
[2018-08-10 11:19:57] DEBUG [libs.ThreadManager:45] DONE      |                                 update_8020_state
[2018-08-10 11:19:57] DEBUG [libs.ThreadManager:94] STARTED   |                                 update_8020_state
[2018-08-10 11:19:57] DEBUG [libs.Notebook.AR8020:131] check the AR 8020 state in device:8f69c4b1
[2018-08-10 12:13:10] DEBUG [libs.ThreadManager:43] STATE     |                                              NAME
[2018-08-10 12:13:10] DEBUG [libs.ThreadManager:45] DONE      |                                 update_8020_state
[2018-08-10 12:13:10] DEBUG [libs.ThreadManager:94] STARTED   |                                           refresh
[2018-08-10 12:13:10] DEBUG [libs.Utility:27] List of devices attached

[2018-08-10 12:13:10] DEBUG [libs.Utility:27] 8f69c45e	device

[2018-08-10 12:13:10] DEBUG [libs.Utility:27] 

[2018-08-10 12:13:10] DEBUG [libs.ThreadManager:43] STATE     |                                              NAME
[2018-08-10 12:13:10] DEBUG [libs.ThreadManager:45] DONE      |                                 update_8020_state
[2018-08-10 12:13:10] DEBUG [libs.ThreadManager:45] DONE      |                                           refresh
[2018-08-10 12:13:10] DEBUG [libs.ThreadManager:94] STARTED   |                                 update_8020_state
[2018-08-10 12:13:10] DEBUG [libs.Notebook.AR8020:131] check the AR 8020 state in device:8f69c45e
[2018-08-10 12:13:12] DEBUG [libs.Notebook.AR8020:131] check the AR 8020 state in device:8f69c45e
[2018-08-10 12:13:26] DEBUG [libs.Notebook.AR8020:131] check the AR 8020 state in device:8f69c45e
[2018-08-10 12:13:28] DEBUG [libs.Notebook.AR8020:131] check the AR 8020 state in device:8f69c45e
[2018-08-10 12:32:58] DEBUG [libs.ThreadManager:43] STATE     |                                              NAME
[2018-08-10 12:32:58] DEBUG [libs.ThreadManager:45] DONE      |                                 update_8020_state
[2018-08-10 12:32:58] DEBUG [libs.ThreadManager:45] DONE      |                                           refresh
[2018-08-10 12:32:58] DEBUG [libs.ThreadManager:94] STARTED   |                                           refresh
[2018-08-10 12:32:58] DEBUG [libs.Utility:27] List of devices attached

[2018-08-10 12:32:58] DEBUG [libs.Utility:27] 8f69c45e	device

[2018-08-10 12:32:58] DEBUG [libs.Utility:27] 

[2018-08-10 12:32:59] DEBUG [libs.ThreadManager:43] STATE     |                                              NAME
[2018-08-10 12:32:59] DEBUG [libs.ThreadManager:45] DONE      |                                 update_8020_state
[2018-08-10 12:32:59] DEBUG [libs.ThreadManager:45] DONE      |                                           refresh
[2018-08-10 12:32:59] DEBUG [libs.ThreadManager:94] STARTED   |                                 update_8020_state
[2018-08-10 12:32:59] DEBUG [libs.Notebook.AR8020:131] check the AR 8020 state in device:8f69c45e
[2018-08-10 12:33:00] DEBUG [libs.Notebook.AR8020:131] check the AR 8020 state in device:8f69c45e
[2018-08-10 12:34:34] DEBUG [libs.Notebook.AR8020:131] check the AR 8020 state in device:8f69c45e
