[2018-08-31 10:26:06] DEBUG [libs.Utility:28] List of devices attached

[2018-08-31 10:26:06] DEBUG [libs.Utility:28] 8f69c4ae	device

[2018-08-31 10:26:06] DEBUG [libs.Utility:28] 

[2018-08-31 10:26:06] DEBUG [libs.Utility:28] List of devices attached

[2018-08-31 10:26:06] DEBUG [libs.Utility:28] 8f69c4ae	device

[2018-08-31 10:26:06] DEBUG [libs.Utility:28] 

[2018-08-31 10:26:07] DEBUG [libs.ThreadManager:43] STATE     |                                              NAME
[2018-08-31 10:26:07] DEBUG [libs.ThreadManager:94] STARTED   |                                 __refresh_devices
[2018-08-31 10:26:07] DEBUG [libs.Utility:28] List of devices attached

[2018-08-31 10:26:07] DEBUG [libs.Utility:28] 8f69c4ae	device

[2018-08-31 10:26:07] DEBUG [libs.Utility:28] 

[2018-08-31 10:26:07] DEBUG [libs.Notebook.AR8020:175] check the AR 8020 state in device:8f69c4ae
[2018-08-31 10:26:10] DEBUG [libs.ThreadManager:43] STATE     |                                              NAME
[2018-08-31 10:26:10] DEBUG [libs.ThreadManager:45] DONE      |                                 __refresh_devices
[2018-08-31 10:26:10] DEBUG [libs.ThreadManager:94] STARTED   |                               __update_8020_state
[2018-08-31 10:26:10] DEBUG [libs.Notebook.AR8020:175] check the AR 8020 state in device:8f69c4ae
[2018-08-31 10:26:12] DEBUG [libs.ThreadManager:43] STATE     |                                              NAME
[2018-08-31 10:26:12] DEBUG [libs.ThreadManager:45] DONE      |                                 __refresh_devices
[2018-08-31 10:26:12] DEBUG [libs.ThreadManager:45] DONE      |                               __update_8020_state
[2018-08-31 10:26:12] DEBUG [libs.ThreadManager:94] STARTED   |                               __update_8020_state
[2018-08-31 10:26:12] DEBUG [libs.Notebook.AR8020:175] check the AR 8020 state in device:8f69c4ae
[2018-08-31 10:26:13] DEBUG [libs.ThreadManager:43] STATE     |                                              NAME
[2018-08-31 10:26:13] DEBUG [libs.ThreadManager:45] DONE      |                                 __refresh_devices
[2018-08-31 10:26:13] DEBUG [libs.ThreadManager:45] DONE      |                               __update_8020_state
[2018-08-31 10:26:13] DEBUG [libs.ThreadManager:94] STARTED   |                               __update_8020_state
[2018-08-31 10:26:13] DEBUG [libs.Notebook.AR8020:175] check the AR 8020 state in device:8f69c4ae
[2018-08-31 10:26:14] DEBUG [libs.ThreadManager:43] STATE     |                                              NAME
[2018-08-31 10:26:14] DEBUG [libs.ThreadManager:45] DONE      |                                 __refresh_devices
[2018-08-31 10:26:14] DEBUG [libs.ThreadManager:45] DONE      |                               __update_8020_state
[2018-08-31 10:26:14] DEBUG [libs.ThreadManager:94] STARTED   |                               __update_8020_state
[2018-08-31 10:26:14] DEBUG [libs.Notebook.AR8020:175] check the AR 8020 state in device:8f69c4ae
[2018-08-31 10:26:14] DEBUG [libs.ThreadManager:43] STATE     |                                              NAME
[2018-08-31 10:26:14] DEBUG [libs.ThreadManager:45] DONE      |                                 __refresh_devices
[2018-08-31 10:26:14] DEBUG [libs.ThreadManager:45] DONE      |                               __update_8020_state
[2018-08-31 10:26:14] DEBUG [libs.ThreadManager:94] STARTED   |                               __update_8020_state
[2018-08-31 10:26:14] DEBUG [libs.Notebook.AR8020:175] check the AR 8020 state in device:8f69c4ae
[2018-08-31 10:26:15] DEBUG [libs.ThreadManager:43] STATE     |                                              NAME
[2018-08-31 10:26:15] DEBUG [libs.ThreadManager:45] DONE      |                                 __refresh_devices
[2018-08-31 10:26:15] DEBUG [libs.ThreadManager:45] DONE      |                               __update_8020_state
[2018-08-31 10:26:15] DEBUG [libs.ThreadManager:94] STARTED   |                               __update_8020_state
[2018-08-31 10:26:15] DEBUG [libs.Notebook.AR8020:175] check the AR 8020 state in device:8f69c4ae
[2018-08-31 10:26:16] DEBUG [libs.ThreadManager:43] STATE     |                                              NAME
[2018-08-31 10:26:16] DEBUG [libs.ThreadManager:45] DONE      |                                 __refresh_devices
[2018-08-31 10:26:16] DEBUG [libs.ThreadManager:45] DONE      |                               __update_8020_state
[2018-08-31 10:26:16] DEBUG [libs.ThreadManager:94] STARTED   |                                 __refresh_devices
[2018-08-31 10:26:16] DEBUG [libs.Utility:28] List of devices attached

[2018-08-31 10:26:16] DEBUG [libs.Utility:28] 8f69c4ae	device

[2018-08-31 10:26:16] DEBUG [libs.Utility:28] 

[2018-08-31 10:26:16] DEBUG [libs.Notebook.AR8020:175] check the AR 8020 state in device:8f69c4ae
[2018-08-31 10:26:18] DEBUG [libs.ThreadManager:43] STATE     |                                              NAME
[2018-08-31 10:26:18] DEBUG [libs.ThreadManager:45] DONE      |                                 __refresh_devices
[2018-08-31 10:26:18] DEBUG [libs.ThreadManager:45] DONE      |                               __update_8020_state
[2018-08-31 10:26:18] DEBUG [libs.ThreadManager:94] STARTED   |                               __update_8020_state
[2018-08-31 10:26:18] DEBUG [libs.Notebook.AR8020:175] check the AR 8020 state in device:8f69c4ae
[2018-08-31 10:26:20] DEBUG [libs.ThreadManager:43] STATE     |                                              NAME
[2018-08-31 10:26:20] DEBUG [libs.ThreadManager:45] DONE      |                                 __refresh_devices
[2018-08-31 10:26:20] DEBUG [libs.ThreadManager:45] DONE      |                               __update_8020_state
[2018-08-31 10:26:20] DEBUG [libs.ThreadManager:94] STARTED   |                               __update_8020_state
[2018-08-31 10:26:20] DEBUG [libs.Notebook.AR8020:175] check the AR 8020 state in device:8f69c4ae
[2018-08-31 10:26:21] DEBUG [libs.ThreadManager:43] STATE     |                                              NAME
[2018-08-31 10:26:21] DEBUG [libs.ThreadManager:45] DONE      |                                 __refresh_devices
[2018-08-31 10:26:21] DEBUG [libs.ThreadManager:45] DONE      |                               __update_8020_state
[2018-08-31 10:26:21] DEBUG [libs.ThreadManager:94] STARTED   |                               __update_8020_state
[2018-08-31 10:26:21] DEBUG [libs.Notebook.AR8020:175] check the AR 8020 state in device:8f69c4ae
[2018-08-31 10:26:23] DEBUG [libs.ThreadManager:43] STATE     |                                              NAME
[2018-08-31 10:26:23] DEBUG [libs.ThreadManager:45] DONE      |                                 __refresh_devices
[2018-08-31 10:26:23] DEBUG [libs.ThreadManager:45] DONE      |                               __update_8020_state
[2018-08-31 10:26:23] DEBUG [libs.ThreadManager:94] STARTED   |                               __update_8020_state
[2018-08-31 10:26:23] DEBUG [libs.Notebook.AR8020:175] check the AR 8020 state in device:8f69c4ae
[2018-08-31 10:26:24] DEBUG [libs.ThreadManager:43] STATE     |                                              NAME
[2018-08-31 10:26:24] DEBUG [libs.ThreadManager:45] DONE      |                                 __refresh_devices
[2018-08-31 10:26:24] DEBUG [libs.ThreadManager:45] DONE      |                               __update_8020_state
[2018-08-31 10:26:24] DEBUG [libs.ThreadManager:94] STARTED   |                               __update_8020_state
[2018-08-31 10:26:24] DEBUG [libs.Notebook.AR8020:175] check the AR 8020 state in device:8f69c4ae
[2018-08-31 10:26:27] DEBUG [libs.ThreadManager:43] STATE     |                                              NAME
[2018-08-31 10:26:27] DEBUG [libs.ThreadManager:45] DONE      |                                 __refresh_devices
[2018-08-31 10:26:27] DEBUG [libs.ThreadManager:45] DONE      |                               __update_8020_state
[2018-08-31 10:26:27] DEBUG [libs.ThreadManager:94] STARTED   |                                 __refresh_devices
[2018-08-31 10:26:27] DEBUG [libs.Utility:28] List of devices attached

[2018-08-31 10:26:27] DEBUG [libs.Utility:28] 8f69c4ae	device

[2018-08-31 10:26:27] DEBUG [libs.Utility:28] 

[2018-08-31 10:26:27] DEBUG [libs.Notebook.AR8020:175] check the AR 8020 state in device:8f69c4ae
[2018-08-31 10:26:27] DEBUG [libs.ThreadManager:43] STATE     |                                              NAME
[2018-08-31 10:26:27] DEBUG [libs.ThreadManager:45] DONE      |                                 __refresh_devices
[2018-08-31 10:26:27] DEBUG [libs.ThreadManager:45] DONE      |                               __update_8020_state
[2018-08-31 10:26:27] DEBUG [libs.ThreadManager:94] STARTED   |                                 __refresh_devices
[2018-08-31 10:26:27] DEBUG [libs.Utility:28] List of devices attached

[2018-08-31 10:26:27] DEBUG [libs.Utility:28] 8f69c4ae	device

[2018-08-31 10:26:27] DEBUG [libs.Utility:28] 

[2018-08-31 10:26:27] DEBUG [libs.Notebook.AR8020:175] check the AR 8020 state in device:8f69c4ae
[2018-08-31 10:26:28] DEBUG [libs.ThreadManager:43] STATE     |                                              NAME
[2018-08-31 10:26:28] DEBUG [libs.ThreadManager:45] DONE      |                                 __refresh_devices
[2018-08-31 10:26:28] DEBUG [libs.ThreadManager:45] DONE      |                               __update_8020_state
[2018-08-31 10:26:28] DEBUG [libs.ThreadManager:94] STARTED   |                                 __refresh_devices
[2018-08-31 10:26:28] DEBUG [libs.Utility:28] List of devices attached

[2018-08-31 10:26:28] DEBUG [libs.Utility:28] 8f69c4ae	device

[2018-08-31 10:26:28] DEBUG [libs.Utility:28] 

[2018-08-31 10:26:28] DEBUG [libs.Notebook.AR8020:175] check the AR 8020 state in device:8f69c4ae
[2018-08-31 10:26:29] DEBUG [libs.ThreadManager:43] STATE     |                                              NAME
[2018-08-31 10:26:29] DEBUG [libs.ThreadManager:45] DONE      |                                 __refresh_devices
[2018-08-31 10:26:29] DEBUG [libs.ThreadManager:45] DONE      |                               __update_8020_state
[2018-08-31 10:26:29] DEBUG [libs.ThreadManager:94] STARTED   |                               __update_8020_state
[2018-08-31 10:26:29] DEBUG [libs.Notebook.AR8020:175] check the AR 8020 state in device:8f69c4ae
[2018-08-31 10:26:30] DEBUG [libs.ThreadManager:43] STATE     |                                              NAME
[2018-08-31 10:26:30] DEBUG [libs.ThreadManager:45] DONE      |                                 __refresh_devices
[2018-08-31 10:26:30] DEBUG [libs.ThreadManager:45] DONE      |                               __update_8020_state
[2018-08-31 10:26:30] DEBUG [libs.ThreadManager:94] STARTED   |                                 __refresh_devices
[2018-08-31 10:26:30] DEBUG [libs.Utility:28] List of devices attached

[2018-08-31 10:26:30] DEBUG [libs.Utility:28] 8f69c4ae	device

[2018-08-31 10:26:30] DEBUG [libs.Utility:28] 

[2018-08-31 10:26:30] DEBUG [libs.Notebook.AR8020:175] check the AR 8020 state in device:8f69c4ae
