[2018-09-03 12:14:43] DEBUG [libs.Utility:28] List of devices attached

[2018-09-03 12:14:43] DEBUG [libs.Utility:28] 8f1bdd77	device

[2018-09-03 12:14:43] DEBUG [libs.Utility:28] 

[2018-09-03 12:14:43] DEBUG [libs.Utility:28] List of devices attached

[2018-09-03 12:14:43] DEBUG [libs.Utility:28] 8f1bdd77	device

[2018-09-03 12:14:43] DEBUG [libs.Utility:28] 

[2018-09-03 12:14:45] DEBUG [libs.ThreadManager:43] STATE     |                                              NAME
[2018-09-03 12:14:45] DEBUG [libs.ThreadManager:94] STARTED   |                                         __refresh
[2018-09-03 12:14:45] DEBUG [libs.Utility:28] List of devices attached

[2018-09-03 12:14:45] DEBUG [libs.Utility:28] 8f1bdd77	device

[2018-09-03 12:14:45] DEBUG [libs.Utility:28] 

[2018-09-03 12:14:45] DEBUG [libs.Utility:38] 8f69c4ae	fastboot

[2018-09-03 12:14:46] DEBUG [libs.ThreadManager:43] STATE     |                                              NAME
[2018-09-03 12:14:46] DEBUG [libs.ThreadManager:45] DONE      |                                         __refresh
[2018-09-03 12:14:46] DEBUG [libs.ThreadManager:94] STARTED   |                                         __refresh
[2018-09-03 12:14:46] DEBUG [libs.Utility:28] List of devices attached

[2018-09-03 12:14:46] DEBUG [libs.Utility:28] 8f1bdd77	device

[2018-09-03 12:14:46] DEBUG [libs.Utility:28] 

[2018-09-03 12:14:46] DEBUG [libs.Utility:38] 8f69c4ae	fastboot

[2018-09-03 12:14:47] DEBUG [libs.ThreadManager:43] STATE     |                                              NAME
[2018-09-03 12:14:47] DEBUG [libs.ThreadManager:45] DONE      |                                         __refresh
[2018-09-03 12:14:47] DEBUG [libs.ThreadManager:94] STARTED   |                                         __refresh
[2018-09-03 12:14:47] DEBUG [libs.Utility:28] List of devices attached

[2018-09-03 12:14:47] DEBUG [libs.Utility:28] 8f1bdd77	device

[2018-09-03 12:14:47] DEBUG [libs.Utility:28] 

[2018-09-03 12:14:47] DEBUG [libs.Utility:38] 8f69c4ae	fastboot

[2018-09-03 12:14:47] DEBUG [libs.ThreadManager:43] STATE     |                                              NAME
[2018-09-03 12:14:47] DEBUG [libs.ThreadManager:45] DONE      |                                         __refresh
[2018-09-03 12:14:48] DEBUG [libs.ThreadManager:94] STARTED   |                                         __refresh
[2018-09-03 12:14:48] DEBUG [libs.Utility:28] List of devices attached

[2018-09-03 12:14:48] DEBUG [libs.Utility:28] 8f1bdd77	device

[2018-09-03 12:14:48] DEBUG [libs.Utility:28] 

[2018-09-03 12:14:48] DEBUG [libs.Utility:38] 8f69c4ae	fastboot

[2018-09-03 12:14:48] DEBUG [libs.ThreadManager:43] STATE     |                                              NAME
[2018-09-03 12:14:48] DEBUG [libs.ThreadManager:45] DONE      |                                         __refresh
[2018-09-03 12:14:48] DEBUG [libs.ThreadManager:94] STARTED   |                                         __refresh
[2018-09-03 12:14:48] DEBUG [libs.Utility:28] List of devices attached

[2018-09-03 12:14:48] DEBUG [libs.Utility:28] 8f1bdd77	device

[2018-09-03 12:14:48] DEBUG [libs.Utility:28] 

[2018-09-03 12:14:48] DEBUG [libs.Utility:38] 8f69c4ae	fastboot

