[2018-09-04 15:05:55] DEBUG [libs.Utility:28] List of devices attached

[2018-09-04 15:05:55] DEBUG [libs.Utility:28] 8f1bdd77	device

[2018-09-04 15:05:55] DEBUG [libs.Utility:28] 

[2018-09-04 15:05:55] DEBUG [libs.Utility:28] List of devices attached

[2018-09-04 15:05:55] DEBUG [libs.Utility:28] 8f1bdd77	device

[2018-09-04 15:05:55] DEBUG [libs.Utility:28] 

[2018-09-04 15:06:22] DEBUG [libs.ThreadManager:43] STATE     |                                              NAME
[2018-09-04 15:06:22] DEBUG [libs.ThreadManager:94] STARTED   |                               __update_8020_state
[2018-09-04 15:06:22] DEBUG [libs.Notebook.AR8020:292] check the AR 8020 state in device:8f1bdd77
[2018-09-04 15:06:22] INFO [libs.Utility:58] Run Command:C:\Users\OEMUSER\PycharmProjects\SurfAssistantTool\adb.exe -s 8f1bdd77 shell "cat /sys/bus/platform/drivers/artosyn_ar8020/soc:ar8020/enable"
[2018-09-04 15:06:23] INFO [libs.Utility:58] Run Command:C:\Users\OEMUSER\PycharmProjects\SurfAssistantTool\adb.exe -s 8f1bdd77 shell "echo 1 > /sys/bus/platform/drivers/artosyn_ar8020/soc:ar8020/enable"
[2018-09-04 15:06:23] DEBUG [libs.ThreadManager:43] STATE     |                                              NAME
[2018-09-04 15:06:23] DEBUG [libs.ThreadManager:45] DONE      |                               __update_8020_state
[2018-09-04 15:06:23] DEBUG [libs.ThreadManager:94] STARTED   |                               __update_8020_state
[2018-09-04 15:06:23] DEBUG [libs.Notebook.AR8020:292] check the AR 8020 state in device:8f1bdd77
[2018-09-04 15:06:23] INFO [libs.Utility:58] Run Command:C:\Users\OEMUSER\PycharmProjects\SurfAssistantTool\adb.exe -s 8f1bdd77 shell "cat /sys/bus/platform/drivers/artosyn_ar8020/soc:ar8020/enable"
[2018-09-04 15:06:24] INFO [libs.Utility:58] Run Command:C:\Users\OEMUSER\PycharmProjects\SurfAssistantTool\adb.exe -s 8f1bdd77 shell "echo 0 > /sys/bus/platform/drivers/artosyn_ar8020/soc:ar8020/enable"
[2018-09-04 15:06:24] DEBUG [libs.ThreadManager:43] STATE     |                                              NAME
[2018-09-04 15:06:24] DEBUG [libs.ThreadManager:45] DONE      |                               __update_8020_state
[2018-09-04 15:06:24] DEBUG [libs.ThreadManager:94] STARTED   |                               __update_8020_state
[2018-09-04 15:06:24] DEBUG [libs.Notebook.AR8020:292] check the AR 8020 state in device:8f1bdd77
[2018-09-04 15:06:24] INFO [libs.Utility:58] Run Command:C:\Users\OEMUSER\PycharmProjects\SurfAssistantTool\adb.exe -s 8f1bdd77 shell "cat /sys/bus/platform/drivers/artosyn_ar8020/soc:ar8020/enable"
[2018-09-04 15:06:28] INFO [libs.Utility:58] Run Command:C:\Users\OEMUSER\PycharmProjects\SurfAssistantTool\adb.exe -s 8f1bdd77 shell "echo 1 > /sys/bus/platform/drivers/artosyn_ar8020/soc:ar8020/enable"
[2018-09-04 15:06:28] DEBUG [libs.ThreadManager:43] STATE     |                                              NAME
[2018-09-04 15:06:28] DEBUG [libs.ThreadManager:45] DONE      |                               __update_8020_state
[2018-09-04 15:06:28] DEBUG [libs.ThreadManager:94] STARTED   |                               __update_8020_state
[2018-09-04 15:06:28] DEBUG [libs.Notebook.AR8020:292] check the AR 8020 state in device:8f1bdd77
[2018-09-04 15:06:28] INFO [libs.Utility:58] Run Command:C:\Users\OEMUSER\PycharmProjects\SurfAssistantTool\adb.exe -s 8f1bdd77 shell "cat /sys/bus/platform/drivers/artosyn_ar8020/soc:ar8020/enable"
