[2018-09-04 11:20:22] DEBUG [libs.Utility:28] List of devices attached

[2018-09-04 11:20:22] DEBUG [libs.Utility:28] 8f69c4ae	device

[2018-09-04 11:20:22] DEBUG [libs.Utility:28] 

[2018-09-04 11:20:24] DEBUG [libs.ThreadManager:43] STATE     |                                              NAME
[2018-09-04 11:20:24] DEBUG [libs.ThreadManager:94] STARTED   |                                         __refresh
[2018-09-04 11:20:24] DEBUG [libs.Utility:28] List of devices attached

[2018-09-04 11:20:24] DEBUG [libs.Utility:28] 8f69c4ae	device

[2018-09-04 11:20:24] DEBUG [libs.Utility:28] 

[2018-09-04 11:20:28] DEBUG [libs.ThreadManager:43] STATE     |                                              NAME
[2018-09-04 11:20:28] DEBUG [libs.ThreadManager:45] DONE      |                                         __refresh
[2018-09-04 11:20:28] DEBUG [libs.ThreadManager:94] STARTED   |                                  Upgrade:8f69c4ae
[2018-09-04 11:20:56] DEBUG [libs.ThreadManager:43] STATE     |                                              NAME
[2018-09-04 11:20:56] DEBUG [libs.ThreadManager:45] RUNNING   |                                  Upgrade:8f69c4ae
[2018-09-04 11:20:56] DEBUG [libs.ThreadManager:45] DONE      |                                         __refresh
[2018-09-04 11:20:56] DEBUG [libs.ThreadManager:94] STARTED   |                                         __refresh
[2018-09-04 11:20:56] DEBUG [libs.Utility:28] List of devices attached

[2018-09-04 11:20:56] DEBUG [libs.Utility:28] 

[2018-09-04 11:20:58] DEBUG [libs.ThreadManager:43] STATE     |                                              NAME
[2018-09-04 11:20:58] DEBUG [libs.ThreadManager:45] RUNNING   |                                  Upgrade:8f69c4ae
[2018-09-04 11:20:58] DEBUG [libs.ThreadManager:45] DONE      |                                         __refresh
[2018-09-04 11:20:58] DEBUG [libs.ThreadManager:94] STARTED   |                                         __refresh
[2018-09-04 11:20:58] DEBUG [libs.Utility:28] List of devices attached

[2018-09-04 11:20:58] DEBUG [libs.Utility:28] 

[2018-09-04 11:20:59] DEBUG [libs.ThreadManager:43] STATE     |                                              NAME
[2018-09-04 11:20:59] DEBUG [libs.ThreadManager:45] RUNNING   |                                  Upgrade:8f69c4ae
[2018-09-04 11:20:59] DEBUG [libs.ThreadManager:45] DONE      |                                         __refresh
[2018-09-04 11:20:59] DEBUG [libs.ThreadManager:94] STARTED   |                                         __refresh
[2018-09-04 11:20:59] DEBUG [libs.Utility:28] List of devices attached

[2018-09-04 11:20:59] DEBUG [libs.Utility:28] 

[2018-09-04 11:20:59] DEBUG [libs.ThreadManager:43] STATE     |                                              NAME
[2018-09-04 11:20:59] DEBUG [libs.ThreadManager:45] RUNNING   |                                  Upgrade:8f69c4ae
[2018-09-04 11:20:59] DEBUG [libs.ThreadManager:45] DONE      |                                         __refresh
[2018-09-04 11:20:59] DEBUG [libs.ThreadManager:94] STARTED   |                                         __refresh
[2018-09-04 11:20:59] DEBUG [libs.Utility:28] List of devices attached

[2018-09-04 11:20:59] DEBUG [libs.Utility:28] 

[2018-09-04 11:21:43] DEBUG [libs.ThreadManager:43] STATE     |                                              NAME
[2018-09-04 11:21:43] DEBUG [libs.ThreadManager:45] RUNNING   |                                  Upgrade:8f69c4ae
[2018-09-04 11:21:43] DEBUG [libs.ThreadManager:45] DONE      |                                         __refresh
[2018-09-04 11:21:43] DEBUG [libs.ThreadManager:94] STARTED   |                                         __refresh
[2018-09-04 11:21:43] DEBUG [libs.Utility:28] List of devices attached

[2018-09-04 11:21:43] DEBUG [libs.Utility:28] 

[2018-09-04 11:22:48] DEBUG [libs.ThreadManager:43] STATE     |                                              NAME
[2018-09-04 11:22:48] DEBUG [libs.ThreadManager:45] DONE      |                                  Upgrade:8f69c4ae
[2018-09-04 11:22:48] DEBUG [libs.ThreadManager:45] DONE      |                                         __refresh
[2018-09-04 11:22:48] DEBUG [libs.ThreadManager:94] STARTED   |                                         __refresh
[2018-09-04 11:22:48] DEBUG [libs.Utility:28] List of devices attached

[2018-09-04 11:22:48] DEBUG [libs.Utility:28] 

[2018-09-04 11:22:48] DEBUG [libs.Utility:38] 8f69c4ae	fastboot

