[2018-08-28 16:07:54] DEBUG [libs.Utility:27] List of devices attached

[2018-08-28 16:07:54] DEBUG [libs.Utility:27] 8f69c4ae	device

[2018-08-28 16:07:54] DEBUG [libs.Utility:27] 

[2018-08-28 16:07:54] DEBUG [libs.Utility:27] List of devices attached

[2018-08-28 16:07:54] DEBUG [libs.Utility:27] 8f69c4ae	device

[2018-08-28 16:07:54] DEBUG [libs.Utility:27] 

[2018-08-28 16:09:01] DEBUG [libs.ThreadManager:43] STATE     |                                              NAME
[2018-08-28 16:09:01] DEBUG [libs.ThreadManager:94] STARTED   |                               __update_8020_state
[2018-08-28 16:09:01] DEBUG [libs.Notebook.AR8020:153] check the AR 8020 state in device:8f69c4ae
[2018-08-28 16:09:03] DEBUG [libs.ThreadManager:43] STATE     |                                              NAME
[2018-08-28 16:09:03] DEBUG [libs.ThreadManager:45] DONE      |                               __update_8020_state
[2018-08-28 16:09:03] DEBUG [libs.ThreadManager:94] STARTED   |                               __update_8020_state
[2018-08-28 16:09:03] DEBUG [libs.Notebook.AR8020:153] check the AR 8020 state in device:8f69c4ae
[2018-08-28 16:09:05] DEBUG [libs.ThreadManager:43] STATE     |                                              NAME
[2018-08-28 16:09:05] DEBUG [libs.ThreadManager:45] DONE      |                               __update_8020_state
[2018-08-28 16:09:05] DEBUG [libs.ThreadManager:94] STARTED   |                               __update_8020_state
[2018-08-28 16:09:05] DEBUG [libs.Notebook.AR8020:153] check the AR 8020 state in device:8f69c4ae
[2018-08-28 16:09:19] DEBUG [libs.ThreadManager:43] STATE     |                                              NAME
[2018-08-28 16:09:19] DEBUG [libs.ThreadManager:45] DONE      |                               __update_8020_state
[2018-08-28 16:09:19] DEBUG [libs.ThreadManager:94] STARTED   |                                           refresh
[2018-08-28 16:09:19] DEBUG [libs.Utility:27] List of devices attached

[2018-08-28 16:09:19] DEBUG [libs.Utility:27] ST12345678	device

[2018-08-28 16:09:19] DEBUG [libs.Utility:27] 8f69c4ae	device

[2018-08-28 16:09:19] DEBUG [libs.Utility:27] 

[2018-08-28 16:09:20] DEBUG [libs.ThreadManager:43] STATE     |                                              NAME
[2018-08-28 16:09:20] DEBUG [libs.ThreadManager:45] DONE      |                               __update_8020_state
[2018-08-28 16:09:20] DEBUG [libs.ThreadManager:45] DONE      |                                           refresh
[2018-08-28 16:09:20] DEBUG [libs.ThreadManager:94] STARTED   |                               __update_8020_state
[2018-08-28 16:09:20] DEBUG [libs.Notebook.AR8020:153] check the AR 8020 state in device:ST12345678
[2018-08-28 16:09:24] DEBUG [libs.ThreadManager:43] STATE     |                                              NAME
[2018-08-28 16:09:24] DEBUG [libs.ThreadManager:45] DONE      |                               __update_8020_state
[2018-08-28 16:09:24] DEBUG [libs.ThreadManager:45] DONE      |                                           refresh
[2018-08-28 16:09:24] DEBUG [libs.ThreadManager:94] STARTED   |                               __update_8020_state
[2018-08-28 16:09:24] DEBUG [libs.Notebook.AR8020:153] check the AR 8020 state in device:8f69c4ae
[2018-08-28 16:09:25] DEBUG [libs.ThreadManager:43] STATE     |                                              NAME
[2018-08-28 16:09:25] DEBUG [libs.ThreadManager:45] DONE      |                               __update_8020_state
[2018-08-28 16:09:25] DEBUG [libs.ThreadManager:45] DONE      |                                           refresh
[2018-08-28 16:09:25] DEBUG [libs.ThreadManager:94] STARTED   |                               __update_8020_state
[2018-08-28 16:09:25] DEBUG [libs.Notebook.AR8020:153] check the AR 8020 state in device:ST12345678
[2018-08-28 16:09:41] DEBUG [libs.ThreadManager:43] STATE     |                                              NAME
[2018-08-28 16:09:41] DEBUG [libs.ThreadManager:45] DONE      |                               __update_8020_state
[2018-08-28 16:09:41] DEBUG [libs.ThreadManager:45] DONE      |                                           refresh
[2018-08-28 16:09:41] DEBUG [libs.ThreadManager:94] STARTED   |                               __update_8020_state
[2018-08-28 16:09:41] DEBUG [libs.Notebook.AR8020:153] check the AR 8020 state in device:8f69c4ae
[2018-08-28 16:09:43] DEBUG [libs.ThreadManager:43] STATE     |                                              NAME
[2018-08-28 16:09:43] DEBUG [libs.ThreadManager:45] DONE      |                               __update_8020_state
[2018-08-28 16:09:43] DEBUG [libs.ThreadManager:45] DONE      |                                           refresh
[2018-08-28 16:09:43] DEBUG [libs.ThreadManager:94] STARTED   |                               __update_8020_state
[2018-08-28 16:09:43] DEBUG [libs.Notebook.AR8020:153] check the AR 8020 state in device:8f69c4ae
[2018-08-28 16:09:45] DEBUG [libs.ThreadManager:43] STATE     |                                              NAME
[2018-08-28 16:09:45] DEBUG [libs.ThreadManager:45] DONE      |                               __update_8020_state
[2018-08-28 16:09:45] DEBUG [libs.ThreadManager:45] DONE      |                                           refresh
[2018-08-28 16:09:45] DEBUG [libs.ThreadManager:94] STARTED   |                               __update_8020_state
[2018-08-28 16:09:45] DEBUG [libs.Notebook.AR8020:153] check the AR 8020 state in device:8f69c4ae
[2018-08-28 16:09:47] DEBUG [libs.ThreadManager:43] STATE     |                                              NAME
[2018-08-28 16:09:47] DEBUG [libs.ThreadManager:45] DONE      |                               __update_8020_state
[2018-08-28 16:09:47] DEBUG [libs.ThreadManager:45] DONE      |                                           refresh
[2018-08-28 16:09:47] DEBUG [libs.ThreadManager:94] STARTED   |                               __update_8020_state
[2018-08-28 16:09:47] DEBUG [libs.Notebook.AR8020:153] check the AR 8020 state in device:ST12345678
[2018-08-28 16:09:48] DEBUG [libs.ThreadManager:43] STATE     |                                              NAME
[2018-08-28 16:09:48] DEBUG [libs.ThreadManager:45] DONE      |                               __update_8020_state
[2018-08-28 16:09:48] DEBUG [libs.ThreadManager:45] DONE      |                                           refresh
[2018-08-28 16:09:48] DEBUG [libs.ThreadManager:94] STARTED   |                               __update_8020_state
[2018-08-28 16:09:48] DEBUG [libs.Notebook.AR8020:153] check the AR 8020 state in device:8f69c4ae
[2018-08-28 16:09:51] DEBUG [libs.ThreadManager:43] STATE     |                                              NAME
[2018-08-28 16:09:51] DEBUG [libs.ThreadManager:45] DONE      |                               __update_8020_state
[2018-08-28 16:09:51] DEBUG [libs.ThreadManager:45] DONE      |                                           refresh
[2018-08-28 16:09:51] DEBUG [libs.ThreadManager:94] STARTED   |                               __update_8020_state
[2018-08-28 16:09:51] DEBUG [libs.Notebook.AR8020:153] check the AR 8020 state in device:ST12345678
[2018-08-28 16:10:47] DEBUG [libs.ThreadManager:43] STATE     |                                              NAME
[2018-08-28 16:10:47] DEBUG [libs.ThreadManager:45] DONE      |                               __update_8020_state
[2018-08-28 16:10:47] DEBUG [libs.ThreadManager:45] DONE      |                                           refresh
[2018-08-28 16:10:47] DEBUG [libs.ThreadManager:94] STARTED   |                                           refresh
[2018-08-28 16:10:47] DEBUG [libs.Utility:27] List of devices attached

[2018-08-28 16:10:47] DEBUG [libs.Utility:27] 

[2018-08-28 16:10:47] DEBUG [libs.ThreadManager:43] STATE     |                                              NAME
[2018-08-28 16:10:47] DEBUG [libs.ThreadManager:45] DONE      |                               __update_8020_state
[2018-08-28 16:10:47] DEBUG [libs.ThreadManager:45] DONE      |                                           refresh
[2018-08-28 16:10:47] DEBUG [libs.ThreadManager:94] STARTED   |                                           refresh
[2018-08-28 16:10:47] DEBUG [libs.Utility:27] List of devices attached

[2018-08-28 16:10:47] DEBUG [libs.Utility:27] 

[2018-08-28 16:10:47] DEBUG [libs.ThreadManager:43] STATE     |                                              NAME
[2018-08-28 16:10:47] DEBUG [libs.ThreadManager:45] DONE      |                               __update_8020_state
[2018-08-28 16:10:47] DEBUG [libs.ThreadManager:45] DONE      |                                           refresh
[2018-08-28 16:10:47] DEBUG [libs.ThreadManager:94] STARTED   |                                           refresh
[2018-08-28 16:10:47] DEBUG [libs.Utility:27] List of devices attached

[2018-08-28 16:10:47] DEBUG [libs.Utility:27] 

[2018-08-28 16:10:47] DEBUG [libs.ThreadManager:43] STATE     |                                              NAME
[2018-08-28 16:10:47] DEBUG [libs.ThreadManager:45] DONE      |                               __update_8020_state
[2018-08-28 16:10:47] DEBUG [libs.ThreadManager:45] DONE      |                                           refresh
[2018-08-28 16:10:47] DEBUG [libs.ThreadManager:94] STARTED   |                                           refresh
[2018-08-28 16:10:47] DEBUG [libs.Utility:27] List of devices attached

[2018-08-28 16:10:47] DEBUG [libs.Utility:27] 

[2018-08-28 16:10:48] DEBUG [libs.ThreadManager:43] STATE     |                                              NAME
[2018-08-28 16:10:48] DEBUG [libs.ThreadManager:45] DONE      |                               __update_8020_state
[2018-08-28 16:10:48] DEBUG [libs.ThreadManager:45] DONE      |                                           refresh
[2018-08-28 16:10:48] DEBUG [libs.ThreadManager:94] STARTED   |                                           refresh
[2018-08-28 16:10:48] DEBUG [libs.Utility:27] List of devices attached

[2018-08-28 16:10:48] DEBUG [libs.Utility:27] 

[2018-08-28 16:10:48] DEBUG [libs.ThreadManager:43] STATE     |                                              NAME
[2018-08-28 16:10:48] DEBUG [libs.ThreadManager:45] DONE      |                               __update_8020_state
[2018-08-28 16:10:48] DEBUG [libs.ThreadManager:45] DONE      |                                           refresh
[2018-08-28 16:10:48] DEBUG [libs.ThreadManager:94] STARTED   |                                           refresh
[2018-08-28 16:10:48] DEBUG [libs.Utility:27] List of devices attached

[2018-08-28 16:10:48] DEBUG [libs.Utility:27] 

[2018-08-28 16:10:48] DEBUG [libs.ThreadManager:43] STATE     |                                              NAME
[2018-08-28 16:10:48] DEBUG [libs.ThreadManager:45] DONE      |                               __update_8020_state
[2018-08-28 16:10:48] DEBUG [libs.ThreadManager:45] DONE      |                                           refresh
[2018-08-28 16:10:48] DEBUG [libs.ThreadManager:94] STARTED   |                                           refresh
[2018-08-28 16:10:48] DEBUG [libs.Utility:27] List of devices attached

[2018-08-28 16:10:48] DEBUG [libs.Utility:27] 

[2018-08-28 16:10:48] DEBUG [libs.ThreadManager:43] STATE     |                                              NAME
[2018-08-28 16:10:48] DEBUG [libs.ThreadManager:45] DONE      |                               __update_8020_state
[2018-08-28 16:10:48] DEBUG [libs.ThreadManager:45] DONE      |                                           refresh
[2018-08-28 16:10:49] DEBUG [libs.ThreadManager:94] STARTED   |                                           refresh
[2018-08-28 16:10:49] DEBUG [libs.Utility:27] List of devices attached

[2018-08-28 16:10:49] DEBUG [libs.Utility:27] 

[2018-08-28 16:10:49] DEBUG [libs.ThreadManager:43] STATE     |                                              NAME
[2018-08-28 16:10:49] DEBUG [libs.ThreadManager:45] DONE      |                               __update_8020_state
[2018-08-28 16:10:49] DEBUG [libs.ThreadManager:45] DONE      |                                           refresh
[2018-08-28 16:10:49] DEBUG [libs.ThreadManager:94] STARTED   |                                           refresh
[2018-08-28 16:10:49] DEBUG [libs.Utility:27] List of devices attached

[2018-08-28 16:10:49] DEBUG [libs.Utility:27] 

[2018-08-28 16:10:49] DEBUG [libs.ThreadManager:43] STATE     |                                              NAME
[2018-08-28 16:10:49] DEBUG [libs.ThreadManager:45] DONE      |                               __update_8020_state
[2018-08-28 16:10:49] DEBUG [libs.ThreadManager:45] DONE      |                                           refresh
[2018-08-28 16:10:49] DEBUG [libs.ThreadManager:94] STARTED   |                                           refresh
[2018-08-28 16:10:49] DEBUG [libs.Utility:27] List of devices attached

[2018-08-28 16:10:49] DEBUG [libs.Utility:27] 

[2018-08-28 16:10:49] DEBUG [libs.ThreadManager:43] STATE     |                                              NAME
[2018-08-28 16:10:49] DEBUG [libs.ThreadManager:45] DONE      |                               __update_8020_state
[2018-08-28 16:10:49] DEBUG [libs.ThreadManager:45] DONE      |                                           refresh
[2018-08-28 16:10:49] DEBUG [libs.ThreadManager:94] STARTED   |                                           refresh
[2018-08-28 16:10:49] DEBUG [libs.Utility:27] List of devices attached

[2018-08-28 16:10:49] DEBUG [libs.Utility:27] 

[2018-08-28 16:10:49] DEBUG [libs.ThreadManager:43] STATE     |                                              NAME
[2018-08-28 16:10:49] DEBUG [libs.ThreadManager:45] DONE      |                               __update_8020_state
[2018-08-28 16:10:49] DEBUG [libs.ThreadManager:45] DONE      |                                           refresh
[2018-08-28 16:10:49] DEBUG [libs.ThreadManager:94] STARTED   |                                           refresh
[2018-08-28 16:10:49] DEBUG [libs.Utility:27] List of devices attached

[2018-08-28 16:10:49] DEBUG [libs.Utility:27] 

[2018-08-28 16:10:49] DEBUG [libs.ThreadManager:43] STATE     |                                              NAME
[2018-08-28 16:10:49] DEBUG [libs.ThreadManager:45] DONE      |                               __update_8020_state
[2018-08-28 16:10:49] DEBUG [libs.ThreadManager:45] DONE      |                                           refresh
[2018-08-28 16:10:49] DEBUG [libs.ThreadManager:94] STARTED   |                                           refresh
[2018-08-28 16:10:49] DEBUG [libs.Utility:27] List of devices attached

[2018-08-28 16:10:49] DEBUG [libs.Utility:27] 

[2018-08-28 16:10:50] DEBUG [libs.ThreadManager:43] STATE     |                                              NAME
[2018-08-28 16:10:50] DEBUG [libs.ThreadManager:45] DONE      |                               __update_8020_state
[2018-08-28 16:10:50] DEBUG [libs.ThreadManager:45] DONE      |                                           refresh
[2018-08-28 16:10:50] DEBUG [libs.ThreadManager:94] STARTED   |                                           refresh
[2018-08-28 16:10:50] DEBUG [libs.Utility:27] List of devices attached

[2018-08-28 16:10:50] DEBUG [libs.Utility:27] 

[2018-08-28 16:10:50] DEBUG [libs.ThreadManager:43] STATE     |                                              NAME
[2018-08-28 16:10:50] DEBUG [libs.ThreadManager:45] DONE      |                               __update_8020_state
[2018-08-28 16:10:50] DEBUG [libs.ThreadManager:45] DONE      |                                           refresh
[2018-08-28 16:10:50] DEBUG [libs.ThreadManager:94] STARTED   |                                           refresh
[2018-08-28 16:10:50] DEBUG [libs.Utility:27] List of devices attached

[2018-08-28 16:10:50] DEBUG [libs.Utility:27] 

[2018-08-28 16:10:53] DEBUG [libs.ThreadManager:43] STATE     |                                              NAME
[2018-08-28 16:10:53] DEBUG [libs.ThreadManager:45] DONE      |                               __update_8020_state
[2018-08-28 16:10:53] DEBUG [libs.ThreadManager:45] DONE      |                                           refresh
[2018-08-28 16:10:53] DEBUG [libs.ThreadManager:94] STARTED   |                                           refresh
[2018-08-28 16:10:53] DEBUG [libs.Utility:27] List of devices attached

[2018-08-28 16:10:53] DEBUG [libs.Utility:27] 

[2018-08-28 16:10:54] DEBUG [libs.ThreadManager:43] STATE     |                                              NAME
[2018-08-28 16:10:54] DEBUG [libs.ThreadManager:45] DONE      |                               __update_8020_state
[2018-08-28 16:10:54] DEBUG [libs.ThreadManager:45] DONE      |                                           refresh
[2018-08-28 16:10:54] DEBUG [libs.ThreadManager:94] STARTED   |                                           refresh
[2018-08-28 16:10:54] DEBUG [libs.Utility:27] List of devices attached

[2018-08-28 16:10:54] DEBUG [libs.Utility:27] 

[2018-08-28 16:10:54] DEBUG [libs.ThreadManager:43] STATE     |                                              NAME
[2018-08-28 16:10:54] DEBUG [libs.ThreadManager:45] DONE      |                               __update_8020_state
[2018-08-28 16:10:54] DEBUG [libs.ThreadManager:45] DONE      |                                           refresh
[2018-08-28 16:10:54] DEBUG [libs.ThreadManager:94] STARTED   |                                           refresh
[2018-08-28 16:10:54] DEBUG [libs.Utility:27] List of devices attached

[2018-08-28 16:10:54] DEBUG [libs.Utility:27] 

[2018-08-28 16:10:54] DEBUG [libs.ThreadManager:43] STATE     |                                              NAME
[2018-08-28 16:10:54] DEBUG [libs.ThreadManager:45] DONE      |                               __update_8020_state
[2018-08-28 16:10:54] DEBUG [libs.ThreadManager:45] DONE      |                                           refresh
[2018-08-28 16:10:54] DEBUG [libs.ThreadManager:94] STARTED   |                                           refresh
[2018-08-28 16:10:54] DEBUG [libs.Utility:27] List of devices attached

[2018-08-28 16:10:54] DEBUG [libs.Utility:27] 

[2018-08-28 16:10:54] DEBUG [libs.ThreadManager:43] STATE     |                                              NAME
[2018-08-28 16:10:54] DEBUG [libs.ThreadManager:45] DONE      |                               __update_8020_state
[2018-08-28 16:10:54] DEBUG [libs.ThreadManager:45] DONE      |                                           refresh
[2018-08-28 16:10:54] DEBUG [libs.ThreadManager:94] STARTED   |                                           refresh
[2018-08-28 16:10:54] DEBUG [libs.Utility:27] List of devices attached

[2018-08-28 16:10:54] DEBUG [libs.Utility:27] 

[2018-08-28 16:10:54] DEBUG [libs.ThreadManager:43] STATE     |                                              NAME
[2018-08-28 16:10:54] DEBUG [libs.ThreadManager:45] DONE      |                               __update_8020_state
[2018-08-28 16:10:54] DEBUG [libs.ThreadManager:45] DONE      |                                           refresh
[2018-08-28 16:10:54] DEBUG [libs.ThreadManager:94] STARTED   |                                           refresh
[2018-08-28 16:10:54] DEBUG [libs.Utility:27] List of devices attached

[2018-08-28 16:10:54] DEBUG [libs.Utility:27] 

[2018-08-28 16:10:55] DEBUG [libs.ThreadManager:43] STATE     |                                              NAME
[2018-08-28 16:10:55] DEBUG [libs.ThreadManager:45] DONE      |                               __update_8020_state
[2018-08-28 16:10:55] DEBUG [libs.ThreadManager:45] DONE      |                                           refresh
[2018-08-28 16:10:55] DEBUG [libs.ThreadManager:94] STARTED   |                                           refresh
[2018-08-28 16:10:55] DEBUG [libs.Utility:27] List of devices attached

[2018-08-28 16:10:55] DEBUG [libs.Utility:27] 

[2018-08-28 16:10:55] DEBUG [libs.ThreadManager:43] STATE     |                                              NAME
[2018-08-28 16:10:55] DEBUG [libs.ThreadManager:45] DONE      |                               __update_8020_state
[2018-08-28 16:10:55] DEBUG [libs.ThreadManager:45] DONE      |                                           refresh
[2018-08-28 16:10:55] DEBUG [libs.ThreadManager:94] STARTED   |                                           refresh
[2018-08-28 16:10:55] DEBUG [libs.Utility:27] List of devices attached

[2018-08-28 16:10:55] DEBUG [libs.Utility:27] 

[2018-08-28 16:10:55] DEBUG [libs.ThreadManager:43] STATE     |                                              NAME
[2018-08-28 16:10:55] DEBUG [libs.ThreadManager:45] DONE      |                               __update_8020_state
[2018-08-28 16:10:55] DEBUG [libs.ThreadManager:45] DONE      |                                           refresh
[2018-08-28 16:10:55] DEBUG [libs.ThreadManager:94] STARTED   |                                           refresh
[2018-08-28 16:10:55] DEBUG [libs.Utility:27] List of devices attached

[2018-08-28 16:10:55] DEBUG [libs.Utility:27] 

[2018-08-28 16:10:55] DEBUG [libs.ThreadManager:43] STATE     |                                              NAME
[2018-08-28 16:10:55] DEBUG [libs.ThreadManager:45] DONE      |                               __update_8020_state
[2018-08-28 16:10:55] DEBUG [libs.ThreadManager:45] DONE      |                                           refresh
[2018-08-28 16:10:55] DEBUG [libs.ThreadManager:94] STARTED   |                                           refresh
[2018-08-28 16:10:55] DEBUG [libs.Utility:27] List of devices attached

[2018-08-28 16:10:55] DEBUG [libs.Utility:27] 

[2018-08-28 16:10:55] DEBUG [libs.ThreadManager:43] STATE     |                                              NAME
[2018-08-28 16:10:55] DEBUG [libs.ThreadManager:45] DONE      |                               __update_8020_state
[2018-08-28 16:10:55] DEBUG [libs.ThreadManager:45] DONE      |                                           refresh
[2018-08-28 16:10:55] DEBUG [libs.ThreadManager:94] STARTED   |                                           refresh
[2018-08-28 16:10:55] DEBUG [libs.Utility:27] List of devices attached

[2018-08-28 16:10:55] DEBUG [libs.Utility:27] 

[2018-08-28 16:10:56] DEBUG [libs.ThreadManager:43] STATE     |                                              NAME
[2018-08-28 16:10:56] DEBUG [libs.ThreadManager:45] DONE      |                               __update_8020_state
[2018-08-28 16:10:56] DEBUG [libs.ThreadManager:45] DONE      |                                           refresh
[2018-08-28 16:10:56] DEBUG [libs.ThreadManager:94] STARTED   |                                           refresh
[2018-08-28 16:10:56] DEBUG [libs.Utility:27] List of devices attached

[2018-08-28 16:10:56] DEBUG [libs.Utility:27] 

