[2018-08-28 16:30:10] DEBUG [libs.Utility:27] List of devices attached

[2018-08-28 16:30:10] DEBUG [libs.Utility:27] ST12345678	device

[2018-08-28 16:30:10] DEBUG [libs.Utility:27] 8f1bdd77	device

[2018-08-28 16:30:10] DEBUG [libs.Utility:27] 8f69c4ae	device

[2018-08-28 16:30:10] DEBUG [libs.Utility:27] 

[2018-08-28 16:30:10] DEBUG [libs.Utility:27] List of devices attached

[2018-08-28 16:30:10] DEBUG [libs.Utility:27] ST12345678	device

[2018-08-28 16:30:10] DEBUG [libs.Utility:27] 8f1bdd77	device

[2018-08-28 16:30:10] DEBUG [libs.Utility:27] 8f69c4ae	device

[2018-08-28 16:30:10] DEBUG [libs.Utility:27] 

[2018-08-28 16:30:11] DEBUG [libs.ThreadManager:43] STATE     |                                              NAME
[2018-08-28 16:30:11] DEBUG [libs.ThreadManager:94] STARTED   |                               __update_8020_state
[2018-08-28 16:30:11] DEBUG [libs.Notebook.AR8020:153] check the AR 8020 state in device:ST12345678
[2018-08-28 16:30:12] DEBUG [libs.ThreadManager:43] STATE     |                                              NAME
[2018-08-28 16:30:12] DEBUG [libs.ThreadManager:45] DONE      |                               __update_8020_state
[2018-08-28 16:30:12] DEBUG [libs.ThreadManager:94] STARTED   |                               __update_8020_state
[2018-08-28 16:30:12] DEBUG [libs.Notebook.AR8020:153] check the AR 8020 state in device:8f69c4ae
[2018-08-28 16:30:12] DEBUG [libs.ThreadManager:43] STATE     |                                              NAME
[2018-08-28 16:30:12] DEBUG [libs.ThreadManager:45] DONE      |                               __update_8020_state
[2018-08-28 16:30:12] DEBUG [libs.ThreadManager:94] STARTED   |                               __update_8020_state
[2018-08-28 16:30:12] DEBUG [libs.Notebook.AR8020:153] check the AR 8020 state in device:8f1bdd77
[2018-08-28 16:30:13] DEBUG [libs.ThreadManager:43] STATE     |                                              NAME
[2018-08-28 16:30:13] DEBUG [libs.ThreadManager:45] DONE      |                               __update_8020_state
[2018-08-28 16:30:13] DEBUG [libs.ThreadManager:94] STARTED   |                               __update_8020_state
[2018-08-28 16:30:13] DEBUG [libs.Notebook.AR8020:153] check the AR 8020 state in device:ST12345678
[2018-08-28 16:30:14] DEBUG [libs.ThreadManager:43] STATE     |                                              NAME
[2018-08-28 16:30:14] DEBUG [libs.ThreadManager:45] DONE      |                               __update_8020_state
[2018-08-28 16:30:14] DEBUG [libs.ThreadManager:94] STARTED   |                               __update_8020_state
[2018-08-28 16:30:14] DEBUG [libs.Notebook.AR8020:153] check the AR 8020 state in device:8f1bdd77
[2018-08-28 16:30:15] DEBUG [libs.ThreadManager:43] STATE     |                                              NAME
[2018-08-28 16:30:15] DEBUG [libs.ThreadManager:45] DONE      |                               __update_8020_state
[2018-08-28 16:30:15] DEBUG [libs.ThreadManager:94] STARTED   |                               __update_8020_state
[2018-08-28 16:30:15] DEBUG [libs.Notebook.AR8020:153] check the AR 8020 state in device:8f69c4ae
[2018-08-28 16:30:15] DEBUG [libs.ThreadManager:43] STATE     |                                              NAME
[2018-08-28 16:30:15] DEBUG [libs.ThreadManager:45] DONE      |                               __update_8020_state
[2018-08-28 16:30:15] DEBUG [libs.ThreadManager:94] STARTED   |                               __update_8020_state
[2018-08-28 16:30:15] DEBUG [libs.Notebook.AR8020:153] check the AR 8020 state in device:ST12345678
[2018-08-28 16:30:16] DEBUG [libs.ThreadManager:43] STATE     |                                              NAME
[2018-08-28 16:30:16] DEBUG [libs.ThreadManager:45] DONE      |                               __update_8020_state
[2018-08-28 16:30:16] DEBUG [libs.ThreadManager:94] STARTED   |                               __update_8020_state
[2018-08-28 16:30:16] DEBUG [libs.Notebook.AR8020:153] check the AR 8020 state in device:8f69c4ae
[2018-08-28 16:30:17] DEBUG [libs.ThreadManager:43] STATE     |                                              NAME
[2018-08-28 16:30:17] DEBUG [libs.ThreadManager:45] DONE      |                               __update_8020_state
[2018-08-28 16:30:17] DEBUG [libs.ThreadManager:94] STARTED   |                               __update_8020_state
[2018-08-28 16:30:17] DEBUG [libs.Notebook.AR8020:153] check the AR 8020 state in device:8f69c4ae
[2018-08-28 16:30:20] DEBUG [libs.ThreadManager:43] STATE     |                                              NAME
[2018-08-28 16:30:20] DEBUG [libs.ThreadManager:45] DONE      |                               __update_8020_state
[2018-08-28 16:30:20] DEBUG [libs.ThreadManager:94] STARTED   |                               __update_8020_state
[2018-08-28 16:30:20] DEBUG [libs.Notebook.AR8020:153] check the AR 8020 state in device:8f69c4ae
[2018-08-28 16:30:24] DEBUG [libs.ThreadManager:43] STATE     |                                              NAME
[2018-08-28 16:30:24] DEBUG [libs.ThreadManager:45] DONE      |                               __update_8020_state
[2018-08-28 16:30:24] DEBUG [libs.ThreadManager:94] STARTED   |                               __update_8020_state
[2018-08-28 16:30:24] DEBUG [libs.Notebook.AR8020:153] check the AR 8020 state in device:8f69c4ae
[2018-08-28 16:31:24] DEBUG [libs.ThreadManager:43] STATE     |                                              NAME
[2018-08-28 16:31:24] DEBUG [libs.ThreadManager:45] DONE      |                               __update_8020_state
[2018-08-28 16:31:24] DEBUG [libs.ThreadManager:94] STARTED   |                                           refresh
[2018-08-28 16:31:24] DEBUG [libs.Utility:27] List of devices attached

[2018-08-28 16:31:24] DEBUG [libs.Utility:27] 8f69c4ae	device

[2018-08-28 16:31:24] DEBUG [libs.Utility:27] 

[2018-08-28 16:31:25] DEBUG [libs.ThreadManager:43] STATE     |                                              NAME
[2018-08-28 16:31:25] DEBUG [libs.ThreadManager:45] DONE      |                               __update_8020_state
[2018-08-28 16:31:25] DEBUG [libs.ThreadManager:45] DONE      |                                           refresh
[2018-08-28 16:31:25] DEBUG [libs.ThreadManager:94] STARTED   |                               __update_8020_state
[2018-08-28 16:31:25] DEBUG [libs.Notebook.AR8020:153] check the AR 8020 state in device:8f69c4ae
[2018-08-28 16:31:26] DEBUG [libs.ThreadManager:43] STATE     |                                              NAME
[2018-08-28 16:31:26] DEBUG [libs.ThreadManager:45] DONE      |                               __update_8020_state
[2018-08-28 16:31:26] DEBUG [libs.ThreadManager:45] DONE      |                                           refresh
[2018-08-28 16:31:26] DEBUG [libs.ThreadManager:94] STARTED   |                                           refresh
[2018-08-28 16:31:26] DEBUG [libs.Utility:27] List of devices attached

[2018-08-28 16:31:26] DEBUG [libs.Utility:27] 8f69c4ae	device

[2018-08-28 16:31:26] DEBUG [libs.Utility:27] 

[2018-08-28 16:31:27] DEBUG [libs.ThreadManager:43] STATE     |                                              NAME
[2018-08-28 16:31:27] DEBUG [libs.ThreadManager:45] DONE      |                               __update_8020_state
[2018-08-28 16:31:27] DEBUG [libs.ThreadManager:45] DONE      |                                           refresh
[2018-08-28 16:31:27] DEBUG [libs.ThreadManager:94] STARTED   |                               __update_8020_state
[2018-08-28 16:31:27] DEBUG [libs.Notebook.AR8020:153] check the AR 8020 state in device:8f69c4ae
[2018-08-28 16:31:29] DEBUG [libs.ThreadManager:43] STATE     |                                              NAME
[2018-08-28 16:31:29] DEBUG [libs.ThreadManager:45] DONE      |                               __update_8020_state
[2018-08-28 16:31:29] DEBUG [libs.ThreadManager:45] DONE      |                                           refresh
[2018-08-28 16:31:29] DEBUG [libs.ThreadManager:94] STARTED   |                                           refresh
[2018-08-28 16:31:29] DEBUG [libs.Utility:27] List of devices attached

[2018-08-28 16:31:29] DEBUG [libs.Utility:27] 8f69c4ae	device

[2018-08-28 16:31:29] DEBUG [libs.Utility:27] 

