[2018-09-03 14:16:03] DEBUG [libs.Utility:28] List of devices attached

[2018-09-03 14:16:03] DEBUG [libs.Utility:28] 

[2018-09-03 14:16:03] DEBUG [libs.Utility:28] List of devices attached

[2018-09-03 14:16:03] DEBUG [libs.Utility:28] 

[2018-09-03 14:16:16] DEBUG [libs.ThreadManager:43] STATE     |                                              NAME
[2018-09-03 14:16:16] DEBUG [libs.ThreadManager:94] STARTED   |                                         __refresh
[2018-09-03 14:16:16] DEBUG [libs.Utility:28] List of devices attached

[2018-09-03 14:16:16] DEBUG [libs.Utility:28] 

[2018-09-03 14:16:17] DEBUG [libs.ThreadManager:43] STATE     |                                              NAME
[2018-09-03 14:16:17] DEBUG [libs.ThreadManager:45] DONE      |                                         __refresh
[2018-09-03 14:16:17] DEBUG [libs.ThreadManager:94] STARTED   |                                         __refresh
[2018-09-03 14:16:17] DEBUG [libs.Utility:28] List of devices attached

[2018-09-03 14:16:17] DEBUG [libs.Utility:28] 

[2018-09-03 14:16:17] DEBUG [libs.ThreadManager:43] STATE     |                                              NAME
[2018-09-03 14:16:17] DEBUG [libs.ThreadManager:45] DONE      |                                         __refresh
[2018-09-03 14:16:17] DEBUG [libs.ThreadManager:94] STARTED   |                                         __refresh
[2018-09-03 14:16:17] DEBUG [libs.Utility:28] List of devices attached

[2018-09-03 14:16:17] DEBUG [libs.Utility:28] 

[2018-09-03 14:16:18] DEBUG [libs.ThreadManager:43] STATE     |                                              NAME
[2018-09-03 14:16:18] DEBUG [libs.ThreadManager:45] DONE      |                                         __refresh
[2018-09-03 14:16:18] DEBUG [libs.ThreadManager:94] STARTED   |                                         __refresh
[2018-09-03 14:16:18] DEBUG [libs.Utility:28] List of devices attached

[2018-09-03 14:16:18] DEBUG [libs.Utility:28] 

