[2018-09-03 11:56:50] DEBUG [libs.Utility:27] List of devices attached

[2018-09-03 11:56:50] DEBUG [libs.Utility:27] 8f69c4ae	device

[2018-09-03 11:56:50] DEBUG [libs.Utility:27] 

[2018-09-03 11:56:50] DEBUG [libs.Utility:27] List of devices attached

[2018-09-03 11:56:50] DEBUG [libs.Utility:27] 8f69c4ae	device

[2018-09-03 11:56:50] DEBUG [libs.Utility:27] 

[2018-09-03 11:56:51] DEBUG [libs.ThreadManager:43] STATE     |                                              NAME
[2018-09-03 11:56:51] DEBUG [libs.ThreadManager:94] STARTED   |                               __update_8020_state
[2018-09-03 11:56:51] DEBUG [libs.Notebook.AR8020:291] check the AR 8020 state in device:8f69c4ae
[2018-09-03 11:56:53] INFO [libs.Notebook.AR8020:346] root           827     1   46264  32068 poll_schedule_timeout 7218801558 S uart_log	>	pid:827
[2018-09-03 11:56:56] INFO [libs.Notebook.AR8020:346] root          3588     1   46264  31900 poll_schedule_timeout 7cfb60b558 S uart_log	>	pid:3588
[2018-09-03 11:56:56] INFO [libs.Notebook.AR8020:346] root          3589  3576   46264  31888 wait_woken 7a0af50f90 S uart_log	>	pid:3589
[2018-09-03 11:57:04] DEBUG [libs.ThreadManager:43] STATE     |                                              NAME
[2018-09-03 11:57:04] DEBUG [libs.ThreadManager:45] DONE      |                               __update_8020_state
[2018-09-03 11:57:04] DEBUG [libs.ThreadManager:94] STARTED   |                               __update_8020_state
[2018-09-03 11:57:04] DEBUG [libs.Notebook.AR8020:291] check the AR 8020 state in device:8f69c4ae
[2018-09-03 11:57:05] DEBUG [libs.ThreadManager:43] STATE     |                                              NAME
[2018-09-03 11:57:05] DEBUG [libs.ThreadManager:45] DONE      |                               __update_8020_state
[2018-09-03 11:57:05] DEBUG [libs.ThreadManager:94] STARTED   |                               __update_8020_state
[2018-09-03 11:57:05] DEBUG [libs.Notebook.AR8020:291] check the AR 8020 state in device:8f69c4ae
[2018-09-03 11:57:15] DEBUG [libs.ThreadManager:43] STATE     |                                              NAME
[2018-09-03 11:57:15] DEBUG [libs.ThreadManager:45] DONE      |                               __update_8020_state
[2018-09-03 11:57:15] DEBUG [libs.ThreadManager:94] STARTED   |                               __update_8020_state
[2018-09-03 11:57:15] DEBUG [libs.Notebook.AR8020:291] check the AR 8020 state in device:8f69c4ae
[2018-09-03 11:57:25] INFO [libs.Notebook.AR8020:346] root          3610  3576   46264  31888 poll_schedule_timeout 7098393558 S uart_log	>	pid:3610
[2018-09-03 11:57:25] INFO [libs.Notebook.AR8020:346] root          3614     1   46264  31896 poll_schedule_timeout 7d35092558 S uart_log	>	pid:3614
