[2018-08-31 16:10:31] DEBUG [libs.Utility:27] List of devices attached

[2018-08-31 16:10:31] DEBUG [libs.Utility:27] 8f69c4ae	device

[2018-08-31 16:10:31] DEBUG [libs.Utility:27] 

[2018-08-31 16:10:31] DEBUG [libs.Utility:27] List of devices attached

[2018-08-31 16:10:31] DEBUG [libs.Utility:27] 8f69c4ae	device

[2018-08-31 16:10:31] DEBUG [libs.Utility:27] 

[2018-08-31 16:10:35] INFO [libs.Notebook.AR8020:313] root          4721     1   46264  31888 poll_schedule_timeout 7b4868f558 S uart_log	>	pid:4721
[2018-08-31 16:10:35] INFO [libs.Notebook.AR8020:313] root          4722  3704   46264  31884 poll_schedule_timeout 7552477558 S uart_log	>	pid:4722
[2018-08-31 16:10:39] INFO [libs.Notebook.AR8020:313] root          4734     1   46264  31912 poll_schedule_timeout 76ba405558 S uart_log	>	pid:4734
[2018-08-31 16:10:39] INFO [libs.Notebook.AR8020:313] root          4739  3704   46264  31904 poll_schedule_timeout 79351ac558 S uart_log	>	pid:4739
[2018-08-31 16:10:42] DEBUG [libs.ThreadManager:43] STATE     |                                              NAME
[2018-08-31 16:10:42] DEBUG [libs.ThreadManager:94] STARTED   |                               __update_8020_state
[2018-08-31 16:10:42] DEBUG [libs.Notebook.AR8020:263] check the AR 8020 state in device:8f69c4ae
[2018-08-31 16:10:44] INFO [libs.Notebook.AR8020:313] root          4752     1   46264  31888 poll_schedule_timeout 7bb3979558 S uart_log	>	pid:4752
[2018-08-31 16:10:46] DEBUG [libs.ThreadManager:43] STATE     |                                              NAME
[2018-08-31 16:10:46] DEBUG [libs.ThreadManager:45] DONE      |                               __update_8020_state
[2018-08-31 16:10:46] DEBUG [libs.ThreadManager:94] STARTED   |                               __update_8020_state
[2018-08-31 16:10:46] DEBUG [libs.Notebook.AR8020:263] check the AR 8020 state in device:8f69c4ae
[2018-08-31 16:10:47] DEBUG [libs.ThreadManager:43] STATE     |                                              NAME
[2018-08-31 16:10:47] DEBUG [libs.ThreadManager:45] DONE      |                               __update_8020_state
[2018-08-31 16:10:47] DEBUG [libs.ThreadManager:94] STARTED   |                               __update_8020_state
[2018-08-31 16:10:47] DEBUG [libs.Notebook.AR8020:263] check the AR 8020 state in device:8f69c4ae
[2018-08-31 16:10:49] INFO [libs.Notebook.AR8020:313] root          4763  3704   46264  31884 poll_schedule_timeout 783a0cb558 S uart_log	>	pid:4763
[2018-08-31 16:10:49] INFO [libs.Notebook.AR8020:313] root          4767     1   46264  31888 poll_schedule_timeout 753dc11558 S uart_log	>	pid:4767
