[2018-08-31 16:27:09] DEBUG [libs.Utility:27] List of devices attached

[2018-08-31 16:27:09] DEBUG [libs.Utility:27] 8f69c4ae	device

[2018-08-31 16:27:09] DEBUG [libs.Utility:27] 

[2018-08-31 16:27:09] DEBUG [libs.Utility:27] List of devices attached

[2018-08-31 16:27:09] DEBUG [libs.Utility:27] 8f69c4ae	device

[2018-08-31 16:27:09] DEBUG [libs.Utility:27] 

[2018-08-31 16:29:57] DEBUG [libs.ThreadManager:43] STATE     |                                              NAME
[2018-08-31 16:29:57] DEBUG [libs.ThreadManager:94] STARTED   |                               __update_8020_state
[2018-08-31 16:29:57] DEBUG [libs.Notebook.AR8020:305] check the AR 8020 state in device:8f69c4ae
[2018-08-31 16:30:10] DEBUG [libs.ThreadManager:43] STATE     |                                              NAME
[2018-08-31 16:30:10] DEBUG [libs.ThreadManager:45] DONE      |                               __update_8020_state
[2018-08-31 16:30:10] DEBUG [libs.ThreadManager:94] STARTED   |                                           refresh
[2018-08-31 16:30:10] DEBUG [libs.Utility:27] List of devices attached

[2018-08-31 16:30:10] DEBUG [libs.Utility:27] 8f69c4ae	device

[2018-08-31 16:30:10] DEBUG [libs.Utility:27] 

[2018-08-31 16:30:17] INFO [libs.Notebook.AR8020:360] root          5079  3704   46264  31880 poll_schedule_timeout 7d0158b558 S uart_log	>	pid:5079
[2018-08-31 16:30:17] INFO [libs.Notebook.AR8020:360] root          5080     1   46264  31908 poll_schedule_timeout 7b5d8ad558 S uart_log	>	pid:5080
[2018-08-31 16:30:20] DEBUG [libs.ThreadManager:43] STATE     |                                              NAME
[2018-08-31 16:30:20] DEBUG [libs.ThreadManager:45] DONE      |                               __update_8020_state
[2018-08-31 16:30:20] DEBUG [libs.ThreadManager:45] DONE      |                                           refresh
[2018-08-31 16:30:20] DEBUG [libs.ThreadManager:94] STARTED   |                               __update_8020_state
[2018-08-31 16:30:20] DEBUG [libs.Notebook.AR8020:305] check the AR 8020 state in device:8f69c4ae
[2018-08-31 16:30:21] DEBUG [libs.ThreadManager:43] STATE     |                                              NAME
[2018-08-31 16:30:21] DEBUG [libs.ThreadManager:45] DONE      |                               __update_8020_state
[2018-08-31 16:30:21] DEBUG [libs.ThreadManager:45] DONE      |                                           refresh
[2018-08-31 16:30:21] DEBUG [libs.ThreadManager:94] STARTED   |                               __update_8020_state
[2018-08-31 16:30:21] DEBUG [libs.Notebook.AR8020:305] check the AR 8020 state in device:8f69c4ae
