[2018-09-03 14:21:59] DEBUG [libs.Utility:28] List of devices attached

[2018-09-03 14:21:59] DEBUG [libs.Utility:28] 

[2018-09-03 14:21:59] DEBUG [libs.Utility:28] List of devices attached

[2018-09-03 14:21:59] DEBUG [libs.Utility:28] 

[2018-09-03 14:22:12] DEBUG [libs.ThreadManager:43] STATE     |                                              NAME
[2018-09-03 14:22:12] DEBUG [libs.ThreadManager:94] STARTED   |                                         __refresh
[2018-09-03 14:22:13] DEBUG [libs.Utility:28] List of devices attached

[2018-09-03 14:22:13] DEBUG [libs.Utility:28] 

[2018-09-03 14:22:13] DEBUG [libs.ThreadManager:43] STATE     |                                              NAME
[2018-09-03 14:22:13] DEBUG [libs.ThreadManager:45] DONE      |                                         __refresh
[2018-09-03 14:22:13] DEBUG [libs.ThreadManager:94] STARTED   |                                         __refresh
[2018-09-03 14:22:13] DEBUG [libs.Utility:28] List of devices attached

[2018-09-03 14:22:13] DEBUG [libs.Utility:28] 

[2018-09-03 14:22:13] DEBUG [libs.ThreadManager:43] STATE     |                                              NAME
[2018-09-03 14:22:13] DEBUG [libs.ThreadManager:45] DONE      |                                         __refresh
[2018-09-03 14:22:13] DEBUG [libs.ThreadManager:94] STARTED   |                                         __refresh
[2018-09-03 14:22:13] DEBUG [libs.Utility:28] List of devices attached

[2018-09-03 14:22:13] DEBUG [libs.Utility:28] 

[2018-09-03 14:22:13] DEBUG [libs.ThreadManager:43] STATE     |                                              NAME
[2018-09-03 14:22:13] DEBUG [libs.ThreadManager:45] DONE      |                                         __refresh
[2018-09-03 14:22:13] DEBUG [libs.ThreadManager:94] STARTED   |                                         __refresh
[2018-09-03 14:22:14] DEBUG [libs.Utility:28] List of devices attached

[2018-09-03 14:22:14] DEBUG [libs.Utility:28] 

[2018-09-03 14:22:14] DEBUG [libs.ThreadManager:43] STATE     |                                              NAME
[2018-09-03 14:22:14] DEBUG [libs.ThreadManager:45] DONE      |                                         __refresh
[2018-09-03 14:22:14] DEBUG [libs.ThreadManager:94] STARTED   |                                         __refresh
[2018-09-03 14:22:14] DEBUG [libs.Utility:28] List of devices attached

[2018-09-03 14:22:14] DEBUG [libs.Utility:28] 

[2018-09-03 14:22:16] DEBUG [libs.ThreadManager:43] STATE     |                                              NAME
[2018-09-03 14:22:16] DEBUG [libs.ThreadManager:45] DONE      |                                         __refresh
[2018-09-03 14:22:16] DEBUG [libs.ThreadManager:94] STARTED   |                                         __refresh
[2018-09-03 14:22:16] DEBUG [libs.Utility:28] List of devices attached

[2018-09-03 14:22:16] DEBUG [libs.Utility:28] 

