[2018-08-31 10:39:25] DEBUG [libs.Utility:27] List of devices attached

[2018-08-31 10:39:25] DEBUG [libs.Utility:27] 8f69c4ae	device

[2018-08-31 10:39:25] DEBUG [libs.Utility:27] 

[2018-08-31 10:39:26] DEBUG [libs.Utility:27] List of devices attached

[2018-08-31 10:39:26] DEBUG [libs.Utility:27] 8f69c4ae	device

[2018-08-31 10:39:26] DEBUG [libs.Utility:27] 

[2018-08-31 10:39:28] DEBUG [libs.ThreadManager:43] STATE     |                                              NAME
[2018-08-31 10:39:28] DEBUG [libs.ThreadManager:94] STARTED   |                               __update_8020_state
[2018-08-31 10:39:28] DEBUG [libs.Notebook.AR8020:238] check the AR 8020 state in device:8f69c4ae
[2018-08-31 10:39:29] DEBUG [libs.ThreadManager:43] STATE     |                                              NAME
[2018-08-31 10:39:29] DEBUG [libs.ThreadManager:45] DONE      |                               __update_8020_state
[2018-08-31 10:39:29] DEBUG [libs.ThreadManager:94] STARTED   |                               __update_8020_state
[2018-08-31 10:39:29] DEBUG [libs.Notebook.AR8020:238] check the AR 8020 state in device:8f69c4ae
[2018-08-31 10:39:31] DEBUG [libs.ThreadManager:43] STATE     |                                              NAME
[2018-08-31 10:39:31] DEBUG [libs.ThreadManager:45] DONE      |                               __update_8020_state
[2018-08-31 10:39:31] DEBUG [libs.ThreadManager:94] STARTED   |                                 __refresh_devices
[2018-08-31 10:39:31] DEBUG [libs.Utility:27] List of devices attached

[2018-08-31 10:39:31] DEBUG [libs.Utility:27] 8f69c4ae	device

[2018-08-31 10:39:31] DEBUG [libs.Utility:27] 

[2018-08-31 10:39:31] DEBUG [libs.Notebook.AR8020:238] check the AR 8020 state in device:8f69c4ae
